[ 2018-05-02T17:57:53+08:00 ] 119.123.157.145 /index.php?g=Asset&m=Ueditor&a=upload&action=uploadimage
INFO: [ app_begin ] --START--
INFO: Run Behavior\ReadHtmlCacheBehavior [ RunTime:0.000383s ]
INFO: Run Behavior\CheckLangBehavior [ RunTime:0.000505s ]
INFO: [ app_begin ] --END-- [ RunTime:0.001152s ]
NOTIC: [2] call_user_func() expects parameter 1 to be a valid callback, no array or string given /home/wwwroot/default/simplewind/Core/Library/Think/Upload.class.php 第 171 行.
NOTIC: [8] Undefined index: Expires /home/wwwroot/default/simplewind/Core/Library/Think/Upload/Driver/Qiniu/QiniuStorage.class.php 第 45 行.
NOTIC: [8] Undefined index: saveName /home/wwwroot/default/simplewind/Core/Library/Think/Upload/Driver/Qiniu/QiniuStorage.class.php 第 80 行.
NOTIC: [8] Undefined index: custom_fields /home/wwwroot/default/simplewind/Core/Library/Think/Upload/Driver/Qiniu/QiniuStorage.class.php 第 83 行.

[ 2018-05-02T17:58:08+08:00 ] 119.123.157.145 /index.php?g=Asset&m=Ueditor&a=upload&action=uploadimage
INFO: [ app_begin ] --START--
INFO: Run Behavior\ReadHtmlCacheBehavior [ RunTime:0.000508s ]
INFO: Run Behavior\CheckLangBehavior [ RunTime:0.000515s ]
INFO: [ app_begin ] --END-- [ RunTime:0.001379s ]
NOTIC: [2] call_user_func() expects parameter 1 to be a valid callback, no array or string given /home/wwwroot/default/simplewind/Core/Library/Think/Upload.class.php 第 171 行.
NOTIC: [8] Undefined index: Expires /home/wwwroot/default/simplewind/Core/Library/Think/Upload/Driver/Qiniu/QiniuStorage.class.php 第 45 行.
NOTIC: [8] Undefined index: saveName /home/wwwroot/default/simplewind/Core/Library/Think/Upload/Driver/Qiniu/QiniuStorage.class.php 第 80 行.
NOTIC: [8] Undefined index: custom_fields /home/wwwroot/default/simplewind/Core/Library/Think/Upload/Driver/Qiniu/QiniuStorage.class.php 第 83 行.

[ 2018-05-02T17:58:34+08:00 ] 119.123.157.145 /index.php?g=Asset&m=Ueditor&a=upload&action=uploadimage
INFO: [ app_begin ] --START--
INFO: Run Behavior\ReadHtmlCacheBehavior [ RunTime:0.000387s ]
INFO: Run Behavior\CheckLangBehavior [ RunTime:0.000513s ]
INFO: [ app_begin ] --END-- [ RunTime:0.001169s ]
NOTIC: [2] call_user_func() expects parameter 1 to be a valid callback, no array or string given /home/wwwroot/default/simplewind/Core/Library/Think/Upload.class.php 第 171 行.
NOTIC: [8] Undefined index: Expires /home/wwwroot/default/simplewind/Core/Library/Think/Upload/Driver/Qiniu/QiniuStorage.class.php 第 45 行.
NOTIC: [8] Undefined index: saveName /home/wwwroot/default/simplewind/Core/Library/Think/Upload/Driver/Qiniu/QiniuStorage.class.php 第 80 行.
NOTIC: [8] Undefined index: custom_fields /home/wwwroot/default/simplewind/Core/Library/Think/Upload/Driver/Qiniu/QiniuStorage.class.php 第 83 行.

[ 2018-05-02T17:58:53+08:00 ] 119.123.157.145 /index.php?g=Asset&m=Ueditor&a=upload&action=uploadimage
INFO: [ app_begin ] --START--
INFO: Run Behavior\ReadHtmlCacheBehavior [ RunTime:0.000374s ]
INFO: Run Behavior\CheckLangBehavior [ RunTime:0.000538s ]
INFO: [ app_begin ] --END-- [ RunTime:0.001251s ]
NOTIC: [2] call_user_func() expects parameter 1 to be a valid callback, no array or string given /home/wwwroot/default/simplewind/Core/Library/Think/Upload.class.php 第 171 行.
NOTIC: [8] Undefined index: Expires /home/wwwroot/default/simplewind/Core/Library/Think/Upload/Driver/Qiniu/QiniuStorage.class.php 第 45 行.
NOTIC: [8] Undefined index: saveName /home/wwwroot/default/simplewind/Core/Library/Think/Upload/Driver/Qiniu/QiniuStorage.class.php 第 80 行.
NOTIC: [8] Undefined index: custom_fields /home/wwwroot/default/simplewind/Core/Library/Think/Upload/Driver/Qiniu/QiniuStorage.class.php 第 83 行.

[ 2018-05-02T17:59:23+08:00 ] 119.123.157.145 /index.php?g=Asset&m=Ueditor&a=upload&action=uploadimage
INFO: [ app_begin ] --START--
INFO: Run Behavior\ReadHtmlCacheBehavior [ RunTime:0.000383s ]
INFO: Run Behavior\CheckLangBehavior [ RunTime:0.000510s ]
INFO: [ app_begin ] --END-- [ RunTime:0.001161s ]
NOTIC: [2] call_user_func() expects parameter 1 to be a valid callback, no array or string given /home/wwwroot/default/simplewind/Core/Library/Think/Upload.class.php 第 171 行.
NOTIC: [8] Undefined index: Expires /home/wwwroot/default/simplewind/Core/Library/Think/Upload/Driver/Qiniu/QiniuStorage.class.php 第 45 行.
NOTIC: [8] Undefined index: saveName /home/wwwroot/default/simplewind/Core/Library/Think/Upload/Driver/Qiniu/QiniuStorage.class.php 第 80 行.
NOTIC: [8] Undefined index: custom_fields /home/wwwroot/default/simplewind/Core/Library/Think/Upload/Driver/Qiniu/QiniuStorage.class.php 第 83 行.

[ 2018-05-02T17:59:33+08:00 ] 119.123.157.145 /index.php?g=Asset&m=Ueditor&a=upload&action=uploadimage
INFO: [ app_begin ] --START--
INFO: Run Behavior\ReadHtmlCacheBehavior [ RunTime:0.000403s ]
INFO: Run Behavior\CheckLangBehavior [ RunTime:0.000502s ]
INFO: [ app_begin ] --END-- [ RunTime:0.001216s ]
NOTIC: [2] call_user_func() expects parameter 1 to be a valid callback, no array or string given /home/wwwroot/default/simplewind/Core/Library/Think/Upload.class.php 第 171 行.
NOTIC: [8] Undefined index: Expires /home/wwwroot/default/simplewind/Core/Library/Think/Upload/Driver/Qiniu/QiniuStorage.class.php 第 45 行.
NOTIC: [8] Undefined index: saveName /home/wwwroot/default/simplewind/Core/Library/Think/Upload/Driver/Qiniu/QiniuStorage.class.php 第 80 行.
NOTIC: [8] Undefined index: custom_fields /home/wwwroot/default/simplewind/Core/Library/Think/Upload/Driver/Qiniu/QiniuStorage.class.php 第 83 行.

[ 2018-05-02T18:00:19+08:00 ] 119.123.157.145 /index.php?g=Asset&m=Ueditor&a=upload&action=uploadimage
INFO: [ app_begin ] --START--
INFO: Run Behavior\ReadHtmlCacheBehavior [ RunTime:0.000375s ]
INFO: Run Behavior\CheckLangBehavior [ RunTime:0.000503s ]
INFO: [ app_begin ] --END-- [ RunTime:0.001139s ]
NOTIC: [2] call_user_func() expects parameter 1 to be a valid callback, no array or string given /home/wwwroot/default/simplewind/Core/Library/Think/Upload.class.php 第 171 行.
NOTIC: [8] Undefined index: Expires /home/wwwroot/default/simplewind/Core/Library/Think/Upload/Driver/Qiniu/QiniuStorage.class.php 第 45 行.
NOTIC: [8] Undefined index: saveName /home/wwwroot/default/simplewind/Core/Library/Think/Upload/Driver/Qiniu/QiniuStorage.class.php 第 80 行.
NOTIC: [8] Undefined index: custom_fields /home/wwwroot/default/simplewind/Core/Library/Think/Upload/Driver/Qiniu/QiniuStorage.class.php 第 83 行.

[ 2018-05-02T18:00:35+08:00 ] 119.123.157.145 /index.php?g=Asset&m=Ueditor&a=upload&action=uploadimage
INFO: [ app_begin ] --START--
INFO: Run Behavior\ReadHtmlCacheBehavior [ RunTime:0.000542s ]
INFO: Run Behavior\CheckLangBehavior [ RunTime:0.000705s ]
INFO: [ app_begin ] --END-- [ RunTime:0.001626s ]
NOTIC: [2] call_user_func() expects parameter 1 to be a valid callback, no array or string given /home/wwwroot/default/simplewind/Core/Library/Think/Upload.class.php 第 171 行.
NOTIC: [8] Undefined index: Expires /home/wwwroot/default/simplewind/Core/Library/Think/Upload/Driver/Qiniu/QiniuStorage.class.php 第 45 行.
NOTIC: [8] Undefined index: saveName /home/wwwroot/default/simplewind/Core/Library/Think/Upload/Driver/Qiniu/QiniuStorage.class.php 第 80 行.
NOTIC: [8] Undefined index: custom_fields /home/wwwroot/default/simplewind/Core/Library/Think/Upload/Driver/Qiniu/QiniuStorage.class.php 第 83 行.

