2018-02-03 00:09:50|DEBUG|succeed to upload file to qiniu|{"hash":"FizfmMIf_PhCeZPSujkUX6A3Yg3F","key":"20180203000950_c68df44b8217374a56acf284d8f90541"}
2018-02-03 00:10:14|DEBUG|succeed to upload file to qiniu|{"hash":"FlQuGBtCfbibuJWLh7qMvf2qISrK","key":"20180203001014_03c2add75b744795e8d92afad58f81d7"}
2018-02-03 00:10:53|DEBUG|succeed to upload file to qiniu|{"hash":"Fjttkrx_IgQ_Lca2U6UpEOJGAGlD","key":"20180203001053_2bf4d7de6305b5c4fe9a0709f2021c7f"}
2018-02-03 00:13:54|DEBUG|succeed to upload file to qiniu|{"hash":"FuPLIXqEBD2DywnJq3WvfTwhP06w","key":"20180203001354_9793f41189db8d486ff99e0c0a07c7be"}
2018-02-03 00:14:49|DEBUG|succeed to upload file to qiniu|{"hash":"FoBLgjHgBqtYlJTWI4l6NtdLzEcC","key":"20180203001449_1d324a16767f14be4883ed8b717d5fe9"}
2018-02-03 03:13:44|DEBUG|succeed to upload file to qiniu|{"hash":"FukKlrpn7pebaSSXKehAAGJJU5Wc","key":"20180203031344_3af8ee2a56a423d4037c306a8f692889"}
2018-02-03 05:16:37|DEBUG|succeed to upload file to qiniu|{"hash":"FnOixB_OStkrTPmQ6Y3aHJe2EET_","key":"20180203051637_78bc9877c5498d43729a264ac2aad3bc"}
2018-02-03 11:28:02|DEBUG|succeed to upload file to qiniu|{"hash":"FqhuxKTWMPdNLSsWANJE8PAkyySP","key":"20180203112802_eaa7b0faae172892b1816ba09f362b84"}
2018-02-03 12:27:10|DEBUG|succeed to upload file to qiniu|{"hash":"Fr6iEEdbG6pZouNmE52vsUCP8M8F","key":"20180203122710_2fe46a233cd1d93acba208817ae16974"}
2018-02-03 14:45:29|DEBUG|succeed to upload file to qiniu|{"hash":"FrgC6oyvCjDAGEemi1GcwXFS6PgU","key":"20180203144528_a1ed1cf1993ef156fc04587dcee1bf95"}
2018-02-03 15:51:01|DEBUG|succeed to upload file to qiniu|{"hash":"FjxYwVyqYUSOewxcAJrlvV3KBFVC","key":"20180203155101_4138a93d6be849275c0dbf8dba752810"}
2018-02-03 16:27:14|DEBUG|succeed to upload file to qiniu|{"hash":"FqWl4fHiBFF_94NuVgszw1Rvd-qO","key":"20180203162714_bf2cc13d850157367374e46ded3573dc"}
2018-02-03 16:27:39|DEBUG|succeed to upload file to qiniu|{"hash":"FqWl4fHiBFF_94NuVgszw1Rvd-qO","key":"20180203162739_c7892ec35c0c7403c3c06664657abb7a"}
2018-02-03 16:56:09|DEBUG|succeed to upload file to qiniu|{"hash":"FkhxGmqf8uS2UXrjj609hbgH4bhy","key":"20180203165609_9861de0bf01da3464aa956c3724ad30f"}
2018-02-03 17:28:50|DEBUG|succeed to upload file to qiniu|{"hash":"FpHny2LvE4ArC2r8op1oEVhQH3EC","key":"20180203172850_2736cb13052697dd231b3cfa96d49be8"}
2018-02-03 18:48:02|DEBUG|succeed to upload file to qiniu|{"hash":"FkUpZghnb-sJuoZLJAHOURByny0v","key":"20180203184801_3607acfa8e719c5cd8adfc9843885697"}
2018-02-03 19:24:40|DEBUG|succeed to upload file to qiniu|{"hash":"Fj2MAiVKkEvmXz2ZubrCRTRobntT","key":"20180203192440_3156982c36986a3070664a16cc600b1b"}
2018-02-03 20:18:36|DEBUG|succeed to upload file to qiniu|{"hash":"FpraNDB9bqzV3UCB-oVZnUnUKI-S","key":"20180203201836_8ef87a5ca4ebd72857a0792d81154819"}
2018-02-03 20:18:47|DEBUG|succeed to upload file to qiniu|{"hash":"FnnkQ0EUBt9oMc6QjCai2uc3W1vs","key":"20180203201847_56a1ef6ef88bb8e661c6332cb4ad5b1e"}
2018-02-03 20:18:58|DEBUG|succeed to upload file to qiniu|{"hash":"FsGSjd9fTcx4VlZXBodRJOTbtT0J","key":"20180203201858_b063821f12ba42d0ea49c1aac1d4403b"}
2018-02-03 23:01:28|DEBUG|succeed to upload file to qiniu|{"hash":"FtHZKVoISET4FgbJtCCywR5r2VKz","key":"20180203230128_bab7f5f8d44cb80e37e6c456f816b779"}
2018-02-03 23:53:03|DEBUG|succeed to upload file to qiniu|{"hash":"FlusW-mOy91cDaPt9IT6ot2CFNSG","key":"20180203235303_d046c473d2a4971648d3a80c767b47b4"}
