2018-02-24 00:57:15|DEBUG|succeed to upload file to qiniu|{"hash":"FvAxvcjS_j7KRWh1PiqzIypVbrJr","key":"20180224005715_9f840dd49b13940bcf1ff5cc83ea95ff"}
2018-02-24 00:57:24|DEBUG|succeed to upload file to qiniu|{"hash":"FvWaZB6URWHSFaNYj-UB5ycM1o_i","key":"20180224005724_aff8214f6b2cf8944e55c6d47f1f1fb0"}
2018-02-24 00:57:37|DEBUG|succeed to upload file to qiniu|{"hash":"FstklbnjCzQvleBJVCHR6SWTtuPv","key":"20180224005736_bca5f6b14368c57aca46b1486dec996f"}
2018-02-24 01:57:46|DEBUG|succeed to upload file to qiniu|{"hash":"FpnW2kvc4G-OyejIxN7ghOvSum9M","key":"20180224015746_b744481b4ba6de1230936d6915e9effb"}
2018-02-24 02:06:23|DEBUG|succeed to upload file to qiniu|{"hash":"Fst_B83hdbHc7XROQXCPSwiDRxgR","key":"20180224020623_c419fee1003973edb5cb48d3b80f0781"}
2018-02-24 02:06:30|DEBUG|succeed to upload file to qiniu|{"hash":"Fr1lfQdtkwUI9A8DCMhgNj-ys1Hy","key":"20180224020630_c1ac8fda9e74da7c372e7d590142a359"}
2018-02-24 02:06:38|DEBUG|succeed to upload file to qiniu|{"hash":"FlaoSCoLpGnT_NtrJUGOKsI6K2co","key":"20180224020638_efe038e178d0d341740265730c20491d"}
2018-02-24 02:06:50|DEBUG|succeed to upload file to qiniu|{"hash":"FmeBPz6s4emZOvWLT3Ibm6YIdn2c","key":"20180224020650_6863a7f17071ce37725678492c11a9f6"}
2018-02-24 02:07:08|DEBUG|succeed to upload file to qiniu|{"hash":"Fop5a_T5IuL2rxlqeG6H87lyCehD","key":"20180224020708_5cfd463d0cfa80d1b94b33cb9b95599c"}
2018-02-24 02:07:20|DEBUG|succeed to upload file to qiniu|{"hash":"Fo9wbG5qrMj29LUB40vbNyIbfaxf","key":"20180224020720_a3aa14d3d2b637196221aa5f8945f39a"}
2018-02-24 02:07:44|DEBUG|succeed to upload file to qiniu|{"hash":"Fp-OZIQT5oPMA4wRofEKLxaClcYp","key":"20180224020744_29d2af34110446996127d40affa57193"}
2018-02-24 02:08:07|DEBUG|succeed to upload file to qiniu|{"hash":"Fm0bEg2dlOU8KDTn6o5pqh7NUE3Q","key":"20180224020806_dc46c626167abca06cafa20e87a65f7e"}
2018-02-24 02:10:15|DEBUG|succeed to upload file to qiniu|{"hash":"Ft7J6Y9foS_o6JHN44ltryNtbCef","key":"20180224021015_b4a782ca1023141f056bdcfa121c121b"}
2018-02-24 04:00:18|DEBUG|succeed to upload file to qiniu|{"hash":"FtcqBVrp2JX56GxC9KX3NTSU5wzu","key":"20180224040018_c60ab8ee19aaa005d3d2e48c58dab300"}
2018-02-24 04:01:41|DEBUG|succeed to upload file to qiniu|{"hash":"FtC3FZQiTnlIcZBm4NktecxXLVui","key":"20180224040140_e865f19638ae71989d7cf61072a4cd08"}
2018-02-24 11:58:40|DEBUG|succeed to upload file to qiniu|{"hash":"FsseoQ9N0qSob6xeSr_deKs3Lha7","key":"20180224115840_087d453e593037d58b9392496e7cfdec"}
2018-02-24 16:05:31|DEBUG|succeed to upload file to qiniu|{"hash":"FvrMPvKjF3GsF6c9djqLYsLzWhGT","key":"20180224160531_36041c4e30554310d3340f980c836032"}
2018-02-24 16:11:09|DEBUG|succeed to upload file to qiniu|{"hash":"Fkh7euF35Zkr53sjZGrTZbOF5k0i","key":"20180224161109_6ff298139f88e4f0d21403e4492936b4"}
2018-02-24 22:42:31|DEBUG|succeed to upload file to qiniu|{"hash":"Fp08WLEl1Zd2_XXSwSxxlxEfdgP2","key":"20180224224230_3bb5f12c813c58e31052ca96ef21127b"}
2018-02-24 23:58:01|DEBUG|succeed to upload file to qiniu|{"hash":"FtzbW94vZrUYFLnNIDktdp5PzUZb","key":"20180224235801_be00c0c00c785896b7595be1b2f0ef20"}
