2018-02-05 00:36:37|DEBUG|succeed to upload file to qiniu|{"hash":"FmplBlCkStGGZGqnJ4wzkZGNL_N8","key":"20180205003637_73391a6fafb76dfb5e386724f076090b"}
2018-02-05 00:57:28|DEBUG|succeed to upload file to qiniu|{"hash":"Fslec6xVOVKAqNNka-b1vSj3Afii","key":"20180205005728_65b09bb9249f151b45d0296fc457196a"}
2018-02-05 02:28:33|DEBUG|succeed to upload file to qiniu|{"hash":"FjrOz0UT7smu4VJK_oJONdllCC9d","key":"20180205022833_fb62bc63778e4bb9b06d842d6f713d73"}
2018-02-05 03:11:09|DEBUG|succeed to upload file to qiniu|{"hash":"FlcrqyW-LzLBE0Wdj3d6A1yYpw88","key":"20180205031109_0be3ffcc81d6e34da66cdccf3ce602aa"}
2018-02-05 03:39:17|DEBUG|succeed to upload file to qiniu|{"hash":"Fij0aK80Vqk1JGb3uLy4Ek3H6LKx","key":"20180205033917_533571c186fbc08a9707d4047b526daf"}
2018-02-05 03:40:57|DEBUG|succeed to upload file to qiniu|{"hash":"FhteZV3mFXxeELWqoBZzORIeA7IY","key":"20180205034057_a3d88f9cf21517771e890ebcd745c365"}
2018-02-05 09:05:35|DEBUG|succeed to upload file to qiniu|{"hash":"FqEcWG-4C9LqliEhJGFXgX2aLjqd","key":"20180205090535_2e77ee2148f86e71c64a66146fe1dd3a"}
2018-02-05 13:05:56|DEBUG|succeed to upload file to qiniu|{"hash":"FpVqQjr8maNeFL-ouTOHwg6n0BIo","key":"20180205130556_dfa6c514555327e8ea85c2938905f59d"}
2018-02-05 14:32:07|DEBUG|succeed to upload file to qiniu|{"hash":"Fm3Md4r9WvefVhWFmjHZDPooA7rn","key":"20180205143207_ada3152b496f6e67b27f8cd78e7414bd"}
2018-02-05 14:32:18|DEBUG|succeed to upload file to qiniu|{"hash":"FuIpUGYOx4OTqyb_4OLSHd6GR-Fy","key":"20180205143218_d2bbc857a21d791f72532dcabcc75c26"}
2018-02-05 14:56:56|DEBUG|succeed to upload file to qiniu|{"hash":"FuTh7b4Z6pDq9Yv37PDAaL7__1Rp","key":"20180205145656_242010f0a07c45aa6ed85dd923984437"}
2018-02-05 16:26:09|DEBUG|succeed to upload file to qiniu|{"hash":"Fj-YI535uQWT5TuPe5KV_56Jav79","key":"20180205162609_b063f24c7f0bf77f28756e8b6532f505"}
2018-02-05 16:27:21|DEBUG|succeed to upload file to qiniu|{"hash":"FqBmjZpo9JQPsxZcP8tvgIJLO0ly","key":"20180205162721_1ee6ff8bd5695c67166e388cb63039be"}
2018-02-05 17:02:14|DEBUG|succeed to upload file to qiniu|{"hash":"FhCBi2Y_s0LJQ9XVVKBb_UG3MNNY","key":"20180205170214_20e84055e8e06efd180e329b94bceb32"}
2018-02-05 17:29:05|DEBUG|succeed to upload file to qiniu|{"hash":"FvuAfBp1h9oBjnNMHDk6NiAMo3o4","key":"20180205172905_d10df6dee68b3e5f8b1bfc86cf605be6"}
2018-02-05 17:31:04|DEBUG|succeed to upload file to qiniu|{"hash":"FirV5UQbj5bTrVtlUlC-abgkOCfN","key":"20180205173104_69c69f886b5ab58b4210b73d00341c73"}
2018-02-05 17:42:18|DEBUG|succeed to upload file to qiniu|{"hash":"FpuKJWePBPUBuuI9e4tWN-jnnnbT","key":"20180205174218_d4fcba4d98dfa829bcc5159aab061479"}
2018-02-05 18:23:39|DEBUG|succeed to upload file to qiniu|{"hash":"FuWpOLoaNKZ8g-kFBCcUieaXH_H6","key":"20180205182339_83397668f7e471447dd6d01a2353c568"}
2018-02-05 18:40:35|DEBUG|succeed to upload file to qiniu|{"hash":"FrmzX6XukSV9ARB8sfp3NLcsT_DP","key":"20180205184035_902a7b31c2d43f25dd11b9394c35abf5"}
2018-02-05 18:47:37|DEBUG|succeed to upload file to qiniu|{"hash":"FrGqrhxWQhjsktc4ZhjuY57AMqRM","key":"20180205184737_3e804497c70015520bd7a10a2426b1c8"}
2018-02-05 21:19:44|DEBUG|succeed to upload file to qiniu|{"hash":"FlKHscI-AxPWQajP2K9-Rry3UI7L","key":"20180205211944_0e9262ccc26c955c3b30225744ddc678"}
2018-02-05 22:40:42|DEBUG|succeed to upload file to qiniu|{"hash":"Fs3WSKU-mBISdKTLj6_bz_sYPISM","key":"20180205224042_4538ad3a44aa1a77398f2327968911f2"}
2018-02-05 22:41:13|DEBUG|succeed to upload file to qiniu|{"hash":"Fo2bZ0JeYgWuroMkqFik0Qa-6pLe","key":"20180205224113_70cac96bc554b234ba6d634ce8a19839"}
2018-02-05 22:41:15|DEBUG|succeed to upload file to qiniu|{"hash":"FpyGYs6i4I_162OdGwwbqanfcNqe","key":"20180205224115_e439ba07e6cca128d4cee2c566191f65"}
