[ 2018-05-20T23:50:51+08:00 ] 119.123.157.64 /index.php?g=Admin&m=Service&a=bill
INFO: [ app_begin ] --START--
INFO: Run Behavior\ReadHtmlCacheBehavior [ RunTime:0.000417s ]
INFO: Run Behavior\CheckLangBehavior [ RunTime:0.000597s ]
INFO: [ app_begin ] --END-- [ RunTime:0.001286s ]
SQL: SHOW COLUMNS FROM `cmf_users` [ RunTime:0.0023s ]
SQL: SELECT * FROM `cmf_users` WHERE ( id=1 ) LIMIT 1   [ RunTime:0.0015s ]
SQL: SHOW COLUMNS FROM `cmf_game_service` [ RunTime:0.0016s ]
SQL: SELECT a.*,b.room_name,b.room_no FROM cmf_game_service as a INNER JOIN cmf_game_room as b on a.room_id = b.id  WHERE a.status = 0  [ RunTime:0.0014s ]
NOTIC: [8] Undefined index: url /home/wwwroot/default/application/Common/Controller/AppframeController.class.php 第 24 行.

[ 2018-05-20T23:51:01+08:00 ] 119.123.157.64 /index.php?g=Admin&m=Service&a=bill
INFO: [ app_begin ] --START--
INFO: Run Behavior\ReadHtmlCacheBehavior [ RunTime:0.000423s ]
INFO: Run Behavior\CheckLangBehavior [ RunTime:0.000600s ]
INFO: [ app_begin ] --END-- [ RunTime:0.001296s ]
SQL: SHOW COLUMNS FROM `cmf_users` [ RunTime:0.0032s ]
SQL: SELECT * FROM `cmf_users` WHERE ( id=1 ) LIMIT 1   [ RunTime:0.0020s ]
SQL: SHOW COLUMNS FROM `cmf_game_service` [ RunTime:0.0021s ]
SQL: SELECT a.*,b.room_name,b.room_no FROM cmf_game_service as a INNER JOIN cmf_game_room as b on a.room_id = b.id  WHERE a.status = 0  [ RunTime:0.0018s ]
NOTIC: [8] Undefined index: url /home/wwwroot/default/application/Common/Controller/AppframeController.class.php 第 24 行.

[ 2018-05-20T23:51:19+08:00 ] 119.123.157.64 /index.php?g=Admin&m=Service&a=bill
INFO: [ app_begin ] --START--
INFO: Run Behavior\ReadHtmlCacheBehavior [ RunTime:0.000363s ]
INFO: Run Behavior\CheckLangBehavior [ RunTime:0.000623s ]
INFO: [ app_begin ] --END-- [ RunTime:0.001284s ]
SQL: SHOW COLUMNS FROM `cmf_users` [ RunTime:0.0028s ]
SQL: SELECT * FROM `cmf_users` WHERE ( id=1 ) LIMIT 1   [ RunTime:0.0021s ]
SQL: SHOW COLUMNS FROM `cmf_game_service` [ RunTime:0.0022s ]
SQL: SELECT a.*,b.room_name,b.room_no FROM cmf_game_service as a INNER JOIN cmf_game_room as b on a.room_id = b.id  WHERE a.status = 0  [ RunTime:0.0018s ]
NOTIC: [8] Undefined index: url /home/wwwroot/default/application/Common/Controller/AppframeController.class.php 第 24 行.

[ 2018-05-20T23:51:21+08:00 ] 119.123.157.64 /index.php?g=Admin&m=Service&a=bill
INFO: [ app_begin ] --START--
INFO: Run Behavior\ReadHtmlCacheBehavior [ RunTime:0.000413s ]
INFO: Run Behavior\CheckLangBehavior [ RunTime:0.000569s ]
INFO: [ app_begin ] --END-- [ RunTime:0.001244s ]
SQL: SHOW COLUMNS FROM `cmf_users` [ RunTime:0.0029s ]
SQL: SELECT * FROM `cmf_users` WHERE ( id=1 ) LIMIT 1   [ RunTime:0.0021s ]
SQL: SHOW COLUMNS FROM `cmf_game_service` [ RunTime:0.0024s ]
SQL: SELECT a.*,b.room_name,b.room_no FROM cmf_game_service as a INNER JOIN cmf_game_room as b on a.room_id = b.id  WHERE a.status = 0  [ RunTime:0.0020s ]
NOTIC: [8] Undefined index: url /home/wwwroot/default/application/Common/Controller/AppframeController.class.php 第 24 行.

[ 2018-05-20T23:51:31+08:00 ] 119.123.157.64 /index.php?g=Admin&m=Service&a=bill
INFO: [ app_begin ] --START--
INFO: Run Behavior\ReadHtmlCacheBehavior [ RunTime:0.000423s ]
INFO: Run Behavior\CheckLangBehavior [ RunTime:0.000602s ]
INFO: [ app_begin ] --END-- [ RunTime:0.001296s ]
SQL: SHOW COLUMNS FROM `cmf_users` [ RunTime:0.0032s ]
SQL: SELECT * FROM `cmf_users` WHERE ( id=1 ) LIMIT 1   [ RunTime:0.0021s ]
SQL: SHOW COLUMNS FROM `cmf_game_service` [ RunTime:0.0022s ]
SQL: SELECT a.*,b.room_name,b.room_no FROM cmf_game_service as a INNER JOIN cmf_game_room as b on a.room_id = b.id  WHERE a.status = 0  [ RunTime:0.0020s ]
NOTIC: [8] Undefined index: url /home/wwwroot/default/application/Common/Controller/AppframeController.class.php 第 24 行.

[ 2018-05-20T23:51:49+08:00 ] 119.123.157.64 /index.php?g=Admin&m=Service&a=bill
INFO: [ app_begin ] --START--
INFO: Run Behavior\ReadHtmlCacheBehavior [ RunTime:0.000365s ]
INFO: Run Behavior\CheckLangBehavior [ RunTime:0.000631s ]
INFO: [ app_begin ] --END-- [ RunTime:0.001264s ]
SQL: SHOW COLUMNS FROM `cmf_users` [ RunTime:0.0027s ]
SQL: SELECT * FROM `cmf_users` WHERE ( id=1 ) LIMIT 1   [ RunTime:0.0016s ]
SQL: SHOW COLUMNS FROM `cmf_game_service` [ RunTime:0.0019s ]
SQL: SELECT a.*,b.room_name,b.room_no FROM cmf_game_service as a INNER JOIN cmf_game_room as b on a.room_id = b.id  WHERE a.status = 0  [ RunTime:0.0014s ]
NOTIC: [8] Undefined index: url /home/wwwroot/default/application/Common/Controller/AppframeController.class.php 第 24 行.

[ 2018-05-20T23:51:51+08:00 ] 119.123.157.64 /index.php?g=Admin&m=Service&a=bill
INFO: [ app_begin ] --START--
INFO: Run Behavior\ReadHtmlCacheBehavior [ RunTime:0.000423s ]
INFO: Run Behavior\CheckLangBehavior [ RunTime:0.000592s ]
INFO: [ app_begin ] --END-- [ RunTime:0.001287s ]
SQL: SHOW COLUMNS FROM `cmf_users` [ RunTime:0.0026s ]
SQL: SELECT * FROM `cmf_users` WHERE ( id=1 ) LIMIT 1   [ RunTime:0.0019s ]
SQL: SHOW COLUMNS FROM `cmf_game_service` [ RunTime:0.0021s ]
SQL: SELECT a.*,b.room_name,b.room_no FROM cmf_game_service as a INNER JOIN cmf_game_room as b on a.room_id = b.id  WHERE a.status = 0  [ RunTime:0.0017s ]
NOTIC: [8] Undefined index: url /home/wwwroot/default/application/Common/Controller/AppframeController.class.php 第 24 行.

[ 2018-05-20T23:52:01+08:00 ] 119.123.157.64 /index.php?g=Admin&m=Service&a=bill
INFO: [ app_begin ] --START--
INFO: Run Behavior\ReadHtmlCacheBehavior [ RunTime:0.000403s ]
INFO: Run Behavior\CheckLangBehavior [ RunTime:0.000679s ]
INFO: [ app_begin ] --END-- [ RunTime:0.001372s ]
SQL: SHOW COLUMNS FROM `cmf_users` [ RunTime:0.0025s ]
SQL: SELECT * FROM `cmf_users` WHERE ( id=1 ) LIMIT 1   [ RunTime:0.0017s ]
SQL: SHOW COLUMNS FROM `cmf_game_service` [ RunTime:0.0018s ]
SQL: SELECT a.*,b.room_name,b.room_no FROM cmf_game_service as a INNER JOIN cmf_game_room as b on a.room_id = b.id  WHERE a.status = 0  [ RunTime:0.0016s ]
NOTIC: [8] Undefined index: url /home/wwwroot/default/application/Common/Controller/AppframeController.class.php 第 24 行.

[ 2018-05-20T23:52:19+08:00 ] 119.123.157.64 /index.php?g=Admin&m=Service&a=bill
INFO: [ app_begin ] --START--
INFO: Run Behavior\ReadHtmlCacheBehavior [ RunTime:0.000371s ]
INFO: Run Behavior\CheckLangBehavior [ RunTime:0.000644s ]
INFO: [ app_begin ] --END-- [ RunTime:0.001317s ]
SQL: SHOW COLUMNS FROM `cmf_users` [ RunTime:0.0036s ]
SQL: SELECT * FROM `cmf_users` WHERE ( id=1 ) LIMIT 1   [ RunTime:0.0016s ]
SQL: SHOW COLUMNS FROM `cmf_game_service` [ RunTime:0.0018s ]
SQL: SELECT a.*,b.room_name,b.room_no FROM cmf_game_service as a INNER JOIN cmf_game_room as b on a.room_id = b.id  WHERE a.status = 0  [ RunTime:0.0015s ]
NOTIC: [8] Undefined index: url /home/wwwroot/default/application/Common/Controller/AppframeController.class.php 第 24 行.

[ 2018-05-20T23:52:21+08:00 ] 119.123.157.64 /index.php?g=Admin&m=Service&a=bill
INFO: [ app_begin ] --START--
INFO: Run Behavior\ReadHtmlCacheBehavior [ RunTime:0.000405s ]
INFO: Run Behavior\CheckLangBehavior [ RunTime:0.000606s ]
INFO: [ app_begin ] --END-- [ RunTime:0.001314s ]
SQL: SHOW COLUMNS FROM `cmf_users` [ RunTime:0.0022s ]
SQL: SELECT * FROM `cmf_users` WHERE ( id=1 ) LIMIT 1   [ RunTime:0.0015s ]
SQL: SHOW COLUMNS FROM `cmf_game_service` [ RunTime:0.0016s ]
SQL: SELECT a.*,b.room_name,b.room_no FROM cmf_game_service as a INNER JOIN cmf_game_room as b on a.room_id = b.id  WHERE a.status = 0  [ RunTime:0.0013s ]
NOTIC: [8] Undefined index: url /home/wwwroot/default/application/Common/Controller/AppframeController.class.php 第 24 行.

[ 2018-05-20T23:52:31+08:00 ] 119.123.157.64 /index.php?g=Admin&m=Service&a=bill
INFO: [ app_begin ] --START--
INFO: Run Behavior\ReadHtmlCacheBehavior [ RunTime:0.000389s ]
INFO: Run Behavior\CheckLangBehavior [ RunTime:0.000614s ]
INFO: [ app_begin ] --END-- [ RunTime:0.001275s ]
SQL: SHOW COLUMNS FROM `cmf_users` [ RunTime:0.0028s ]
SQL: SELECT * FROM `cmf_users` WHERE ( id=1 ) LIMIT 1   [ RunTime:0.0018s ]
SQL: SHOW COLUMNS FROM `cmf_game_service` [ RunTime:0.0020s ]
SQL: SELECT a.*,b.room_name,b.room_no FROM cmf_game_service as a INNER JOIN cmf_game_room as b on a.room_id = b.id  WHERE a.status = 0  [ RunTime:0.0017s ]
NOTIC: [8] Undefined index: url /home/wwwroot/default/application/Common/Controller/AppframeController.class.php 第 24 行.

[ 2018-05-20T23:52:49+08:00 ] 119.123.157.64 /index.php?g=Admin&m=Service&a=bill
INFO: [ app_begin ] --START--
INFO: Run Behavior\ReadHtmlCacheBehavior [ RunTime:0.000380s ]
INFO: Run Behavior\CheckLangBehavior [ RunTime:0.000639s ]
INFO: [ app_begin ] --END-- [ RunTime:0.001336s ]
SQL: SHOW COLUMNS FROM `cmf_users` [ RunTime:0.0035s ]
SQL: SELECT * FROM `cmf_users` WHERE ( id=1 ) LIMIT 1   [ RunTime:0.0023s ]
SQL: SHOW COLUMNS FROM `cmf_game_service` [ RunTime:0.0025s ]
SQL: SELECT a.*,b.room_name,b.room_no FROM cmf_game_service as a INNER JOIN cmf_game_room as b on a.room_id = b.id  WHERE a.status = 0  [ RunTime:0.0021s ]
NOTIC: [8] Undefined index: url /home/wwwroot/default/application/Common/Controller/AppframeController.class.php 第 24 行.

[ 2018-05-20T23:52:51+08:00 ] 119.123.157.64 /index.php?g=Admin&m=Service&a=bill
INFO: [ app_begin ] --START--
INFO: Run Behavior\ReadHtmlCacheBehavior [ RunTime:0.000391s ]
INFO: Run Behavior\CheckLangBehavior [ RunTime:0.000619s ]
INFO: [ app_begin ] --END-- [ RunTime:0.001280s ]
SQL: SHOW COLUMNS FROM `cmf_users` [ RunTime:0.0029s ]
SQL: SELECT * FROM `cmf_users` WHERE ( id=1 ) LIMIT 1   [ RunTime:0.0022s ]
SQL: SHOW COLUMNS FROM `cmf_game_service` [ RunTime:0.0023s ]
SQL: SELECT a.*,b.room_name,b.room_no FROM cmf_game_service as a INNER JOIN cmf_game_room as b on a.room_id = b.id  WHERE a.status = 0  [ RunTime:0.0020s ]
NOTIC: [8] Undefined index: url /home/wwwroot/default/application/Common/Controller/AppframeController.class.php 第 24 行.

[ 2018-05-20T23:53:01+08:00 ] 119.123.157.64 /index.php?g=Admin&m=Service&a=bill
INFO: [ app_begin ] --START--
INFO: Run Behavior\ReadHtmlCacheBehavior [ RunTime:0.000399s ]
INFO: Run Behavior\CheckLangBehavior [ RunTime:0.000581s ]
INFO: [ app_begin ] --END-- [ RunTime:0.001295s ]
SQL: SHOW COLUMNS FROM `cmf_users` [ RunTime:0.0029s ]
SQL: SELECT * FROM `cmf_users` WHERE ( id=1 ) LIMIT 1   [ RunTime:0.0021s ]
SQL: SHOW COLUMNS FROM `cmf_game_service` [ RunTime:0.0023s ]
SQL: SELECT a.*,b.room_name,b.room_no FROM cmf_game_service as a INNER JOIN cmf_game_room as b on a.room_id = b.id  WHERE a.status = 0  [ RunTime:0.0020s ]
NOTIC: [8] Undefined index: url /home/wwwroot/default/application/Common/Controller/AppframeController.class.php 第 24 行.

[ 2018-05-20T23:53:19+08:00 ] 119.123.157.64 /index.php?g=Admin&m=Service&a=bill
INFO: [ app_begin ] --START--
INFO: Run Behavior\ReadHtmlCacheBehavior [ RunTime:0.000415s ]
INFO: Run Behavior\CheckLangBehavior [ RunTime:0.000660s ]
INFO: [ app_begin ] --END-- [ RunTime:0.001363s ]
SQL: SHOW COLUMNS FROM `cmf_users` [ RunTime:0.0033s ]
SQL: SELECT * FROM `cmf_users` WHERE ( id=1 ) LIMIT 1   [ RunTime:0.0022s ]
SQL: SHOW COLUMNS FROM `cmf_game_service` [ RunTime:0.0024s ]
SQL: SELECT a.*,b.room_name,b.room_no FROM cmf_game_service as a INNER JOIN cmf_game_room as b on a.room_id = b.id  WHERE a.status = 0  [ RunTime:0.0021s ]
NOTIC: [8] Undefined index: url /home/wwwroot/default/application/Common/Controller/AppframeController.class.php 第 24 行.

[ 2018-05-20T23:53:21+08:00 ] 119.123.157.64 /index.php?g=Admin&m=Service&a=bill
INFO: [ app_begin ] --START--
INFO: Run Behavior\ReadHtmlCacheBehavior [ RunTime:0.000388s ]
INFO: Run Behavior\CheckLangBehavior [ RunTime:0.000599s ]
INFO: [ app_begin ] --END-- [ RunTime:0.001268s ]
SQL: SHOW COLUMNS FROM `cmf_users` [ RunTime:0.0030s ]
SQL: SELECT * FROM `cmf_users` WHERE ( id=1 ) LIMIT 1   [ RunTime:0.0021s ]
SQL: SHOW COLUMNS FROM `cmf_game_service` [ RunTime:0.0022s ]
SQL: SELECT a.*,b.room_name,b.room_no FROM cmf_game_service as a INNER JOIN cmf_game_room as b on a.room_id = b.id  WHERE a.status = 0  [ RunTime:0.0019s ]
NOTIC: [8] Undefined index: url /home/wwwroot/default/application/Common/Controller/AppframeController.class.php 第 24 行.

[ 2018-05-20T23:53:31+08:00 ] 119.123.157.64 /index.php?g=Admin&m=Service&a=bill
INFO: [ app_begin ] --START--
INFO: Run Behavior\ReadHtmlCacheBehavior [ RunTime:0.000413s ]
INFO: Run Behavior\CheckLangBehavior [ RunTime:0.000591s ]
INFO: [ app_begin ] --END-- [ RunTime:0.001274s ]
SQL: SHOW COLUMNS FROM `cmf_users` [ RunTime:0.0029s ]
SQL: SELECT * FROM `cmf_users` WHERE ( id=1 ) LIMIT 1   [ RunTime:0.0017s ]
SQL: SHOW COLUMNS FROM `cmf_game_service` [ RunTime:0.0020s ]
SQL: SELECT a.*,b.room_name,b.room_no FROM cmf_game_service as a INNER JOIN cmf_game_room as b on a.room_id = b.id  WHERE a.status = 0  [ RunTime:0.0016s ]
NOTIC: [8] Undefined index: url /home/wwwroot/default/application/Common/Controller/AppframeController.class.php 第 24 行.

[ 2018-05-20T23:53:49+08:00 ] 119.123.157.64 /index.php?g=Admin&m=Service&a=bill
INFO: [ app_begin ] --START--
INFO: Run Behavior\ReadHtmlCacheBehavior [ RunTime:0.000418s ]
INFO: Run Behavior\CheckLangBehavior [ RunTime:0.000591s ]
INFO: [ app_begin ] --END-- [ RunTime:0.001283s ]
SQL: SHOW COLUMNS FROM `cmf_users` [ RunTime:0.0030s ]
SQL: SELECT * FROM `cmf_users` WHERE ( id=1 ) LIMIT 1   [ RunTime:0.0022s ]
SQL: SHOW COLUMNS FROM `cmf_game_service` [ RunTime:0.0023s ]
SQL: SELECT a.*,b.room_name,b.room_no FROM cmf_game_service as a INNER JOIN cmf_game_room as b on a.room_id = b.id  WHERE a.status = 0  [ RunTime:0.0020s ]
NOTIC: [8] Undefined index: url /home/wwwroot/default/application/Common/Controller/AppframeController.class.php 第 24 行.

[ 2018-05-20T23:53:51+08:00 ] 119.123.157.64 /index.php?g=Admin&m=Service&a=bill
INFO: [ app_begin ] --START--
INFO: Run Behavior\ReadHtmlCacheBehavior [ RunTime:0.000408s ]
INFO: Run Behavior\CheckLangBehavior [ RunTime:0.000589s ]
INFO: [ app_begin ] --END-- [ RunTime:0.001268s ]
SQL: SHOW COLUMNS FROM `cmf_users` [ RunTime:0.0026s ]
SQL: SELECT * FROM `cmf_users` WHERE ( id=1 ) LIMIT 1   [ RunTime:0.0019s ]
SQL: SHOW COLUMNS FROM `cmf_game_service` [ RunTime:0.0022s ]
SQL: SELECT a.*,b.room_name,b.room_no FROM cmf_game_service as a INNER JOIN cmf_game_room as b on a.room_id = b.id  WHERE a.status = 0  [ RunTime:0.0018s ]
NOTIC: [8] Undefined index: url /home/wwwroot/default/application/Common/Controller/AppframeController.class.php 第 24 行.

[ 2018-05-20T23:54:01+08:00 ] 119.123.157.64 /index.php?g=Admin&m=Service&a=bill
INFO: [ app_begin ] --START--
INFO: Run Behavior\ReadHtmlCacheBehavior [ RunTime:0.000386s ]
INFO: Run Behavior\CheckLangBehavior [ RunTime:0.000616s ]
INFO: [ app_begin ] --END-- [ RunTime:0.001274s ]
SQL: SHOW COLUMNS FROM `cmf_users` [ RunTime:0.0030s ]
SQL: SELECT * FROM `cmf_users` WHERE ( id=1 ) LIMIT 1   [ RunTime:0.0020s ]
SQL: SHOW COLUMNS FROM `cmf_game_service` [ RunTime:0.0022s ]
SQL: SELECT a.*,b.room_name,b.room_no FROM cmf_game_service as a INNER JOIN cmf_game_room as b on a.room_id = b.id  WHERE a.status = 0  [ RunTime:0.0019s ]
NOTIC: [8] Undefined index: url /home/wwwroot/default/application/Common/Controller/AppframeController.class.php 第 24 行.

[ 2018-05-20T23:54:19+08:00 ] 119.123.157.64 /index.php?g=Admin&m=Service&a=bill
INFO: [ app_begin ] --START--
INFO: Run Behavior\ReadHtmlCacheBehavior [ RunTime:0.000437s ]
INFO: Run Behavior\CheckLangBehavior [ RunTime:0.000588s ]
INFO: [ app_begin ] --END-- [ RunTime:0.001426s ]
SQL: SHOW COLUMNS FROM `cmf_users` [ RunTime:0.0027s ]
SQL: SELECT * FROM `cmf_users` WHERE ( id=1 ) LIMIT 1   [ RunTime:0.0019s ]
SQL: SHOW COLUMNS FROM `cmf_game_service` [ RunTime:0.0020s ]
SQL: SELECT a.*,b.room_name,b.room_no FROM cmf_game_service as a INNER JOIN cmf_game_room as b on a.room_id = b.id  WHERE a.status = 0  [ RunTime:0.0018s ]
NOTIC: [8] Undefined index: url /home/wwwroot/default/application/Common/Controller/AppframeController.class.php 第 24 行.

[ 2018-05-20T23:54:21+08:00 ] 119.123.157.64 /index.php?g=Admin&m=Service&a=bill
INFO: [ app_begin ] --START--
INFO: Run Behavior\ReadHtmlCacheBehavior [ RunTime:0.000404s ]
INFO: Run Behavior\CheckLangBehavior [ RunTime:0.000648s ]
INFO: [ app_begin ] --END-- [ RunTime:0.001343s ]
SQL: SHOW COLUMNS FROM `cmf_users` [ RunTime:0.0030s ]
SQL: SELECT * FROM `cmf_users` WHERE ( id=1 ) LIMIT 1   [ RunTime:0.0022s ]
SQL: SHOW COLUMNS FROM `cmf_game_service` [ RunTime:0.0024s ]
SQL: SELECT a.*,b.room_name,b.room_no FROM cmf_game_service as a INNER JOIN cmf_game_room as b on a.room_id = b.id  WHERE a.status = 0  [ RunTime:0.0022s ]
NOTIC: [8] Undefined index: url /home/wwwroot/default/application/Common/Controller/AppframeController.class.php 第 24 行.

[ 2018-05-20T23:54:31+08:00 ] 119.123.157.64 /index.php?g=Admin&m=Service&a=bill
INFO: [ app_begin ] --START--
INFO: Run Behavior\ReadHtmlCacheBehavior [ RunTime:0.000411s ]
INFO: Run Behavior\CheckLangBehavior [ RunTime:0.000570s ]
INFO: [ app_begin ] --END-- [ RunTime:0.001263s ]
SQL: SHOW COLUMNS FROM `cmf_users` [ RunTime:0.0034s ]
SQL: SELECT * FROM `cmf_users` WHERE ( id=1 ) LIMIT 1   [ RunTime:0.0018s ]
SQL: SHOW COLUMNS FROM `cmf_game_service` [ RunTime:0.0020s ]
SQL: SELECT a.*,b.room_name,b.room_no FROM cmf_game_service as a INNER JOIN cmf_game_room as b on a.room_id = b.id  WHERE a.status = 0  [ RunTime:0.0017s ]
NOTIC: [8] Undefined index: url /home/wwwroot/default/application/Common/Controller/AppframeController.class.php 第 24 行.

[ 2018-05-20T23:54:49+08:00 ] 119.123.157.64 /index.php?g=Admin&m=Service&a=bill
INFO: [ app_begin ] --START--
INFO: Run Behavior\ReadHtmlCacheBehavior [ RunTime:0.000402s ]
INFO: Run Behavior\CheckLangBehavior [ RunTime:0.000609s ]
INFO: [ app_begin ] --END-- [ RunTime:0.001299s ]
SQL: SHOW COLUMNS FROM `cmf_users` [ RunTime:0.0025s ]
SQL: SELECT * FROM `cmf_users` WHERE ( id=1 ) LIMIT 1   [ RunTime:0.0018s ]
SQL: SHOW COLUMNS FROM `cmf_game_service` [ RunTime:0.0019s ]
SQL: SELECT a.*,b.room_name,b.room_no FROM cmf_game_service as a INNER JOIN cmf_game_room as b on a.room_id = b.id  WHERE a.status = 0  [ RunTime:0.0016s ]
NOTIC: [8] Undefined index: url /home/wwwroot/default/application/Common/Controller/AppframeController.class.php 第 24 行.

[ 2018-05-20T23:54:51+08:00 ] 119.123.157.64 /index.php?g=Admin&m=Service&a=bill
INFO: [ app_begin ] --START--
INFO: Run Behavior\ReadHtmlCacheBehavior [ RunTime:0.000372s ]
INFO: Run Behavior\CheckLangBehavior [ RunTime:0.000641s ]
INFO: [ app_begin ] --END-- [ RunTime:0.001311s ]
SQL: SHOW COLUMNS FROM `cmf_users` [ RunTime:0.0028s ]
SQL: SELECT * FROM `cmf_users` WHERE ( id=1 ) LIMIT 1   [ RunTime:0.0021s ]
SQL: SHOW COLUMNS FROM `cmf_game_service` [ RunTime:0.0022s ]
SQL: SELECT a.*,b.room_name,b.room_no FROM cmf_game_service as a INNER JOIN cmf_game_room as b on a.room_id = b.id  WHERE a.status = 0  [ RunTime:0.0020s ]
NOTIC: [8] Undefined index: url /home/wwwroot/default/application/Common/Controller/AppframeController.class.php 第 24 行.

[ 2018-05-20T23:55:01+08:00 ] 119.123.157.64 /index.php?g=Admin&m=Service&a=bill
INFO: [ app_begin ] --START--
INFO: Run Behavior\ReadHtmlCacheBehavior [ RunTime:0.000421s ]
INFO: Run Behavior\CheckLangBehavior [ RunTime:0.000599s ]
INFO: [ app_begin ] --END-- [ RunTime:0.001305s ]
SQL: SHOW COLUMNS FROM `cmf_users` [ RunTime:0.0027s ]
SQL: SELECT * FROM `cmf_users` WHERE ( id=1 ) LIMIT 1   [ RunTime:0.0018s ]
SQL: SHOW COLUMNS FROM `cmf_game_service` [ RunTime:0.0020s ]
SQL: SELECT a.*,b.room_name,b.room_no FROM cmf_game_service as a INNER JOIN cmf_game_room as b on a.room_id = b.id  WHERE a.status = 0  [ RunTime:0.0017s ]
NOTIC: [8] Undefined index: url /home/wwwroot/default/application/Common/Controller/AppframeController.class.php 第 24 行.

[ 2018-05-20T23:55:08+08:00 ] 119.123.157.64 /index.php?g=Admin&m=gift&a=ajax&bodyId=0199&bodyBame=%E6%98%9F%E9%BB%9B%E9%9C%B2%E5%85%94%E5%A4%B4%E5%B8%A6%E6%AF%9B%E6%AF%AF
INFO: [ app_begin ] --START--
INFO: Run Behavior\ReadHtmlCacheBehavior [ RunTime:0.000399s ]
INFO: Run Behavior\CheckLangBehavior [ RunTime:0.000604s ]
INFO: [ app_begin ] --END-- [ RunTime:0.001276s ]
SQL: SHOW COLUMNS FROM `cmf_users` [ RunTime:0.0027s ]
SQL: SELECT * FROM `cmf_users` WHERE ( id=1 ) LIMIT 1   [ RunTime:0.0019s ]
NOTIC: [8] A session had already been started - ignoring session_start() /home/wwwroot/default/application/Admin/Controller/GiftController.class.php 第 510 行.
NOTIC: [8] Undefined index: name /home/wwwroot/default/application/Admin/Controller/GiftController.class.php 第 524 行.
NOTIC: [8] Undefined index: value /home/wwwroot/default/application/Admin/Controller/GiftController.class.php 第 524 行.
NOTIC: [8] Undefined index: delId /home/wwwroot/default/application/Admin/Controller/GiftController.class.php 第 532 行.
NOTIC: [8] Undefined index: status /home/wwwroot/default/application/Common/Controller/AppframeController.class.php 第 25 行.

[ 2018-05-20T23:55:09+08:00 ] 119.123.157.64 /index.php?g=Admin&m=Gift&a=add_post
INFO: [ app_begin ] --START--
INFO: Run Behavior\ReadHtmlCacheBehavior [ RunTime:0.000407s ]
INFO: Run Behavior\CheckLangBehavior [ RunTime:0.000680s ]
INFO: [ app_begin ] --END-- [ RunTime:0.001384s ]
SQL: SHOW COLUMNS FROM `cmf_users` [ RunTime:0.0026s ]
SQL: SELECT * FROM `cmf_users` WHERE ( id=1 ) LIMIT 1   [ RunTime:0.0019s ]
SQL: SHOW COLUMNS FROM `cmf_give_gift` [ RunTime:0.0021s ]

[ 2018-05-20T23:55:19+08:00 ] 119.123.157.64 /index.php?g=Admin&m=Service&a=bill
INFO: [ app_begin ] --START--
INFO: Run Behavior\ReadHtmlCacheBehavior [ RunTime:0.000374s ]
INFO: Run Behavior\CheckLangBehavior [ RunTime:0.000646s ]
INFO: [ app_begin ] --END-- [ RunTime:0.001322s ]
SQL: SHOW COLUMNS FROM `cmf_users` [ RunTime:0.0025s ]
SQL: SELECT * FROM `cmf_users` WHERE ( id=1 ) LIMIT 1   [ RunTime:0.0018s ]
SQL: SHOW COLUMNS FROM `cmf_game_service` [ RunTime:0.0021s ]
SQL: SELECT a.*,b.room_name,b.room_no FROM cmf_game_service as a INNER JOIN cmf_game_room as b on a.room_id = b.id  WHERE a.status = 0  [ RunTime:0.0017s ]
NOTIC: [8] Undefined index: url /home/wwwroot/default/application/Common/Controller/AppframeController.class.php 第 24 行.

[ 2018-05-20T23:55:21+08:00 ] 119.123.157.64 /index.php?g=Admin&m=Service&a=bill
INFO: [ app_begin ] --START--
INFO: Run Behavior\ReadHtmlCacheBehavior [ RunTime:0.000370s ]
INFO: Run Behavior\CheckLangBehavior [ RunTime:0.000642s ]
INFO: [ app_begin ] --END-- [ RunTime:0.001321s ]
SQL: SHOW COLUMNS FROM `cmf_users` [ RunTime:0.0023s ]
SQL: SELECT * FROM `cmf_users` WHERE ( id=1 ) LIMIT 1   [ RunTime:0.0016s ]
SQL: SHOW COLUMNS FROM `cmf_game_service` [ RunTime:0.0016s ]
SQL: SELECT a.*,b.room_name,b.room_no FROM cmf_game_service as a INNER JOIN cmf_game_room as b on a.room_id = b.id  WHERE a.status = 0  [ RunTime:0.0013s ]
NOTIC: [8] Undefined index: url /home/wwwroot/default/application/Common/Controller/AppframeController.class.php 第 24 行.

[ 2018-05-20T23:55:31+08:00 ] 119.123.157.64 /index.php?g=Admin&m=Service&a=bill
INFO: [ app_begin ] --START--
INFO: Run Behavior\ReadHtmlCacheBehavior [ RunTime:0.000386s ]
INFO: Run Behavior\CheckLangBehavior [ RunTime:0.000619s ]
INFO: [ app_begin ] --END-- [ RunTime:0.001271s ]
SQL: SHOW COLUMNS FROM `cmf_users` [ RunTime:0.0033s ]
SQL: SELECT * FROM `cmf_users` WHERE ( id=1 ) LIMIT 1   [ RunTime:0.0020s ]
SQL: SHOW COLUMNS FROM `cmf_game_service` [ RunTime:0.0023s ]
SQL: SELECT a.*,b.room_name,b.room_no FROM cmf_game_service as a INNER JOIN cmf_game_room as b on a.room_id = b.id  WHERE a.status = 0  [ RunTime:0.0018s ]
NOTIC: [8] Undefined index: url /home/wwwroot/default/application/Common/Controller/AppframeController.class.php 第 24 行.

[ 2018-05-20T23:55:35+08:00 ] 119.123.157.64 /index.php?g=Admin&m=gift&a=ajax&value=OSIM%E8%B6%B3%E9%83%A8%E6%8C%89%E6%91%A9%E5%99%A8&name=gift_name
INFO: [ app_begin ] --START--
INFO: Run Behavior\ReadHtmlCacheBehavior [ RunTime:0.000377s ]
INFO: Run Behavior\CheckLangBehavior [ RunTime:0.000632s ]
INFO: [ app_begin ] --END-- [ RunTime:0.001282s ]
SQL: SHOW COLUMNS FROM `cmf_users` [ RunTime:0.0023s ]
SQL: SELECT * FROM `cmf_users` WHERE ( id=1 ) LIMIT 1   [ RunTime:0.0015s ]
NOTIC: [8] A session had already been started - ignoring session_start() /home/wwwroot/default/application/Admin/Controller/GiftController.class.php 第 510 行.
NOTIC: [8] Undefined index: bodyId /home/wwwroot/default/application/Admin/Controller/GiftController.class.php 第 525 行.
NOTIC: [8] Undefined index: bodyBame /home/wwwroot/default/application/Admin/Controller/GiftController.class.php 第 525 行.
NOTIC: [8] Undefined index: delId /home/wwwroot/default/application/Admin/Controller/GiftController.class.php 第 532 行.
NOTIC: [8] Undefined index: status /home/wwwroot/default/application/Common/Controller/AppframeController.class.php 第 25 行.

[ 2018-05-20T23:55:36+08:00 ] 119.123.157.64 /index.php?g=Admin&m=gift&a=ajax&value=5&name=quantity
INFO: [ app_begin ] --START--
INFO: Run Behavior\ReadHtmlCacheBehavior [ RunTime:0.000564s ]
INFO: Run Behavior\CheckLangBehavior [ RunTime:0.000927s ]
INFO: [ app_begin ] --END-- [ RunTime:0.001868s ]
SQL: SHOW COLUMNS FROM `cmf_users` [ RunTime:0.0026s ]
SQL: SELECT * FROM `cmf_users` WHERE ( id=1 ) LIMIT 1   [ RunTime:0.0018s ]
NOTIC: [8] A session had already been started - ignoring session_start() /home/wwwroot/default/application/Admin/Controller/GiftController.class.php 第 510 行.
NOTIC: [8] Undefined index: bodyId /home/wwwroot/default/application/Admin/Controller/GiftController.class.php 第 525 行.
NOTIC: [8] Undefined index: bodyBame /home/wwwroot/default/application/Admin/Controller/GiftController.class.php 第 525 行.
NOTIC: [8] Undefined index: delId /home/wwwroot/default/application/Admin/Controller/GiftController.class.php 第 532 行.
NOTIC: [8] Undefined index: status /home/wwwroot/default/application/Common/Controller/AppframeController.class.php 第 25 行.

[ 2018-05-20T23:55:45+08:00 ] 119.123.157.64 /index.php?g=Admin&m=gift&a=ajax&value=2619&name=cost
INFO: [ app_begin ] --START--
INFO: Run Behavior\ReadHtmlCacheBehavior [ RunTime:0.000397s ]
INFO: Run Behavior\CheckLangBehavior [ RunTime:0.000612s ]
INFO: [ app_begin ] --END-- [ RunTime:0.001280s ]
SQL: SHOW COLUMNS FROM `cmf_users` [ RunTime:0.0022s ]
SQL: SELECT * FROM `cmf_users` WHERE ( id=1 ) LIMIT 1   [ RunTime:0.0015s ]
NOTIC: [8] A session had already been started - ignoring session_start() /home/wwwroot/default/application/Admin/Controller/GiftController.class.php 第 510 行.
NOTIC: [8] Undefined index: bodyId /home/wwwroot/default/application/Admin/Controller/GiftController.class.php 第 525 行.
NOTIC: [8] Undefined index: bodyBame /home/wwwroot/default/application/Admin/Controller/GiftController.class.php 第 525 行.
NOTIC: [8] Undefined index: delId /home/wwwroot/default/application/Admin/Controller/GiftController.class.php 第 532 行.
NOTIC: [8] Undefined index: status /home/wwwroot/default/application/Common/Controller/AppframeController.class.php 第 25 行.

[ 2018-05-20T23:55:49+08:00 ] 119.123.157.64 /index.php?g=Admin&m=Service&a=bill
INFO: [ app_begin ] --START--
INFO: Run Behavior\ReadHtmlCacheBehavior [ RunTime:0.000458s ]
INFO: Run Behavior\CheckLangBehavior [ RunTime:0.000616s ]
INFO: [ app_begin ] --END-- [ RunTime:0.001365s ]
SQL: SHOW COLUMNS FROM `cmf_users` [ RunTime:0.0022s ]
SQL: SELECT * FROM `cmf_users` WHERE ( id=1 ) LIMIT 1   [ RunTime:0.0015s ]
SQL: SHOW COLUMNS FROM `cmf_game_service` [ RunTime:0.0016s ]
SQL: SELECT a.*,b.room_name,b.room_no FROM cmf_game_service as a INNER JOIN cmf_game_room as b on a.room_id = b.id  WHERE a.status = 0  [ RunTime:0.0013s ]
NOTIC: [8] Undefined index: url /home/wwwroot/default/application/Common/Controller/AppframeController.class.php 第 24 行.

[ 2018-05-20T23:55:51+08:00 ] 119.123.157.64 /index.php?g=Admin&m=Service&a=bill
INFO: [ app_begin ] --START--
INFO: Run Behavior\ReadHtmlCacheBehavior [ RunTime:0.000401s ]
INFO: Run Behavior\CheckLangBehavior [ RunTime:0.000618s ]
INFO: [ app_begin ] --END-- [ RunTime:0.001311s ]
SQL: SHOW COLUMNS FROM `cmf_users` [ RunTime:0.0023s ]
SQL: SELECT * FROM `cmf_users` WHERE ( id=1 ) LIMIT 1   [ RunTime:0.0015s ]
SQL: SHOW COLUMNS FROM `cmf_game_service` [ RunTime:0.0016s ]
SQL: SELECT a.*,b.room_name,b.room_no FROM cmf_game_service as a INNER JOIN cmf_game_room as b on a.room_id = b.id  WHERE a.status = 0  [ RunTime:0.0013s ]
NOTIC: [8] Undefined index: url /home/wwwroot/default/application/Common/Controller/AppframeController.class.php 第 24 行.

[ 2018-05-20T23:56:01+08:00 ] 119.123.157.64 /index.php?g=Admin&m=Service&a=bill
INFO: [ app_begin ] --START--
INFO: Run Behavior\ReadHtmlCacheBehavior [ RunTime:0.000370s ]
INFO: Run Behavior\CheckLangBehavior [ RunTime:0.000642s ]
INFO: [ app_begin ] --END-- [ RunTime:0.001311s ]
SQL: SHOW COLUMNS FROM `cmf_users` [ RunTime:0.0030s ]
SQL: SELECT * FROM `cmf_users` WHERE ( id=1 ) LIMIT 1   [ RunTime:0.0021s ]
SQL: SHOW COLUMNS FROM `cmf_game_service` [ RunTime:0.0023s ]
SQL: SELECT a.*,b.room_name,b.room_no FROM cmf_game_service as a INNER JOIN cmf_game_room as b on a.room_id = b.id  WHERE a.status = 0  [ RunTime:0.0019s ]
NOTIC: [8] Undefined index: url /home/wwwroot/default/application/Common/Controller/AppframeController.class.php 第 24 行.

[ 2018-05-20T23:56:12+08:00 ] 119.123.157.64 /index.php?g=Admin&m=gift&a=ajax&value=75&name=convert_num
INFO: [ app_begin ] --START--
INFO: Run Behavior\ReadHtmlCacheBehavior [ RunTime:0.000371s ]
INFO: Run Behavior\CheckLangBehavior [ RunTime:0.000631s ]
INFO: [ app_begin ] --END-- [ RunTime:0.001294s ]
SQL: SHOW COLUMNS FROM `cmf_users` [ RunTime:0.0025s ]
SQL: SELECT * FROM `cmf_users` WHERE ( id=1 ) LIMIT 1   [ RunTime:0.0019s ]
NOTIC: [8] A session had already been started - ignoring session_start() /home/wwwroot/default/application/Admin/Controller/GiftController.class.php 第 510 行.
NOTIC: [8] Undefined index: bodyId /home/wwwroot/default/application/Admin/Controller/GiftController.class.php 第 525 行.
NOTIC: [8] Undefined index: bodyBame /home/wwwroot/default/application/Admin/Controller/GiftController.class.php 第 525 行.
NOTIC: [8] Undefined index: delId /home/wwwroot/default/application/Admin/Controller/GiftController.class.php 第 532 行.
NOTIC: [8] Undefined index: status /home/wwwroot/default/application/Common/Controller/AppframeController.class.php 第 25 行.

[ 2018-05-20T23:56:15+08:00 ] 119.123.157.64 /index.php?g=Admin&m=Gift&a=add_post
INFO: [ app_begin ] --START--
INFO: Run Behavior\ReadHtmlCacheBehavior [ RunTime:0.000400s ]
INFO: Run Behavior\CheckLangBehavior [ RunTime:0.000587s ]
INFO: [ app_begin ] --END-- [ RunTime:0.001268s ]
SQL: SHOW COLUMNS FROM `cmf_users` [ RunTime:0.0029s ]
SQL: SELECT * FROM `cmf_users` WHERE ( id=1 ) LIMIT 1   [ RunTime:0.0022s ]
SQL: SHOW COLUMNS FROM `cmf_give_gift` [ RunTime:0.0023s ]
NOTIC: [8] Undefined index: name /home/wwwroot/default/application/Admin/Controller/GiftController.class.php 第 327 行.
SQL: SELECT * FROM `cmf_give_gift` WHERE ( name='' and is_del=0 ) LIMIT 1   [ RunTime:0.0020s ]
NOTIC: [8] Undefined index: name /home/wwwroot/default/application/Admin/Controller/GiftController.class.php 第 337 行.
SQL: SELECT * FROM `cmf_give_gift` WHERE ( name='' and is_del=1 ) LIMIT 1   [ RunTime:0.0032s ]
NOTIC: [8] Undefined index: introduce /home/wwwroot/default/application/Admin/Controller/GiftController.class.php 第 348 行.
SQL: INSERT INTO `cmf_give_gift` (`cost`,`type_id`,`name`,`quantity`,`introduce`,`convert_num`,`img`,`content`,`body_id`,`ctime`) VALUES ('2619','10','OSIM足部按摩器','5','','75','https://img14.360buyimg.com/n1/s546x546_jfs/t18181/190/2404927770/761312/3221e01d/5af3bd6cN778e8c3a.png','&lt;p&gt;&lt;img src=&quot;https://img30.360buyimg.com/popWareDetail/jfs/t5740/163/114637149/139650/b26bceac/591d631fN1cf60ac6.jpg&quot;/&gt;&lt;img src=&quot;https://img30.360buyimg.com/popWareDetail/jfs/t5797/266/123122086/134093/db394ad2/591d631eN7b0ab416.jpg&quot;/&gt;&lt;img src=&quot;https://img30.360buyimg.com/popWareDetail/jfs/t5767/256/124483722/160922/bb9c7aad/591d6321N05dce337.jpg&quot;/&gt;&lt;img src=&quot;https://img30.360buyimg.com/popWareDetail/jfs/t5626/206/116147592/155464/f3d52676/591d6323N18af4e52.jpg&quot;/&gt;&lt;img src=&quot;https://img10.360buyimg.com/popWaterMark/jfs/t20971/75/92390514/83895/86669178/5af921e0Ne1dc829a.jpg&quot;/&gt;&lt;img src=&quot;https://img30.360buyimg.com/popWareDetail/jfs/t5713/330/125172064/93839/bd62e739/591d631aNf428d396.jpg&quot;/&gt;&lt;img src=&quot;https://img30.360buyimg.com/popWareDetail/jfs/t5740/178/121751537/142964/498ddabd/591d6322N74c9c9b1.jpg&quot;/&gt;&lt;img src=&quot;https://img30.360buyimg.com/popWareDetail/jfs/t5665/40/121104416/168853/69df86fe/591d6325N52544384.jpg&quot;/&gt;&lt;img src=&quot;https://img30.360buyimg.com/popWareDetail/jfs/t5890/151/112775183/171907/4bcdb83c/591d6325N2b45234b.jpg&quot;/&gt;&lt;img src=&quot;https://img30.360buyimg.com/popWareDetail/jfs/t5752/356/118721879/172936/57ad90ae/591d6325Nc701a770.jpg&quot;/&gt;&lt;img src=&quot;https://img30.360buyimg.com/popWareDetail/jfs/t5797/299/120260203/95557/650a534e/591d6326Na33aa664.jpg&quot;/&gt;&lt;img src=&quot;https://img30.360buyimg.com/popWareDetail/jfs/t4465/171/2615922635/148737/19ea65d7/591d6322N7285ce2a.jpg&quot;/&gt;&lt;img src=&quot;https://img30.360buyimg.com/popWareDetail/jfs/t5767/291/115620524/162767/2213743d/591d631eN9cad8d78.jpg&quot;/&gt;&lt;img src=&quot;https://img30.360buyimg.com/popWareDetail/jfs/t5893/338/115190150/91830/23191012/591d6327N98badf7c.jpg&quot;/&gt;&lt;/p&gt;','0199','1526831775') [ RunTime:0.0030s ]
SQL: update cmf_gift set convert_lipin = CONCAT('1064,',convert_lipin) where id in (0199) [ RunTime:0.0020s ]

[ 2018-05-20T23:56:16+08:00 ] 119.123.157.64 /index.php?g=Admin&m=gift&a=clear_session
INFO: [ app_begin ] --START--
INFO: Run Behavior\ReadHtmlCacheBehavior [ RunTime:0.000408s ]
INFO: Run Behavior\CheckLangBehavior [ RunTime:0.000649s ]
INFO: [ app_begin ] --END-- [ RunTime:0.001368s ]
SQL: SHOW COLUMNS FROM `cmf_users` [ RunTime:0.0025s ]
SQL: SELECT * FROM `cmf_users` WHERE ( id=1 ) LIMIT 1   [ RunTime:0.0017s ]
INFO: [ app_end ] --START--
INFO: Run Behavior\ShowPageTraceBehavior [ RunTime:0.000443s ]
INFO: [ app_end ] --END-- [ RunTime:0.000479s ]

[ 2018-05-20T23:56:19+08:00 ] 119.123.157.64 /index.php?g=Admin&m=Service&a=bill
INFO: [ app_begin ] --START--
INFO: Run Behavior\ReadHtmlCacheBehavior [ RunTime:0.000391s ]
INFO: Run Behavior\CheckLangBehavior [ RunTime:0.000600s ]
INFO: [ app_begin ] --END-- [ RunTime:0.001274s ]
SQL: SHOW COLUMNS FROM `cmf_users` [ RunTime:0.0026s ]
SQL: SELECT * FROM `cmf_users` WHERE ( id=1 ) LIMIT 1   [ RunTime:0.0014s ]
SQL: SHOW COLUMNS FROM `cmf_game_service` [ RunTime:0.0016s ]
SQL: SELECT a.*,b.room_name,b.room_no FROM cmf_game_service as a INNER JOIN cmf_game_room as b on a.room_id = b.id  WHERE a.status = 0  [ RunTime:0.0015s ]
NOTIC: [8] Undefined index: url /home/wwwroot/default/application/Common/Controller/AppframeController.class.php 第 24 行.

[ 2018-05-20T23:56:21+08:00 ] 119.123.157.64 /index.php?g=Admin&m=Service&a=bill
INFO: [ app_begin ] --START--
INFO: Run Behavior\ReadHtmlCacheBehavior [ RunTime:0.000400s ]
INFO: Run Behavior\CheckLangBehavior [ RunTime:0.000613s ]
INFO: [ app_begin ] --END-- [ RunTime:0.001308s ]
SQL: SHOW COLUMNS FROM `cmf_users` [ RunTime:0.0027s ]
SQL: SELECT * FROM `cmf_users` WHERE ( id=1 ) LIMIT 1   [ RunTime:0.0019s ]
SQL: SHOW COLUMNS FROM `cmf_game_service` [ RunTime:0.0021s ]
SQL: SELECT a.*,b.room_name,b.room_no FROM cmf_game_service as a INNER JOIN cmf_game_room as b on a.room_id = b.id  WHERE a.status = 0  [ RunTime:0.0018s ]
NOTIC: [8] Undefined index: url /home/wwwroot/default/application/Common/Controller/AppframeController.class.php 第 24 行.

[ 2018-05-20T23:56:31+08:00 ] 119.123.157.64 /index.php?g=Admin&m=Service&a=bill
INFO: [ app_begin ] --START--
INFO: Run Behavior\ReadHtmlCacheBehavior [ RunTime:0.000384s ]
INFO: Run Behavior\CheckLangBehavior [ RunTime:0.000595s ]
INFO: [ app_begin ] --END-- [ RunTime:0.001240s ]
SQL: SHOW COLUMNS FROM `cmf_users` [ RunTime:0.0028s ]
SQL: SELECT * FROM `cmf_users` WHERE ( id=1 ) LIMIT 1   [ RunTime:0.0017s ]
SQL: SHOW COLUMNS FROM `cmf_game_service` [ RunTime:0.0018s ]
SQL: SELECT a.*,b.room_name,b.room_no FROM cmf_game_service as a INNER JOIN cmf_game_room as b on a.room_id = b.id  WHERE a.status = 0  [ RunTime:0.0016s ]
NOTIC: [8] Undefined index: url /home/wwwroot/default/application/Common/Controller/AppframeController.class.php 第 24 行.

[ 2018-05-20T23:56:49+08:00 ] 119.123.157.64 /index.php?g=Admin&m=Service&a=bill
INFO: [ app_begin ] --START--
INFO: Run Behavior\ReadHtmlCacheBehavior [ RunTime:0.000359s ]
INFO: Run Behavior\CheckLangBehavior [ RunTime:0.000654s ]
INFO: [ app_begin ] --END-- [ RunTime:0.001302s ]
SQL: SHOW COLUMNS FROM `cmf_users` [ RunTime:0.0026s ]
SQL: SELECT * FROM `cmf_users` WHERE ( id=1 ) LIMIT 1   [ RunTime:0.0019s ]
SQL: SHOW COLUMNS FROM `cmf_game_service` [ RunTime:0.0020s ]
SQL: SELECT a.*,b.room_name,b.room_no FROM cmf_game_service as a INNER JOIN cmf_game_room as b on a.room_id = b.id  WHERE a.status = 0  [ RunTime:0.0018s ]
NOTIC: [8] Undefined index: url /home/wwwroot/default/application/Common/Controller/AppframeController.class.php 第 24 行.

[ 2018-05-20T23:56:51+08:00 ] 119.123.157.64 /index.php?g=Admin&m=Service&a=bill
INFO: [ app_begin ] --START--
INFO: Run Behavior\ReadHtmlCacheBehavior [ RunTime:0.000424s ]
INFO: Run Behavior\CheckLangBehavior [ RunTime:0.000606s ]
INFO: [ app_begin ] --END-- [ RunTime:0.001301s ]
SQL: SHOW COLUMNS FROM `cmf_users` [ RunTime:0.0027s ]
SQL: SELECT * FROM `cmf_users` WHERE ( id=1 ) LIMIT 1   [ RunTime:0.0018s ]
SQL: SHOW COLUMNS FROM `cmf_game_service` [ RunTime:0.0021s ]
SQL: SELECT a.*,b.room_name,b.room_no FROM cmf_game_service as a INNER JOIN cmf_game_room as b on a.room_id = b.id  WHERE a.status = 0  [ RunTime:0.0017s ]
NOTIC: [8] Undefined index: url /home/wwwroot/default/application/Common/Controller/AppframeController.class.php 第 24 行.

[ 2018-05-20T23:57:01+08:00 ] 119.123.157.64 /index.php?g=Admin&m=Service&a=bill
INFO: [ app_begin ] --START--
INFO: Run Behavior\ReadHtmlCacheBehavior [ RunTime:0.000402s ]
INFO: Run Behavior\CheckLangBehavior [ RunTime:0.000620s ]
INFO: [ app_begin ] --END-- [ RunTime:0.001315s ]
SQL: SHOW COLUMNS FROM `cmf_users` [ RunTime:0.0026s ]
SQL: SELECT * FROM `cmf_users` WHERE ( id=1 ) LIMIT 1   [ RunTime:0.0015s ]
SQL: SHOW COLUMNS FROM `cmf_game_service` [ RunTime:0.0018s ]
SQL: SELECT a.*,b.room_name,b.room_no FROM cmf_game_service as a INNER JOIN cmf_game_room as b on a.room_id = b.id  WHERE a.status = 0  [ RunTime:0.0014s ]
NOTIC: [8] Undefined index: url /home/wwwroot/default/application/Common/Controller/AppframeController.class.php 第 24 行.

[ 2018-05-20T23:57:19+08:00 ] 119.123.157.64 /index.php?g=Admin&m=Service&a=bill
INFO: [ app_begin ] --START--
INFO: Run Behavior\ReadHtmlCacheBehavior [ RunTime:0.000403s ]
INFO: Run Behavior\CheckLangBehavior [ RunTime:0.000570s ]
INFO: [ app_begin ] --END-- [ RunTime:0.001236s ]
SQL: SHOW COLUMNS FROM `cmf_users` [ RunTime:0.0023s ]
SQL: SELECT * FROM `cmf_users` WHERE ( id=1 ) LIMIT 1   [ RunTime:0.0016s ]
SQL: SHOW COLUMNS FROM `cmf_game_service` [ RunTime:0.0017s ]
SQL: SELECT a.*,b.room_name,b.room_no FROM cmf_game_service as a INNER JOIN cmf_game_room as b on a.room_id = b.id  WHERE a.status = 0  [ RunTime:0.0014s ]
NOTIC: [8] Undefined index: url /home/wwwroot/default/application/Common/Controller/AppframeController.class.php 第 24 行.

[ 2018-05-20T23:57:20+08:00 ] 119.123.157.64 /index.php?g=Admin&m=Service&a=bill
INFO: [ app_begin ] --START--
INFO: Run Behavior\ReadHtmlCacheBehavior [ RunTime:0.000401s ]
INFO: Run Behavior\CheckLangBehavior [ RunTime:0.000574s ]
INFO: [ app_begin ] --END-- [ RunTime:0.001238s ]
SQL: SHOW COLUMNS FROM `cmf_users` [ RunTime:0.0025s ]
SQL: SELECT * FROM `cmf_users` WHERE ( id=1 ) LIMIT 1   [ RunTime:0.0026s ]
SQL: SHOW COLUMNS FROM `cmf_game_service` [ RunTime:0.0018s ]
SQL: SELECT a.*,b.room_name,b.room_no FROM cmf_game_service as a INNER JOIN cmf_game_room as b on a.room_id = b.id  WHERE a.status = 0  [ RunTime:0.0015s ]
NOTIC: [8] Undefined index: url /home/wwwroot/default/application/Common/Controller/AppframeController.class.php 第 24 行.

[ 2018-05-20T23:57:31+08:00 ] 119.123.157.64 /index.php?g=Admin&m=Service&a=bill
INFO: [ app_begin ] --START--
INFO: Run Behavior\ReadHtmlCacheBehavior [ RunTime:0.000405s ]
INFO: Run Behavior\CheckLangBehavior [ RunTime:0.000613s ]
INFO: [ app_begin ] --END-- [ RunTime:0.001329s ]
SQL: SHOW COLUMNS FROM `cmf_users` [ RunTime:0.0027s ]
SQL: SELECT * FROM `cmf_users` WHERE ( id=1 ) LIMIT 1   [ RunTime:0.0018s ]
SQL: SHOW COLUMNS FROM `cmf_game_service` [ RunTime:0.0020s ]
SQL: SELECT a.*,b.room_name,b.room_no FROM cmf_game_service as a INNER JOIN cmf_game_room as b on a.room_id = b.id  WHERE a.status = 0  [ RunTime:0.0017s ]
NOTIC: [8] Undefined index: url /home/wwwroot/default/application/Common/Controller/AppframeController.class.php 第 24 行.

[ 2018-05-20T23:57:49+08:00 ] 119.123.157.64 /index.php?g=Admin&m=Service&a=bill
INFO: [ app_begin ] --START--
INFO: Run Behavior\ReadHtmlCacheBehavior [ RunTime:0.000371s ]
INFO: Run Behavior\CheckLangBehavior [ RunTime:0.000628s ]
INFO: [ app_begin ] --END-- [ RunTime:0.001302s ]
SQL: SHOW COLUMNS FROM `cmf_users` [ RunTime:0.0026s ]
SQL: SELECT * FROM `cmf_users` WHERE ( id=1 ) LIMIT 1   [ RunTime:0.0018s ]
SQL: SHOW COLUMNS FROM `cmf_game_service` [ RunTime:0.0021s ]
SQL: SELECT a.*,b.room_name,b.room_no FROM cmf_game_service as a INNER JOIN cmf_game_room as b on a.room_id = b.id  WHERE a.status = 0  [ RunTime:0.0017s ]
NOTIC: [8] Undefined index: url /home/wwwroot/default/application/Common/Controller/AppframeController.class.php 第 24 行.

[ 2018-05-20T23:57:50+08:00 ] 119.123.157.64 /index.php?g=Admin&m=Service&a=bill
INFO: [ app_begin ] --START--
INFO: Run Behavior\ReadHtmlCacheBehavior [ RunTime:0.000393s ]
INFO: Run Behavior\CheckLangBehavior [ RunTime:0.000616s ]
INFO: [ app_begin ] --END-- [ RunTime:0.001281s ]
SQL: SHOW COLUMNS FROM `cmf_users` [ RunTime:0.0025s ]
SQL: SELECT * FROM `cmf_users` WHERE ( id=1 ) LIMIT 1   [ RunTime:0.0019s ]
SQL: SHOW COLUMNS FROM `cmf_game_service` [ RunTime:0.0021s ]
SQL: SELECT a.*,b.room_name,b.room_no FROM cmf_game_service as a INNER JOIN cmf_game_room as b on a.room_id = b.id  WHERE a.status = 0  [ RunTime:0.0017s ]
NOTIC: [8] Undefined index: url /home/wwwroot/default/application/Common/Controller/AppframeController.class.php 第 24 行.

[ 2018-05-20T23:58:01+08:00 ] 119.123.157.64 /index.php?g=Admin&m=Service&a=bill
INFO: [ app_begin ] --START--
INFO: Run Behavior\ReadHtmlCacheBehavior [ RunTime:0.000445s ]
INFO: Run Behavior\CheckLangBehavior [ RunTime:0.000646s ]
INFO: [ app_begin ] --END-- [ RunTime:0.001361s ]
SQL: SHOW COLUMNS FROM `cmf_users` [ RunTime:0.0020s ]
SQL: SELECT * FROM `cmf_users` WHERE ( id=1 ) LIMIT 1   [ RunTime:0.0014s ]
SQL: SHOW COLUMNS FROM `cmf_game_service` [ RunTime:0.0016s ]
SQL: SELECT a.*,b.room_name,b.room_no FROM cmf_game_service as a INNER JOIN cmf_game_room as b on a.room_id = b.id  WHERE a.status = 0  [ RunTime:0.0013s ]
NOTIC: [8] Undefined index: url /home/wwwroot/default/application/Common/Controller/AppframeController.class.php 第 24 行.

[ 2018-05-20T23:58:19+08:00 ] 119.123.157.64 /index.php?g=Admin&m=Service&a=bill
INFO: [ app_begin ] --START--
INFO: Run Behavior\ReadHtmlCacheBehavior [ RunTime:0.000395s ]
INFO: Run Behavior\CheckLangBehavior [ RunTime:0.000639s ]
INFO: [ app_begin ] --END-- [ RunTime:0.001308s ]
SQL: SHOW COLUMNS FROM `cmf_users` [ RunTime:0.0023s ]
SQL: SELECT * FROM `cmf_users` WHERE ( id=1 ) LIMIT 1   [ RunTime:0.0015s ]
SQL: SHOW COLUMNS FROM `cmf_game_service` [ RunTime:0.0016s ]
SQL: SELECT a.*,b.room_name,b.room_no FROM cmf_game_service as a INNER JOIN cmf_game_room as b on a.room_id = b.id  WHERE a.status = 0  [ RunTime:0.0013s ]
NOTIC: [8] Undefined index: url /home/wwwroot/default/application/Common/Controller/AppframeController.class.php 第 24 行.

[ 2018-05-20T23:58:21+08:00 ] 119.123.157.64 /index.php?g=Admin&m=Service&a=bill
INFO: [ app_begin ] --START--
INFO: Run Behavior\ReadHtmlCacheBehavior [ RunTime:0.000391s ]
INFO: Run Behavior\CheckLangBehavior [ RunTime:0.000656s ]
INFO: [ app_begin ] --END-- [ RunTime:0.001314s ]
SQL: SHOW COLUMNS FROM `cmf_users` [ RunTime:0.0029s ]
SQL: SELECT * FROM `cmf_users` WHERE ( id=1 ) LIMIT 1   [ RunTime:0.0022s ]
SQL: SHOW COLUMNS FROM `cmf_game_service` [ RunTime:0.0023s ]
SQL: SELECT a.*,b.room_name,b.room_no FROM cmf_game_service as a INNER JOIN cmf_game_room as b on a.room_id = b.id  WHERE a.status = 0  [ RunTime:0.0020s ]
NOTIC: [8] Undefined index: url /home/wwwroot/default/application/Common/Controller/AppframeController.class.php 第 24 行.

[ 2018-05-20T23:58:31+08:00 ] 119.123.157.64 /index.php?g=Admin&m=Service&a=bill
INFO: [ app_begin ] --START--
INFO: Run Behavior\ReadHtmlCacheBehavior [ RunTime:0.000374s ]
INFO: Run Behavior\CheckLangBehavior [ RunTime:0.000640s ]
INFO: [ app_begin ] --END-- [ RunTime:0.001318s ]
SQL: SHOW COLUMNS FROM `cmf_users` [ RunTime:0.0025s ]
SQL: SELECT * FROM `cmf_users` WHERE ( id=1 ) LIMIT 1   [ RunTime:0.0017s ]
SQL: SHOW COLUMNS FROM `cmf_game_service` [ RunTime:0.0018s ]
SQL: SELECT a.*,b.room_name,b.room_no FROM cmf_game_service as a INNER JOIN cmf_game_room as b on a.room_id = b.id  WHERE a.status = 0  [ RunTime:0.0016s ]
NOTIC: [8] Undefined index: url /home/wwwroot/default/application/Common/Controller/AppframeController.class.php 第 24 行.

[ 2018-05-20T23:58:49+08:00 ] 119.123.157.64 /index.php?g=Admin&m=Service&a=bill
INFO: [ app_begin ] --START--
INFO: Run Behavior\ReadHtmlCacheBehavior [ RunTime:0.000400s ]
INFO: Run Behavior\CheckLangBehavior [ RunTime:0.000637s ]
INFO: [ app_begin ] --END-- [ RunTime:0.001329s ]
SQL: SHOW COLUMNS FROM `cmf_users` [ RunTime:0.0025s ]
SQL: SELECT * FROM `cmf_users` WHERE ( id=1 ) LIMIT 1   [ RunTime:0.0018s ]
SQL: SHOW COLUMNS FROM `cmf_game_service` [ RunTime:0.0020s ]
SQL: SELECT a.*,b.room_name,b.room_no FROM cmf_game_service as a INNER JOIN cmf_game_room as b on a.room_id = b.id  WHERE a.status = 0  [ RunTime:0.0016s ]
NOTIC: [8] Undefined index: url /home/wwwroot/default/application/Common/Controller/AppframeController.class.php 第 24 行.

[ 2018-05-20T23:58:50+08:00 ] 119.123.157.64 /index.php?g=Admin&m=Service&a=bill
INFO: [ app_begin ] --START--
INFO: Run Behavior\ReadHtmlCacheBehavior [ RunTime:0.000373s ]
INFO: Run Behavior\CheckLangBehavior [ RunTime:0.000645s ]
INFO: [ app_begin ] --END-- [ RunTime:0.001313s ]
SQL: SHOW COLUMNS FROM `cmf_users` [ RunTime:0.0022s ]
SQL: SELECT * FROM `cmf_users` WHERE ( id=1 ) LIMIT 1   [ RunTime:0.0016s ]
SQL: SHOW COLUMNS FROM `cmf_game_service` [ RunTime:0.0016s ]
SQL: SELECT a.*,b.room_name,b.room_no FROM cmf_game_service as a INNER JOIN cmf_game_room as b on a.room_id = b.id  WHERE a.status = 0  [ RunTime:0.0013s ]
NOTIC: [8] Undefined index: url /home/wwwroot/default/application/Common/Controller/AppframeController.class.php 第 24 行.

[ 2018-05-20T23:59:01+08:00 ] 119.123.157.64 /index.php?g=Admin&m=Service&a=bill
INFO: [ app_begin ] --START--
INFO: Run Behavior\ReadHtmlCacheBehavior [ RunTime:0.000368s ]
INFO: Run Behavior\CheckLangBehavior [ RunTime:0.000637s ]
INFO: [ app_begin ] --END-- [ RunTime:0.001278s ]
SQL: SHOW COLUMNS FROM `cmf_users` [ RunTime:0.0025s ]
SQL: SELECT * FROM `cmf_users` WHERE ( id=1 ) LIMIT 1   [ RunTime:0.0017s ]
SQL: SHOW COLUMNS FROM `cmf_game_service` [ RunTime:0.0020s ]
SQL: SELECT a.*,b.room_name,b.room_no FROM cmf_game_service as a INNER JOIN cmf_game_room as b on a.room_id = b.id  WHERE a.status = 0  [ RunTime:0.0016s ]
NOTIC: [8] Undefined index: url /home/wwwroot/default/application/Common/Controller/AppframeController.class.php 第 24 行.

[ 2018-05-20T23:59:19+08:00 ] 119.123.157.64 /index.php?g=Admin&m=Service&a=bill
INFO: [ app_begin ] --START--
INFO: Run Behavior\ReadHtmlCacheBehavior [ RunTime:0.000378s ]
INFO: Run Behavior\CheckLangBehavior [ RunTime:0.000681s ]
INFO: [ app_begin ] --END-- [ RunTime:0.001382s ]
SQL: SHOW COLUMNS FROM `cmf_users` [ RunTime:0.0028s ]
SQL: SELECT * FROM `cmf_users` WHERE ( id=1 ) LIMIT 1   [ RunTime:0.0020s ]
SQL: SHOW COLUMNS FROM `cmf_game_service` [ RunTime:0.0021s ]
SQL: SELECT a.*,b.room_name,b.room_no FROM cmf_game_service as a INNER JOIN cmf_game_room as b on a.room_id = b.id  WHERE a.status = 0  [ RunTime:0.0018s ]
NOTIC: [8] Undefined index: url /home/wwwroot/default/application/Common/Controller/AppframeController.class.php 第 24 行.

[ 2018-05-20T23:59:20+08:00 ] 119.123.157.64 /index.php?g=Admin&m=Service&a=bill
INFO: [ app_begin ] --START--
INFO: Run Behavior\ReadHtmlCacheBehavior [ RunTime:0.000414s ]
INFO: Run Behavior\CheckLangBehavior [ RunTime:0.000584s ]
INFO: [ app_begin ] --END-- [ RunTime:0.001268s ]
SQL: SHOW COLUMNS FROM `cmf_users` [ RunTime:0.0026s ]
SQL: SELECT * FROM `cmf_users` WHERE ( id=1 ) LIMIT 1   [ RunTime:0.0019s ]
SQL: SHOW COLUMNS FROM `cmf_game_service` [ RunTime:0.0020s ]
SQL: SELECT a.*,b.room_name,b.room_no FROM cmf_game_service as a INNER JOIN cmf_game_room as b on a.room_id = b.id  WHERE a.status = 0  [ RunTime:0.0017s ]
NOTIC: [8] Undefined index: url /home/wwwroot/default/application/Common/Controller/AppframeController.class.php 第 24 行.

[ 2018-05-20T23:59:31+08:00 ] 119.123.157.64 /index.php?g=Admin&m=Service&a=bill
INFO: [ app_begin ] --START--
INFO: Run Behavior\ReadHtmlCacheBehavior [ RunTime:0.000361s ]
INFO: Run Behavior\CheckLangBehavior [ RunTime:0.000625s ]
INFO: [ app_begin ] --END-- [ RunTime:0.001254s ]
SQL: SHOW COLUMNS FROM `cmf_users` [ RunTime:0.0023s ]
SQL: SELECT * FROM `cmf_users` WHERE ( id=1 ) LIMIT 1   [ RunTime:0.0015s ]
SQL: SHOW COLUMNS FROM `cmf_game_service` [ RunTime:0.0016s ]
SQL: SELECT a.*,b.room_name,b.room_no FROM cmf_game_service as a INNER JOIN cmf_game_room as b on a.room_id = b.id  WHERE a.status = 0  [ RunTime:0.0105s ]
NOTIC: [8] Undefined index: url /home/wwwroot/default/application/Common/Controller/AppframeController.class.php 第 24 行.

[ 2018-05-20T23:59:49+08:00 ] 119.123.157.64 /index.php?g=Admin&m=Service&a=bill
INFO: [ app_begin ] --START--
INFO: Run Behavior\ReadHtmlCacheBehavior [ RunTime:0.000417s ]
INFO: Run Behavior\CheckLangBehavior [ RunTime:0.000637s ]
INFO: [ app_begin ] --END-- [ RunTime:0.001337s ]
SQL: SHOW COLUMNS FROM `cmf_users` [ RunTime:0.0022s ]
SQL: SELECT * FROM `cmf_users` WHERE ( id=1 ) LIMIT 1   [ RunTime:0.0015s ]
SQL: SHOW COLUMNS FROM `cmf_game_service` [ RunTime:0.0016s ]
SQL: SELECT a.*,b.room_name,b.room_no FROM cmf_game_service as a INNER JOIN cmf_game_room as b on a.room_id = b.id  WHERE a.status = 0  [ RunTime:0.0013s ]
NOTIC: [8] Undefined index: url /home/wwwroot/default/application/Common/Controller/AppframeController.class.php 第 24 行.

[ 2018-05-20T23:59:50+08:00 ] 119.123.157.64 /index.php?g=Admin&m=Service&a=bill
INFO: [ app_begin ] --START--
INFO: Run Behavior\ReadHtmlCacheBehavior [ RunTime:0.000398s ]
INFO: Run Behavior\CheckLangBehavior [ RunTime:0.000611s ]
INFO: [ app_begin ] --END-- [ RunTime:0.001297s ]
SQL: SHOW COLUMNS FROM `cmf_users` [ RunTime:0.0028s ]
SQL: SELECT * FROM `cmf_users` WHERE ( id=1 ) LIMIT 1   [ RunTime:0.0015s ]
SQL: SHOW COLUMNS FROM `cmf_game_service` [ RunTime:0.0019s ]
SQL: SELECT a.*,b.room_name,b.room_no FROM cmf_game_service as a INNER JOIN cmf_game_room as b on a.room_id = b.id  WHERE a.status = 0  [ RunTime:0.0014s ]
NOTIC: [8] Undefined index: url /home/wwwroot/default/application/Common/Controller/AppframeController.class.php 第 24 行.

