[ 2018-05-26T07:32:20+08:00 ] 119.123.159.107 /index.php?g=Admin&m=Service&a=bill
INFO: [ app_begin ] --START--
INFO: Run Behavior\ReadHtmlCacheBehavior [ RunTime:0.000427s ]
INFO: Run Behavior\CheckLangBehavior [ RunTime:0.000588s ]
INFO: [ app_begin ] --END-- [ RunTime:0.001306s ]
SQL: SHOW COLUMNS FROM `cmf_users` [ RunTime:0.0027s ]
SQL: SELECT * FROM `cmf_users` WHERE ( id=1 ) LIMIT 1   [ RunTime:0.0019s ]
SQL: SHOW COLUMNS FROM `cmf_game_service` [ RunTime:0.0021s ]
SQL: SELECT a.*,b.room_name,b.room_no FROM cmf_game_service as a INNER JOIN cmf_game_room as b on a.room_id = b.id  WHERE a.status = 0  [ RunTime:0.0019s ]
NOTIC: [8] Undefined index: url /home/wwwroot/default/application/Common/Controller/AppframeController.class.php 第 24 行.

[ 2018-05-26T07:32:21+08:00 ] 119.123.159.107 /index.php?g=Admin&m=Service&a=bill
INFO: [ app_begin ] --START--
INFO: Run Behavior\ReadHtmlCacheBehavior [ RunTime:0.000368s ]
INFO: Run Behavior\CheckLangBehavior [ RunTime:0.000626s ]
INFO: [ app_begin ] --END-- [ RunTime:0.001269s ]
SQL: SHOW COLUMNS FROM `cmf_users` [ RunTime:0.0027s ]
SQL: SELECT * FROM `cmf_users` WHERE ( id=1 ) LIMIT 1   [ RunTime:0.0021s ]
SQL: SHOW COLUMNS FROM `cmf_game_service` [ RunTime:0.0023s ]
SQL: SELECT a.*,b.room_name,b.room_no FROM cmf_game_service as a INNER JOIN cmf_game_room as b on a.room_id = b.id  WHERE a.status = 0  [ RunTime:0.0020s ]
NOTIC: [8] Undefined index: url /home/wwwroot/default/application/Common/Controller/AppframeController.class.php 第 24 行.

[ 2018-05-26T07:32:23+08:00 ] 119.123.159.107 /index.php?g=Admin&m=Service&a=bill
INFO: [ app_begin ] --START--
INFO: Run Behavior\ReadHtmlCacheBehavior [ RunTime:0.000370s ]
INFO: Run Behavior\CheckLangBehavior [ RunTime:0.000635s ]
INFO: [ app_begin ] --END-- [ RunTime:0.001284s ]
SQL: SHOW COLUMNS FROM `cmf_users` [ RunTime:0.0029s ]
SQL: SELECT * FROM `cmf_users` WHERE ( id=1 ) LIMIT 1   [ RunTime:0.0021s ]
SQL: SHOW COLUMNS FROM `cmf_game_service` [ RunTime:0.0023s ]
SQL: SELECT a.*,b.room_name,b.room_no FROM cmf_game_service as a INNER JOIN cmf_game_room as b on a.room_id = b.id  WHERE a.status = 0  [ RunTime:0.0020s ]
NOTIC: [8] Undefined index: url /home/wwwroot/default/application/Common/Controller/AppframeController.class.php 第 24 行.

[ 2018-05-26T07:32:25+08:00 ] 119.123.159.107 /index.php?g=Admin&m=Service&a=bill
INFO: [ app_begin ] --START--
INFO: Run Behavior\ReadHtmlCacheBehavior [ RunTime:0.000441s ]
INFO: Run Behavior\CheckLangBehavior [ RunTime:0.000581s ]
INFO: [ app_begin ] --END-- [ RunTime:0.001293s ]
SQL: SHOW COLUMNS FROM `cmf_users` [ RunTime:0.0025s ]
SQL: SELECT * FROM `cmf_users` WHERE ( id=1 ) LIMIT 1   [ RunTime:0.0018s ]
SQL: SHOW COLUMNS FROM `cmf_game_service` [ RunTime:0.0019s ]
SQL: SELECT a.*,b.room_name,b.room_no FROM cmf_game_service as a INNER JOIN cmf_game_room as b on a.room_id = b.id  WHERE a.status = 0  [ RunTime:0.0018s ]
NOTIC: [8] Undefined index: url /home/wwwroot/default/application/Common/Controller/AppframeController.class.php 第 24 行.

[ 2018-05-26T07:32:49+08:00 ] 119.123.159.107 /index.php?g=Admin&m=Service&a=bill
INFO: [ app_begin ] --START--
INFO: Run Behavior\ReadHtmlCacheBehavior [ RunTime:0.000369s ]
INFO: Run Behavior\CheckLangBehavior [ RunTime:0.000615s ]
INFO: [ app_begin ] --END-- [ RunTime:0.001292s ]
SQL: SHOW COLUMNS FROM `cmf_users` [ RunTime:0.0030s ]
SQL: SELECT * FROM `cmf_users` WHERE ( id=1 ) LIMIT 1   [ RunTime:0.0022s ]
SQL: SHOW COLUMNS FROM `cmf_game_service` [ RunTime:0.0024s ]
SQL: SELECT a.*,b.room_name,b.room_no FROM cmf_game_service as a INNER JOIN cmf_game_room as b on a.room_id = b.id  WHERE a.status = 0  [ RunTime:0.0022s ]
NOTIC: [8] Undefined index: url /home/wwwroot/default/application/Common/Controller/AppframeController.class.php 第 24 行.

[ 2018-05-26T07:32:49+08:00 ] 119.123.159.107 /index.php?g=Admin&m=Service&a=bill
INFO: [ app_begin ] --START--
INFO: Run Behavior\ReadHtmlCacheBehavior [ RunTime:0.000365s ]
INFO: Run Behavior\CheckLangBehavior [ RunTime:0.000630s ]
INFO: [ app_begin ] --END-- [ RunTime:0.001296s ]
SQL: SHOW COLUMNS FROM `cmf_users` [ RunTime:0.0028s ]
SQL: SELECT * FROM `cmf_users` WHERE ( id=1 ) LIMIT 1   [ RunTime:0.0021s ]
SQL: SHOW COLUMNS FROM `cmf_game_service` [ RunTime:0.0022s ]
SQL: SELECT a.*,b.room_name,b.room_no FROM cmf_game_service as a INNER JOIN cmf_game_room as b on a.room_id = b.id  WHERE a.status = 0  [ RunTime:0.0020s ]
NOTIC: [8] Undefined index: url /home/wwwroot/default/application/Common/Controller/AppframeController.class.php 第 24 行.

[ 2018-05-26T07:32:50+08:00 ] 119.123.159.107 /index.php?g=Admin&m=Service&a=bill
INFO: [ app_begin ] --START--
INFO: Run Behavior\ReadHtmlCacheBehavior [ RunTime:0.000495s ]
INFO: Run Behavior\CheckLangBehavior [ RunTime:0.000656s ]
INFO: [ app_begin ] --END-- [ RunTime:0.001552s ]
SQL: SHOW COLUMNS FROM `cmf_users` [ RunTime:0.0020s ]
SQL: SELECT * FROM `cmf_users` WHERE ( id=1 ) LIMIT 1   [ RunTime:0.0014s ]
SQL: SHOW COLUMNS FROM `cmf_game_service` [ RunTime:0.0015s ]
SQL: SELECT a.*,b.room_name,b.room_no FROM cmf_game_service as a INNER JOIN cmf_game_room as b on a.room_id = b.id  WHERE a.status = 0  [ RunTime:0.0013s ]
NOTIC: [8] Undefined index: url /home/wwwroot/default/application/Common/Controller/AppframeController.class.php 第 24 行.

[ 2018-05-26T07:32:51+08:00 ] 119.123.159.107 /index.php?g=Admin&m=Service&a=bill
INFO: [ app_begin ] --START--
INFO: Run Behavior\ReadHtmlCacheBehavior [ RunTime:0.000369s ]
INFO: Run Behavior\CheckLangBehavior [ RunTime:0.000573s ]
INFO: [ app_begin ] --END-- [ RunTime:0.001266s ]
SQL: SHOW COLUMNS FROM `cmf_users` [ RunTime:0.0022s ]
SQL: SELECT * FROM `cmf_users` WHERE ( id=1 ) LIMIT 1   [ RunTime:0.0016s ]
SQL: SHOW COLUMNS FROM `cmf_game_service` [ RunTime:0.0016s ]
SQL: SELECT a.*,b.room_name,b.room_no FROM cmf_game_service as a INNER JOIN cmf_game_room as b on a.room_id = b.id  WHERE a.status = 0  [ RunTime:0.0013s ]
NOTIC: [8] Undefined index: url /home/wwwroot/default/application/Common/Controller/AppframeController.class.php 第 24 行.

[ 2018-05-26T07:32:53+08:00 ] 119.123.159.107 /index.php?g=Admin&m=Service&a=bill
INFO: [ app_begin ] --START--
INFO: Run Behavior\ReadHtmlCacheBehavior [ RunTime:0.000445s ]
INFO: Run Behavior\CheckLangBehavior [ RunTime:0.000574s ]
INFO: [ app_begin ] --END-- [ RunTime:0.001288s ]
SQL: SHOW COLUMNS FROM `cmf_users` [ RunTime:0.0032s ]
SQL: SELECT * FROM `cmf_users` WHERE ( id=1 ) LIMIT 1   [ RunTime:0.0019s ]
SQL: SHOW COLUMNS FROM `cmf_game_service` [ RunTime:0.0023s ]
SQL: SELECT a.*,b.room_name,b.room_no FROM cmf_game_service as a INNER JOIN cmf_game_room as b on a.room_id = b.id  WHERE a.status = 0  [ RunTime:0.0018s ]
NOTIC: [8] Undefined index: url /home/wwwroot/default/application/Common/Controller/AppframeController.class.php 第 24 行.

[ 2018-05-26T07:32:55+08:00 ] 119.123.159.107 /index.php?g=Admin&m=Service&a=bill
INFO: [ app_begin ] --START--
INFO: Run Behavior\ReadHtmlCacheBehavior [ RunTime:0.000366s ]
INFO: Run Behavior\CheckLangBehavior [ RunTime:0.000634s ]
INFO: [ app_begin ] --END-- [ RunTime:0.001299s ]
SQL: SHOW COLUMNS FROM `cmf_users` [ RunTime:0.0032s ]
SQL: SELECT * FROM `cmf_users` WHERE ( id=1 ) LIMIT 1   [ RunTime:0.0019s ]
SQL: SHOW COLUMNS FROM `cmf_game_service` [ RunTime:0.0023s ]
SQL: SELECT a.*,b.room_name,b.room_no FROM cmf_game_service as a INNER JOIN cmf_game_room as b on a.room_id = b.id  WHERE a.status = 0  [ RunTime:0.0018s ]
NOTIC: [8] Undefined index: url /home/wwwroot/default/application/Common/Controller/AppframeController.class.php 第 24 行.

[ 2018-05-26T07:33:19+08:00 ] 119.123.159.107 /index.php?g=Admin&m=Service&a=bill
INFO: [ app_begin ] --START--
INFO: Run Behavior\ReadHtmlCacheBehavior [ RunTime:0.000368s ]
INFO: Run Behavior\CheckLangBehavior [ RunTime:0.000633s ]
INFO: [ app_begin ] --END-- [ RunTime:0.001317s ]
SQL: SHOW COLUMNS FROM `cmf_users` [ RunTime:0.0022s ]
SQL: SELECT * FROM `cmf_users` WHERE ( id=1 ) LIMIT 1   [ RunTime:0.0014s ]
SQL: SHOW COLUMNS FROM `cmf_game_service` [ RunTime:0.0015s ]
SQL: SELECT a.*,b.room_name,b.room_no FROM cmf_game_service as a INNER JOIN cmf_game_room as b on a.room_id = b.id  WHERE a.status = 0  [ RunTime:0.0013s ]
NOTIC: [8] Undefined index: url /home/wwwroot/default/application/Common/Controller/AppframeController.class.php 第 24 行.

[ 2018-05-26T07:33:19+08:00 ] 119.123.159.107 /index.php?g=Admin&m=Service&a=bill
INFO: [ app_begin ] --START--
INFO: Run Behavior\ReadHtmlCacheBehavior [ RunTime:0.000358s ]
INFO: Run Behavior\CheckLangBehavior [ RunTime:0.000581s ]
INFO: [ app_begin ] --END-- [ RunTime:0.001212s ]
SQL: SHOW COLUMNS FROM `cmf_users` [ RunTime:0.0030s ]
SQL: SELECT * FROM `cmf_users` WHERE ( id=1 ) LIMIT 1   [ RunTime:0.0020s ]
SQL: SHOW COLUMNS FROM `cmf_game_service` [ RunTime:0.0021s ]
SQL: SELECT a.*,b.room_name,b.room_no FROM cmf_game_service as a INNER JOIN cmf_game_room as b on a.room_id = b.id  WHERE a.status = 0  [ RunTime:0.0018s ]
NOTIC: [8] Undefined index: url /home/wwwroot/default/application/Common/Controller/AppframeController.class.php 第 24 行.

[ 2018-05-26T07:33:20+08:00 ] 119.123.159.107 /index.php?g=Admin&m=Service&a=bill
INFO: [ app_begin ] --START--
INFO: Run Behavior\ReadHtmlCacheBehavior [ RunTime:0.000369s ]
INFO: Run Behavior\CheckLangBehavior [ RunTime:0.000639s ]
INFO: [ app_begin ] --END-- [ RunTime:0.001328s ]
SQL: SHOW COLUMNS FROM `cmf_users` [ RunTime:0.0031s ]
SQL: SELECT * FROM `cmf_users` WHERE ( id=1 ) LIMIT 1   [ RunTime:0.0023s ]
SQL: SHOW COLUMNS FROM `cmf_game_service` [ RunTime:0.0024s ]
SQL: SELECT a.*,b.room_name,b.room_no FROM cmf_game_service as a INNER JOIN cmf_game_room as b on a.room_id = b.id  WHERE a.status = 0  [ RunTime:0.0022s ]
NOTIC: [8] Undefined index: url /home/wwwroot/default/application/Common/Controller/AppframeController.class.php 第 24 行.

[ 2018-05-26T07:33:21+08:00 ] 119.123.159.107 /index.php?g=Admin&m=Service&a=bill
INFO: [ app_begin ] --START--
INFO: Run Behavior\ReadHtmlCacheBehavior [ RunTime:0.000402s ]
INFO: Run Behavior\CheckLangBehavior [ RunTime:0.000615s ]
INFO: [ app_begin ] --END-- [ RunTime:0.001281s ]
SQL: SHOW COLUMNS FROM `cmf_users` [ RunTime:0.0020s ]
SQL: SELECT * FROM `cmf_users` WHERE ( id=1 ) LIMIT 1   [ RunTime:0.0014s ]
SQL: SHOW COLUMNS FROM `cmf_game_service` [ RunTime:0.0020s ]
SQL: SELECT a.*,b.room_name,b.room_no FROM cmf_game_service as a INNER JOIN cmf_game_room as b on a.room_id = b.id  WHERE a.status = 0  [ RunTime:0.0014s ]
NOTIC: [8] Undefined index: url /home/wwwroot/default/application/Common/Controller/AppframeController.class.php 第 24 行.

[ 2018-05-26T07:33:23+08:00 ] 119.123.159.107 /index.php?g=Admin&m=Service&a=bill
INFO: [ app_begin ] --START--
INFO: Run Behavior\ReadHtmlCacheBehavior [ RunTime:0.000361s ]
INFO: Run Behavior\CheckLangBehavior [ RunTime:0.000629s ]
INFO: [ app_begin ] --END-- [ RunTime:0.001254s ]
SQL: SHOW COLUMNS FROM `cmf_users` [ RunTime:0.0028s ]
SQL: SELECT * FROM `cmf_users` WHERE ( id=1 ) LIMIT 1   [ RunTime:0.0019s ]
SQL: SHOW COLUMNS FROM `cmf_game_service` [ RunTime:0.0023s ]
SQL: SELECT a.*,b.room_name,b.room_no FROM cmf_game_service as a INNER JOIN cmf_game_room as b on a.room_id = b.id  WHERE a.status = 0  [ RunTime:0.0017s ]
NOTIC: [8] Undefined index: url /home/wwwroot/default/application/Common/Controller/AppframeController.class.php 第 24 行.

[ 2018-05-26T07:33:25+08:00 ] 119.123.159.107 /index.php?g=Admin&m=Service&a=bill
INFO: [ app_begin ] --START--
INFO: Run Behavior\ReadHtmlCacheBehavior [ RunTime:0.000431s ]
INFO: Run Behavior\CheckLangBehavior [ RunTime:0.000624s ]
INFO: [ app_begin ] --END-- [ RunTime:0.001324s ]
SQL: SHOW COLUMNS FROM `cmf_users` [ RunTime:0.0028s ]
SQL: SELECT * FROM `cmf_users` WHERE ( id=1 ) LIMIT 1   [ RunTime:0.0021s ]
SQL: SHOW COLUMNS FROM `cmf_game_service` [ RunTime:0.0022s ]
SQL: SELECT a.*,b.room_name,b.room_no FROM cmf_game_service as a INNER JOIN cmf_game_room as b on a.room_id = b.id  WHERE a.status = 0  [ RunTime:0.0019s ]
NOTIC: [8] Undefined index: url /home/wwwroot/default/application/Common/Controller/AppframeController.class.php 第 24 行.

[ 2018-05-26T07:33:49+08:00 ] 119.123.159.107 /index.php?g=Admin&m=Service&a=bill
INFO: [ app_begin ] --START--
INFO: Run Behavior\ReadHtmlCacheBehavior [ RunTime:0.000362s ]
INFO: Run Behavior\CheckLangBehavior [ RunTime:0.000643s ]
INFO: [ app_begin ] --END-- [ RunTime:0.001266s ]
SQL: SHOW COLUMNS FROM `cmf_users` [ RunTime:0.0027s ]
SQL: SELECT * FROM `cmf_users` WHERE ( id=1 ) LIMIT 1   [ RunTime:0.0019s ]
SQL: SHOW COLUMNS FROM `cmf_game_service` [ RunTime:0.0020s ]
SQL: SELECT a.*,b.room_name,b.room_no FROM cmf_game_service as a INNER JOIN cmf_game_room as b on a.room_id = b.id  WHERE a.status = 0  [ RunTime:0.0017s ]
NOTIC: [8] Undefined index: url /home/wwwroot/default/application/Common/Controller/AppframeController.class.php 第 24 行.

[ 2018-05-26T07:33:49+08:00 ] 119.123.159.107 /index.php?g=Admin&m=Service&a=bill
INFO: [ app_begin ] --START--
INFO: Run Behavior\ReadHtmlCacheBehavior [ RunTime:0.000370s ]
INFO: Run Behavior\CheckLangBehavior [ RunTime:0.000640s ]
INFO: [ app_begin ] --END-- [ RunTime:0.001281s ]
SQL: SHOW COLUMNS FROM `cmf_users` [ RunTime:0.0023s ]
SQL: SELECT * FROM `cmf_users` WHERE ( id=1 ) LIMIT 1   [ RunTime:0.0016s ]
SQL: SHOW COLUMNS FROM `cmf_game_service` [ RunTime:0.0017s ]
SQL: SELECT a.*,b.room_name,b.room_no FROM cmf_game_service as a INNER JOIN cmf_game_room as b on a.room_id = b.id  WHERE a.status = 0  [ RunTime:0.0015s ]
NOTIC: [8] Undefined index: url /home/wwwroot/default/application/Common/Controller/AppframeController.class.php 第 24 行.

[ 2018-05-26T07:33:50+08:00 ] 119.123.159.107 /index.php?g=Admin&m=Service&a=bill
INFO: [ app_begin ] --START--
INFO: Run Behavior\ReadHtmlCacheBehavior [ RunTime:0.000365s ]
INFO: Run Behavior\CheckLangBehavior [ RunTime:0.000630s ]
INFO: [ app_begin ] --END-- [ RunTime:0.001269s ]
SQL: SHOW COLUMNS FROM `cmf_users` [ RunTime:0.0021s ]
SQL: SELECT * FROM `cmf_users` WHERE ( id=1 ) LIMIT 1   [ RunTime:0.0014s ]
SQL: SHOW COLUMNS FROM `cmf_game_service` [ RunTime:0.0016s ]
SQL: SELECT a.*,b.room_name,b.room_no FROM cmf_game_service as a INNER JOIN cmf_game_room as b on a.room_id = b.id  WHERE a.status = 0  [ RunTime:0.0013s ]
NOTIC: [8] Undefined index: url /home/wwwroot/default/application/Common/Controller/AppframeController.class.php 第 24 行.

[ 2018-05-26T07:33:51+08:00 ] 119.123.159.107 /index.php?g=Admin&m=Service&a=bill
INFO: [ app_begin ] --START--
INFO: Run Behavior\ReadHtmlCacheBehavior [ RunTime:0.000382s ]
INFO: Run Behavior\CheckLangBehavior [ RunTime:0.000616s ]
INFO: [ app_begin ] --END-- [ RunTime:0.001268s ]
SQL: SHOW COLUMNS FROM `cmf_users` [ RunTime:0.0029s ]
SQL: SELECT * FROM `cmf_users` WHERE ( id=1 ) LIMIT 1   [ RunTime:0.0022s ]
SQL: SHOW COLUMNS FROM `cmf_game_service` [ RunTime:0.0024s ]
SQL: SELECT a.*,b.room_name,b.room_no FROM cmf_game_service as a INNER JOIN cmf_game_room as b on a.room_id = b.id  WHERE a.status = 0  [ RunTime:0.0022s ]
NOTIC: [8] Undefined index: url /home/wwwroot/default/application/Common/Controller/AppframeController.class.php 第 24 行.

[ 2018-05-26T07:33:53+08:00 ] 119.123.159.107 /index.php?g=Admin&m=Service&a=bill
INFO: [ app_begin ] --START--
INFO: Run Behavior\ReadHtmlCacheBehavior [ RunTime:0.000420s ]
INFO: Run Behavior\CheckLangBehavior [ RunTime:0.000573s ]
INFO: [ app_begin ] --END-- [ RunTime:0.001264s ]
SQL: SHOW COLUMNS FROM `cmf_users` [ RunTime:0.0028s ]
SQL: SELECT * FROM `cmf_users` WHERE ( id=1 ) LIMIT 1   [ RunTime:0.0019s ]
SQL: SHOW COLUMNS FROM `cmf_game_service` [ RunTime:0.0021s ]
SQL: SELECT a.*,b.room_name,b.room_no FROM cmf_game_service as a INNER JOIN cmf_game_room as b on a.room_id = b.id  WHERE a.status = 0  [ RunTime:0.0019s ]
NOTIC: [8] Undefined index: url /home/wwwroot/default/application/Common/Controller/AppframeController.class.php 第 24 行.

[ 2018-05-26T07:33:55+08:00 ] 119.123.159.107 /index.php?g=Admin&m=Service&a=bill
INFO: [ app_begin ] --START--
INFO: Run Behavior\ReadHtmlCacheBehavior [ RunTime:0.000368s ]
INFO: Run Behavior\CheckLangBehavior [ RunTime:0.000648s ]
INFO: [ app_begin ] --END-- [ RunTime:0.001366s ]
SQL: SHOW COLUMNS FROM `cmf_users` [ RunTime:0.0026s ]
SQL: SELECT * FROM `cmf_users` WHERE ( id=1 ) LIMIT 1   [ RunTime:0.0018s ]
SQL: SHOW COLUMNS FROM `cmf_game_service` [ RunTime:0.0020s ]
SQL: SELECT a.*,b.room_name,b.room_no FROM cmf_game_service as a INNER JOIN cmf_game_room as b on a.room_id = b.id  WHERE a.status = 0  [ RunTime:0.0017s ]
NOTIC: [8] Undefined index: url /home/wwwroot/default/application/Common/Controller/AppframeController.class.php 第 24 行.

[ 2018-05-26T07:34:19+08:00 ] 119.123.159.107 /index.php?g=Admin&m=Service&a=bill
INFO: [ app_begin ] --START--
INFO: Run Behavior\ReadHtmlCacheBehavior [ RunTime:0.000397s ]
INFO: Run Behavior\CheckLangBehavior [ RunTime:0.000626s ]
INFO: [ app_begin ] --END-- [ RunTime:0.001298s ]
SQL: SHOW COLUMNS FROM `cmf_users` [ RunTime:0.0029s ]
SQL: SELECT * FROM `cmf_users` WHERE ( id=1 ) LIMIT 1   [ RunTime:0.0017s ]
SQL: SHOW COLUMNS FROM `cmf_game_service` [ RunTime:0.0019s ]
SQL: SELECT a.*,b.room_name,b.room_no FROM cmf_game_service as a INNER JOIN cmf_game_room as b on a.room_id = b.id  WHERE a.status = 0  [ RunTime:0.0016s ]
NOTIC: [8] Undefined index: url /home/wwwroot/default/application/Common/Controller/AppframeController.class.php 第 24 行.

[ 2018-05-26T07:34:19+08:00 ] 119.123.159.107 /index.php?g=Admin&m=Service&a=bill
INFO: [ app_begin ] --START--
INFO: Run Behavior\ReadHtmlCacheBehavior [ RunTime:0.000378s ]
INFO: Run Behavior\CheckLangBehavior [ RunTime:0.000633s ]
INFO: [ app_begin ] --END-- [ RunTime:0.001358s ]
SQL: SHOW COLUMNS FROM `cmf_users` [ RunTime:0.0030s ]
SQL: SELECT * FROM `cmf_users` WHERE ( id=1 ) LIMIT 1   [ RunTime:0.0023s ]
SQL: SHOW COLUMNS FROM `cmf_game_service` [ RunTime:0.0024s ]
SQL: SELECT a.*,b.room_name,b.room_no FROM cmf_game_service as a INNER JOIN cmf_game_room as b on a.room_id = b.id  WHERE a.status = 0  [ RunTime:0.0022s ]
NOTIC: [8] Undefined index: url /home/wwwroot/default/application/Common/Controller/AppframeController.class.php 第 24 行.

[ 2018-05-26T07:34:20+08:00 ] 119.123.159.107 /index.php?g=Admin&m=Service&a=bill
INFO: [ app_begin ] --START--
INFO: Run Behavior\ReadHtmlCacheBehavior [ RunTime:0.000398s ]
INFO: Run Behavior\CheckLangBehavior [ RunTime:0.000610s ]
INFO: [ app_begin ] --END-- [ RunTime:0.001274s ]
SQL: SHOW COLUMNS FROM `cmf_users` [ RunTime:0.0024s ]
SQL: SELECT * FROM `cmf_users` WHERE ( id=1 ) LIMIT 1   [ RunTime:0.0017s ]
SQL: SHOW COLUMNS FROM `cmf_game_service` [ RunTime:0.0018s ]
SQL: SELECT a.*,b.room_name,b.room_no FROM cmf_game_service as a INNER JOIN cmf_game_room as b on a.room_id = b.id  WHERE a.status = 0  [ RunTime:0.0015s ]
NOTIC: [8] Undefined index: url /home/wwwroot/default/application/Common/Controller/AppframeController.class.php 第 24 行.

[ 2018-05-26T07:34:21+08:00 ] 119.123.159.107 /index.php?g=Admin&m=Service&a=bill
INFO: [ app_begin ] --START--
INFO: Run Behavior\ReadHtmlCacheBehavior [ RunTime:0.000414s ]
INFO: Run Behavior\CheckLangBehavior [ RunTime:0.000571s ]
INFO: [ app_begin ] --END-- [ RunTime:0.001254s ]
SQL: SHOW COLUMNS FROM `cmf_users` [ RunTime:0.0030s ]
SQL: SELECT * FROM `cmf_users` WHERE ( id=1 ) LIMIT 1   [ RunTime:0.0023s ]
SQL: SHOW COLUMNS FROM `cmf_game_service` [ RunTime:0.0024s ]
SQL: SELECT a.*,b.room_name,b.room_no FROM cmf_game_service as a INNER JOIN cmf_game_room as b on a.room_id = b.id  WHERE a.status = 0  [ RunTime:0.0022s ]
NOTIC: [8] Undefined index: url /home/wwwroot/default/application/Common/Controller/AppframeController.class.php 第 24 行.

[ 2018-05-26T07:34:23+08:00 ] 119.123.159.107 /index.php?g=Admin&m=Service&a=bill
INFO: [ app_begin ] --START--
INFO: Run Behavior\ReadHtmlCacheBehavior [ RunTime:0.000396s ]
INFO: Run Behavior\CheckLangBehavior [ RunTime:0.000588s ]
INFO: [ app_begin ] --END-- [ RunTime:0.001269s ]
SQL: SHOW COLUMNS FROM `cmf_users` [ RunTime:0.0026s ]
SQL: SELECT * FROM `cmf_users` WHERE ( id=1 ) LIMIT 1   [ RunTime:0.0019s ]
SQL: SHOW COLUMNS FROM `cmf_game_service` [ RunTime:0.0020s ]
SQL: SELECT a.*,b.room_name,b.room_no FROM cmf_game_service as a INNER JOIN cmf_game_room as b on a.room_id = b.id  WHERE a.status = 0  [ RunTime:0.0018s ]
NOTIC: [8] Undefined index: url /home/wwwroot/default/application/Common/Controller/AppframeController.class.php 第 24 行.

[ 2018-05-26T07:34:25+08:00 ] 119.123.159.107 /index.php?g=Admin&m=Service&a=bill
INFO: [ app_begin ] --START--
INFO: Run Behavior\ReadHtmlCacheBehavior [ RunTime:0.000367s ]
INFO: Run Behavior\CheckLangBehavior [ RunTime:0.000625s ]
INFO: [ app_begin ] --END-- [ RunTime:0.001301s ]
SQL: SHOW COLUMNS FROM `cmf_users` [ RunTime:0.0024s ]
SQL: SELECT * FROM `cmf_users` WHERE ( id=1 ) LIMIT 1   [ RunTime:0.0017s ]
SQL: SHOW COLUMNS FROM `cmf_game_service` [ RunTime:0.0018s ]
SQL: SELECT a.*,b.room_name,b.room_no FROM cmf_game_service as a INNER JOIN cmf_game_room as b on a.room_id = b.id  WHERE a.status = 0  [ RunTime:0.0015s ]
NOTIC: [8] Undefined index: url /home/wwwroot/default/application/Common/Controller/AppframeController.class.php 第 24 行.

[ 2018-05-26T07:34:49+08:00 ] 119.123.159.107 /index.php?g=Admin&m=Service&a=bill
INFO: [ app_begin ] --START--
INFO: Run Behavior\ReadHtmlCacheBehavior [ RunTime:0.000547s ]
INFO: Run Behavior\CheckLangBehavior [ RunTime:0.000858s ]
INFO: [ app_begin ] --END-- [ RunTime:0.001771s ]
SQL: SHOW COLUMNS FROM `cmf_users` [ RunTime:0.0030s ]
SQL: SELECT * FROM `cmf_users` WHERE ( id=1 ) LIMIT 1   [ RunTime:0.0016s ]
SQL: SHOW COLUMNS FROM `cmf_game_service` [ RunTime:0.0018s ]
SQL: SELECT a.*,b.room_name,b.room_no FROM cmf_game_service as a INNER JOIN cmf_game_room as b on a.room_id = b.id  WHERE a.status = 0  [ RunTime:0.0013s ]
NOTIC: [8] Undefined index: url /home/wwwroot/default/application/Common/Controller/AppframeController.class.php 第 24 行.

[ 2018-05-26T07:34:49+08:00 ] 119.123.159.107 /index.php?g=Admin&m=Service&a=bill
INFO: [ app_begin ] --START--
INFO: Run Behavior\ReadHtmlCacheBehavior [ RunTime:0.000547s ]
INFO: Run Behavior\CheckLangBehavior [ RunTime:0.000858s ]
INFO: [ app_begin ] --END-- [ RunTime:0.001771s ]
SQL: SHOW COLUMNS FROM `cmf_users` [ RunTime:0.0033s ]
SQL: SELECT * FROM `cmf_users` WHERE ( id=1 ) LIMIT 1   [ RunTime:0.0021s ]
SQL: SHOW COLUMNS FROM `cmf_game_service` [ RunTime:0.0025s ]
SQL: SELECT a.*,b.room_name,b.room_no FROM cmf_game_service as a INNER JOIN cmf_game_room as b on a.room_id = b.id  WHERE a.status = 0  [ RunTime:0.0020s ]
NOTIC: [8] Undefined index: url /home/wwwroot/default/application/Common/Controller/AppframeController.class.php 第 24 行.

[ 2018-05-26T07:34:50+08:00 ] 119.123.159.107 /index.php?g=Admin&m=Service&a=bill
INFO: [ app_begin ] --START--
INFO: Run Behavior\ReadHtmlCacheBehavior [ RunTime:0.000367s ]
INFO: Run Behavior\CheckLangBehavior [ RunTime:0.000660s ]
INFO: [ app_begin ] --END-- [ RunTime:0.001298s ]
SQL: SHOW COLUMNS FROM `cmf_users` [ RunTime:0.0036s ]
SQL: SELECT * FROM `cmf_users` WHERE ( id=1 ) LIMIT 1   [ RunTime:0.0025s ]
SQL: SHOW COLUMNS FROM `cmf_game_service` [ RunTime:0.0028s ]
SQL: SELECT a.*,b.room_name,b.room_no FROM cmf_game_service as a INNER JOIN cmf_game_room as b on a.room_id = b.id  WHERE a.status = 0  [ RunTime:0.0022s ]
NOTIC: [8] Undefined index: url /home/wwwroot/default/application/Common/Controller/AppframeController.class.php 第 24 行.

[ 2018-05-26T07:34:51+08:00 ] 119.123.159.107 /index.php?g=Admin&m=Service&a=bill
INFO: [ app_begin ] --START--
INFO: Run Behavior\ReadHtmlCacheBehavior [ RunTime:0.000418s ]
INFO: Run Behavior\CheckLangBehavior [ RunTime:0.000569s ]
INFO: [ app_begin ] --END-- [ RunTime:0.001285s ]
SQL: SHOW COLUMNS FROM `cmf_users` [ RunTime:0.0028s ]
SQL: SELECT * FROM `cmf_users` WHERE ( id=1 ) LIMIT 1   [ RunTime:0.0019s ]
SQL: SHOW COLUMNS FROM `cmf_game_service` [ RunTime:0.0020s ]
SQL: SELECT a.*,b.room_name,b.room_no FROM cmf_game_service as a INNER JOIN cmf_game_room as b on a.room_id = b.id  WHERE a.status = 0  [ RunTime:0.0017s ]
NOTIC: [8] Undefined index: url /home/wwwroot/default/application/Common/Controller/AppframeController.class.php 第 24 行.

[ 2018-05-26T07:34:53+08:00 ] 119.123.159.107 /index.php?g=Admin&m=Service&a=bill
INFO: [ app_begin ] --START--
INFO: Run Behavior\ReadHtmlCacheBehavior [ RunTime:0.000434s ]
INFO: Run Behavior\CheckLangBehavior [ RunTime:0.000579s ]
INFO: [ app_begin ] --END-- [ RunTime:0.001282s ]
SQL: SHOW COLUMNS FROM `cmf_users` [ RunTime:0.0030s ]
SQL: SELECT * FROM `cmf_users` WHERE ( id=1 ) LIMIT 1   [ RunTime:0.0021s ]
SQL: SHOW COLUMNS FROM `cmf_game_service` [ RunTime:0.0023s ]
SQL: SELECT a.*,b.room_name,b.room_no FROM cmf_game_service as a INNER JOIN cmf_game_room as b on a.room_id = b.id  WHERE a.status = 0  [ RunTime:0.0020s ]
NOTIC: [8] Undefined index: url /home/wwwroot/default/application/Common/Controller/AppframeController.class.php 第 24 行.

[ 2018-05-26T07:34:55+08:00 ] 119.123.159.107 /index.php?g=Admin&m=Service&a=bill
INFO: [ app_begin ] --START--
INFO: Run Behavior\ReadHtmlCacheBehavior [ RunTime:0.000365s ]
INFO: Run Behavior\CheckLangBehavior [ RunTime:0.000631s ]
INFO: [ app_begin ] --END-- [ RunTime:0.001296s ]
SQL: SHOW COLUMNS FROM `cmf_users` [ RunTime:0.0025s ]
SQL: SELECT * FROM `cmf_users` WHERE ( id=1 ) LIMIT 1   [ RunTime:0.0018s ]
SQL: SHOW COLUMNS FROM `cmf_game_service` [ RunTime:0.0020s ]
SQL: SELECT a.*,b.room_name,b.room_no FROM cmf_game_service as a INNER JOIN cmf_game_room as b on a.room_id = b.id  WHERE a.status = 0  [ RunTime:0.0017s ]
NOTIC: [8] Undefined index: url /home/wwwroot/default/application/Common/Controller/AppframeController.class.php 第 24 行.

[ 2018-05-26T07:35:19+08:00 ] 119.123.159.107 /index.php?g=Admin&m=Service&a=bill
INFO: [ app_begin ] --START--
INFO: Run Behavior\ReadHtmlCacheBehavior [ RunTime:0.000365s ]
INFO: Run Behavior\CheckLangBehavior [ RunTime:0.000627s ]
INFO: [ app_begin ] --END-- [ RunTime:0.001263s ]
SQL: SHOW COLUMNS FROM `cmf_users` [ RunTime:0.0031s ]
SQL: SELECT * FROM `cmf_users` WHERE ( id=1 ) LIMIT 1   [ RunTime:0.0023s ]
SQL: SHOW COLUMNS FROM `cmf_game_service` [ RunTime:0.0027s ]
SQL: SELECT a.*,b.room_name,b.room_no FROM cmf_game_service as a INNER JOIN cmf_game_room as b on a.room_id = b.id  WHERE a.status = 0  [ RunTime:0.0022s ]
NOTIC: [8] Undefined index: url /home/wwwroot/default/application/Common/Controller/AppframeController.class.php 第 24 行.

[ 2018-05-26T07:35:19+08:00 ] 119.123.159.107 /index.php?g=Admin&m=Service&a=bill
INFO: [ app_begin ] --START--
INFO: Run Behavior\ReadHtmlCacheBehavior [ RunTime:0.000410s ]
INFO: Run Behavior\CheckLangBehavior [ RunTime:0.000574s ]
INFO: [ app_begin ] --END-- [ RunTime:0.001251s ]
SQL: SHOW COLUMNS FROM `cmf_users` [ RunTime:0.0029s ]
SQL: SELECT * FROM `cmf_users` WHERE ( id=1 ) LIMIT 1   [ RunTime:0.0023s ]
SQL: SHOW COLUMNS FROM `cmf_game_service` [ RunTime:0.0025s ]
SQL: SELECT a.*,b.room_name,b.room_no FROM cmf_game_service as a INNER JOIN cmf_game_room as b on a.room_id = b.id  WHERE a.status = 0  [ RunTime:0.0022s ]
NOTIC: [8] Undefined index: url /home/wwwroot/default/application/Common/Controller/AppframeController.class.php 第 24 行.

[ 2018-05-26T07:35:20+08:00 ] 119.123.159.107 /index.php?g=Admin&m=Service&a=bill
INFO: [ app_begin ] --START--
INFO: Run Behavior\ReadHtmlCacheBehavior [ RunTime:0.000416s ]
INFO: Run Behavior\CheckLangBehavior [ RunTime:0.000594s ]
INFO: [ app_begin ] --END-- [ RunTime:0.001281s ]
SQL: SHOW COLUMNS FROM `cmf_users` [ RunTime:0.0029s ]
SQL: SELECT * FROM `cmf_users` WHERE ( id=1 ) LIMIT 1   [ RunTime:0.0022s ]
SQL: SHOW COLUMNS FROM `cmf_game_service` [ RunTime:0.0024s ]
SQL: SELECT a.*,b.room_name,b.room_no FROM cmf_game_service as a INNER JOIN cmf_game_room as b on a.room_id = b.id  WHERE a.status = 0  [ RunTime:0.0022s ]
NOTIC: [8] Undefined index: url /home/wwwroot/default/application/Common/Controller/AppframeController.class.php 第 24 行.

[ 2018-05-26T07:35:21+08:00 ] 119.123.159.107 /index.php?g=Admin&m=Service&a=bill
INFO: [ app_begin ] --START--
INFO: Run Behavior\ReadHtmlCacheBehavior [ RunTime:0.000392s ]
INFO: Run Behavior\CheckLangBehavior [ RunTime:0.000582s ]
INFO: [ app_begin ] --END-- [ RunTime:0.001261s ]
SQL: SHOW COLUMNS FROM `cmf_users` [ RunTime:0.0022s ]
SQL: SELECT * FROM `cmf_users` WHERE ( id=1 ) LIMIT 1   [ RunTime:0.0015s ]
SQL: SHOW COLUMNS FROM `cmf_game_service` [ RunTime:0.0019s ]
SQL: SELECT a.*,b.room_name,b.room_no FROM cmf_game_service as a INNER JOIN cmf_game_room as b on a.room_id = b.id  WHERE a.status = 0  [ RunTime:0.0014s ]
NOTIC: [8] Undefined index: url /home/wwwroot/default/application/Common/Controller/AppframeController.class.php 第 24 行.

[ 2018-05-26T07:35:23+08:00 ] 119.123.159.107 /index.php?g=Admin&m=Service&a=bill
INFO: [ app_begin ] --START--
INFO: Run Behavior\ReadHtmlCacheBehavior [ RunTime:0.000368s ]
INFO: Run Behavior\CheckLangBehavior [ RunTime:0.000646s ]
INFO: [ app_begin ] --END-- [ RunTime:0.001322s ]
SQL: SHOW COLUMNS FROM `cmf_users` [ RunTime:0.0027s ]
SQL: SELECT * FROM `cmf_users` WHERE ( id=1 ) LIMIT 1   [ RunTime:0.0019s ]
SQL: SHOW COLUMNS FROM `cmf_game_service` [ RunTime:0.0021s ]
SQL: SELECT a.*,b.room_name,b.room_no FROM cmf_game_service as a INNER JOIN cmf_game_room as b on a.room_id = b.id  WHERE a.status = 0  [ RunTime:0.0018s ]
NOTIC: [8] Undefined index: url /home/wwwroot/default/application/Common/Controller/AppframeController.class.php 第 24 行.

[ 2018-05-26T07:35:25+08:00 ] 119.123.159.107 /index.php?g=Admin&m=Service&a=bill
INFO: [ app_begin ] --START--
INFO: Run Behavior\ReadHtmlCacheBehavior [ RunTime:0.000415s ]
INFO: Run Behavior\CheckLangBehavior [ RunTime:0.000581s ]
INFO: [ app_begin ] --END-- [ RunTime:0.001287s ]
SQL: SHOW COLUMNS FROM `cmf_users` [ RunTime:0.0038s ]
SQL: SELECT * FROM `cmf_users` WHERE ( id=1 ) LIMIT 1   [ RunTime:0.0024s ]
SQL: SHOW COLUMNS FROM `cmf_game_service` [ RunTime:0.0027s ]
SQL: SELECT a.*,b.room_name,b.room_no FROM cmf_game_service as a INNER JOIN cmf_game_room as b on a.room_id = b.id  WHERE a.status = 0  [ RunTime:0.0022s ]
NOTIC: [8] Undefined index: url /home/wwwroot/default/application/Common/Controller/AppframeController.class.php 第 24 行.

[ 2018-05-26T07:35:49+08:00 ] 119.123.159.107 /index.php?g=Admin&m=Service&a=bill
INFO: [ app_begin ] --START--
INFO: Run Behavior\ReadHtmlCacheBehavior [ RunTime:0.000368s ]
INFO: Run Behavior\CheckLangBehavior [ RunTime:0.000633s ]
INFO: [ app_begin ] --END-- [ RunTime:0.001281s ]
SQL: SHOW COLUMNS FROM `cmf_users` [ RunTime:0.0026s ]
SQL: SELECT * FROM `cmf_users` WHERE ( id=1 ) LIMIT 1   [ RunTime:0.0017s ]
SQL: SHOW COLUMNS FROM `cmf_game_service` [ RunTime:0.0018s ]
SQL: SELECT a.*,b.room_name,b.room_no FROM cmf_game_service as a INNER JOIN cmf_game_room as b on a.room_id = b.id  WHERE a.status = 0  [ RunTime:0.0015s ]
NOTIC: [8] Undefined index: url /home/wwwroot/default/application/Common/Controller/AppframeController.class.php 第 24 行.

[ 2018-05-26T07:35:49+08:00 ] 119.123.159.107 /index.php?g=Admin&m=Service&a=bill
INFO: [ app_begin ] --START--
INFO: Run Behavior\ReadHtmlCacheBehavior [ RunTime:0.000413s ]
INFO: Run Behavior\CheckLangBehavior [ RunTime:0.000568s ]
INFO: [ app_begin ] --END-- [ RunTime:0.001249s ]
SQL: SHOW COLUMNS FROM `cmf_users` [ RunTime:0.0021s ]
SQL: SELECT * FROM `cmf_users` WHERE ( id=1 ) LIMIT 1   [ RunTime:0.0014s ]
SQL: SHOW COLUMNS FROM `cmf_game_service` [ RunTime:0.0017s ]
SQL: SELECT a.*,b.room_name,b.room_no FROM cmf_game_service as a INNER JOIN cmf_game_room as b on a.room_id = b.id  WHERE a.status = 0  [ RunTime:0.0013s ]
NOTIC: [8] Undefined index: url /home/wwwroot/default/application/Common/Controller/AppframeController.class.php 第 24 行.

[ 2018-05-26T07:35:50+08:00 ] 119.123.159.107 /index.php?g=Admin&m=Service&a=bill
INFO: [ app_begin ] --START--
INFO: Run Behavior\ReadHtmlCacheBehavior [ RunTime:0.000357s ]
INFO: Run Behavior\CheckLangBehavior [ RunTime:0.000650s ]
INFO: [ app_begin ] --END-- [ RunTime:0.001304s ]
SQL: SHOW COLUMNS FROM `cmf_users` [ RunTime:0.0027s ]
SQL: SELECT * FROM `cmf_users` WHERE ( id=1 ) LIMIT 1   [ RunTime:0.0015s ]
SQL: SHOW COLUMNS FROM `cmf_game_service` [ RunTime:0.0018s ]
SQL: SELECT a.*,b.room_name,b.room_no FROM cmf_game_service as a INNER JOIN cmf_game_room as b on a.room_id = b.id  WHERE a.status = 0  [ RunTime:0.0014s ]
NOTIC: [8] Undefined index: url /home/wwwroot/default/application/Common/Controller/AppframeController.class.php 第 24 行.

[ 2018-05-26T07:35:51+08:00 ] 119.123.159.107 /index.php?g=Admin&m=Service&a=bill
INFO: [ app_begin ] --START--
INFO: Run Behavior\ReadHtmlCacheBehavior [ RunTime:0.000362s ]
INFO: Run Behavior\CheckLangBehavior [ RunTime:0.000602s ]
INFO: [ app_begin ] --END-- [ RunTime:0.001268s ]
SQL: SHOW COLUMNS FROM `cmf_users` [ RunTime:0.0031s ]
SQL: SELECT * FROM `cmf_users` WHERE ( id=1 ) LIMIT 1   [ RunTime:0.0017s ]
SQL: SHOW COLUMNS FROM `cmf_game_service` [ RunTime:0.0020s ]
SQL: SELECT a.*,b.room_name,b.room_no FROM cmf_game_service as a INNER JOIN cmf_game_room as b on a.room_id = b.id  WHERE a.status = 0  [ RunTime:0.0016s ]
NOTIC: [8] Undefined index: url /home/wwwroot/default/application/Common/Controller/AppframeController.class.php 第 24 行.

[ 2018-05-26T07:35:53+08:00 ] 119.123.159.107 /index.php?g=Admin&m=Service&a=bill
INFO: [ app_begin ] --START--
INFO: Run Behavior\ReadHtmlCacheBehavior [ RunTime:0.000370s ]
INFO: Run Behavior\CheckLangBehavior [ RunTime:0.000633s ]
INFO: [ app_begin ] --END-- [ RunTime:0.001322s ]
SQL: SHOW COLUMNS FROM `cmf_users` [ RunTime:0.0029s ]
SQL: SELECT * FROM `cmf_users` WHERE ( id=1 ) LIMIT 1   [ RunTime:0.0019s ]
SQL: SHOW COLUMNS FROM `cmf_game_service` [ RunTime:0.0020s ]
SQL: SELECT a.*,b.room_name,b.room_no FROM cmf_game_service as a INNER JOIN cmf_game_room as b on a.room_id = b.id  WHERE a.status = 0  [ RunTime:0.0017s ]
NOTIC: [8] Undefined index: url /home/wwwroot/default/application/Common/Controller/AppframeController.class.php 第 24 行.

[ 2018-05-26T07:35:55+08:00 ] 119.123.159.107 /index.php?g=Admin&m=Service&a=bill
INFO: [ app_begin ] --START--
INFO: Run Behavior\ReadHtmlCacheBehavior [ RunTime:0.000385s ]
INFO: Run Behavior\CheckLangBehavior [ RunTime:0.000585s ]
INFO: [ app_begin ] --END-- [ RunTime:0.001266s ]
SQL: SHOW COLUMNS FROM `cmf_users` [ RunTime:0.0026s ]
SQL: SELECT * FROM `cmf_users` WHERE ( id=1 ) LIMIT 1   [ RunTime:0.0019s ]
SQL: SHOW COLUMNS FROM `cmf_game_service` [ RunTime:0.0020s ]
SQL: SELECT a.*,b.room_name,b.room_no FROM cmf_game_service as a INNER JOIN cmf_game_room as b on a.room_id = b.id  WHERE a.status = 0  [ RunTime:0.0017s ]
NOTIC: [8] Undefined index: url /home/wwwroot/default/application/Common/Controller/AppframeController.class.php 第 24 行.

[ 2018-05-26T07:36:19+08:00 ] 119.123.159.107 /index.php?g=Admin&m=Service&a=bill
INFO: [ app_begin ] --START--
INFO: Run Behavior\ReadHtmlCacheBehavior [ RunTime:0.000485s ]
INFO: Run Behavior\CheckLangBehavior [ RunTime:0.000849s ]
INFO: [ app_begin ] --END-- [ RunTime:0.001686s ]
SQL: SHOW COLUMNS FROM `cmf_users` [ RunTime:0.0026s ]
SQL: SELECT * FROM `cmf_users` WHERE ( id=1 ) LIMIT 1   [ RunTime:0.0021s ]
SQL: SHOW COLUMNS FROM `cmf_game_service` [ RunTime:0.0021s ]
SQL: SELECT a.*,b.room_name,b.room_no FROM cmf_game_service as a INNER JOIN cmf_game_room as b on a.room_id = b.id  WHERE a.status = 0  [ RunTime:0.0018s ]
NOTIC: [8] Undefined index: url /home/wwwroot/default/application/Common/Controller/AppframeController.class.php 第 24 行.

[ 2018-05-26T07:36:19+08:00 ] 119.123.159.107 /index.php?g=Admin&m=Service&a=bill
INFO: [ app_begin ] --START--
INFO: Run Behavior\ReadHtmlCacheBehavior [ RunTime:0.000485s ]
INFO: Run Behavior\CheckLangBehavior [ RunTime:0.000849s ]
INFO: [ app_begin ] --END-- [ RunTime:0.001686s ]
SQL: SHOW COLUMNS FROM `cmf_users` [ RunTime:0.0021s ]
SQL: SELECT * FROM `cmf_users` WHERE ( id=1 ) LIMIT 1   [ RunTime:0.0015s ]
SQL: SHOW COLUMNS FROM `cmf_game_service` [ RunTime:0.0016s ]
SQL: SELECT a.*,b.room_name,b.room_no FROM cmf_game_service as a INNER JOIN cmf_game_room as b on a.room_id = b.id  WHERE a.status = 0  [ RunTime:0.0014s ]
NOTIC: [8] Undefined index: url /home/wwwroot/default/application/Common/Controller/AppframeController.class.php 第 24 行.

[ 2018-05-26T07:36:20+08:00 ] 119.123.159.107 /index.php?g=Admin&m=Service&a=bill
INFO: [ app_begin ] --START--
INFO: Run Behavior\ReadHtmlCacheBehavior [ RunTime:0.000510s ]
INFO: Run Behavior\CheckLangBehavior [ RunTime:0.000639s ]
INFO: [ app_begin ] --END-- [ RunTime:0.001496s ]
SQL: SHOW COLUMNS FROM `cmf_users` [ RunTime:0.0026s ]
SQL: SELECT * FROM `cmf_users` WHERE ( id=1 ) LIMIT 1   [ RunTime:0.0019s ]
SQL: SHOW COLUMNS FROM `cmf_game_service` [ RunTime:0.0020s ]
SQL: SELECT a.*,b.room_name,b.room_no FROM cmf_game_service as a INNER JOIN cmf_game_room as b on a.room_id = b.id  WHERE a.status = 0  [ RunTime:0.0018s ]
NOTIC: [8] Undefined index: url /home/wwwroot/default/application/Common/Controller/AppframeController.class.php 第 24 行.

[ 2018-05-26T07:36:21+08:00 ] 119.123.159.107 /index.php?g=Admin&m=Service&a=bill
INFO: [ app_begin ] --START--
INFO: Run Behavior\ReadHtmlCacheBehavior [ RunTime:0.000367s ]
INFO: Run Behavior\CheckLangBehavior [ RunTime:0.000694s ]
INFO: [ app_begin ] --END-- [ RunTime:0.001374s ]
SQL: SHOW COLUMNS FROM `cmf_users` [ RunTime:0.0025s ]
SQL: SELECT * FROM `cmf_users` WHERE ( id=1 ) LIMIT 1   [ RunTime:0.0018s ]
SQL: SHOW COLUMNS FROM `cmf_game_service` [ RunTime:0.0020s ]
SQL: SELECT a.*,b.room_name,b.room_no FROM cmf_game_service as a INNER JOIN cmf_game_room as b on a.room_id = b.id  WHERE a.status = 0  [ RunTime:0.0018s ]
NOTIC: [8] Undefined index: url /home/wwwroot/default/application/Common/Controller/AppframeController.class.php 第 24 行.

[ 2018-05-26T07:36:23+08:00 ] 119.123.159.107 /index.php?g=Admin&m=Service&a=bill
INFO: [ app_begin ] --START--
INFO: Run Behavior\ReadHtmlCacheBehavior [ RunTime:0.000531s ]
INFO: Run Behavior\CheckLangBehavior [ RunTime:0.000854s ]
INFO: [ app_begin ] --END-- [ RunTime:0.001734s ]
SQL: SHOW COLUMNS FROM `cmf_users` [ RunTime:0.0025s ]
SQL: SELECT * FROM `cmf_users` WHERE ( id=1 ) LIMIT 1   [ RunTime:0.0017s ]
SQL: SHOW COLUMNS FROM `cmf_game_service` [ RunTime:0.0018s ]
SQL: SELECT a.*,b.room_name,b.room_no FROM cmf_game_service as a INNER JOIN cmf_game_room as b on a.room_id = b.id  WHERE a.status = 0  [ RunTime:0.0015s ]
NOTIC: [8] Undefined index: url /home/wwwroot/default/application/Common/Controller/AppframeController.class.php 第 24 行.

[ 2018-05-26T07:36:25+08:00 ] 119.123.159.107 /index.php?g=Admin&m=Service&a=bill
INFO: [ app_begin ] --START--
INFO: Run Behavior\ReadHtmlCacheBehavior [ RunTime:0.000401s ]
INFO: Run Behavior\CheckLangBehavior [ RunTime:0.000564s ]
INFO: [ app_begin ] --END-- [ RunTime:0.001225s ]
SQL: SHOW COLUMNS FROM `cmf_users` [ RunTime:0.0026s ]
SQL: SELECT * FROM `cmf_users` WHERE ( id=1 ) LIMIT 1   [ RunTime:0.0019s ]
SQL: SHOW COLUMNS FROM `cmf_game_service` [ RunTime:0.0021s ]
SQL: SELECT a.*,b.room_name,b.room_no FROM cmf_game_service as a INNER JOIN cmf_game_room as b on a.room_id = b.id  WHERE a.status = 0  [ RunTime:0.0018s ]
NOTIC: [8] Undefined index: url /home/wwwroot/default/application/Common/Controller/AppframeController.class.php 第 24 行.

[ 2018-05-26T07:36:49+08:00 ] 119.123.159.107 /index.php?g=Admin&m=Service&a=bill
INFO: [ app_begin ] --START--
INFO: Run Behavior\ReadHtmlCacheBehavior [ RunTime:0.000419s ]
INFO: Run Behavior\CheckLangBehavior [ RunTime:0.000551s ]
INFO: [ app_begin ] --END-- [ RunTime:0.001234s ]
SQL: SHOW COLUMNS FROM `cmf_users` [ RunTime:0.0030s ]
SQL: SELECT * FROM `cmf_users` WHERE ( id=1 ) LIMIT 1   [ RunTime:0.0023s ]
SQL: SHOW COLUMNS FROM `cmf_game_service` [ RunTime:0.0024s ]
SQL: SELECT a.*,b.room_name,b.room_no FROM cmf_game_service as a INNER JOIN cmf_game_room as b on a.room_id = b.id  WHERE a.status = 0  [ RunTime:0.0021s ]
NOTIC: [8] Undefined index: url /home/wwwroot/default/application/Common/Controller/AppframeController.class.php 第 24 行.

[ 2018-05-26T07:36:49+08:00 ] 119.123.159.107 /index.php?g=Admin&m=Service&a=bill
INFO: [ app_begin ] --START--
INFO: Run Behavior\ReadHtmlCacheBehavior [ RunTime:0.000441s ]
INFO: Run Behavior\CheckLangBehavior [ RunTime:0.000594s ]
INFO: [ app_begin ] --END-- [ RunTime:0.001309s ]
SQL: SHOW COLUMNS FROM `cmf_users` [ RunTime:0.0030s ]
SQL: SELECT * FROM `cmf_users` WHERE ( id=1 ) LIMIT 1   [ RunTime:0.0023s ]
SQL: SHOW COLUMNS FROM `cmf_game_service` [ RunTime:0.0024s ]
SQL: SELECT a.*,b.room_name,b.room_no FROM cmf_game_service as a INNER JOIN cmf_game_room as b on a.room_id = b.id  WHERE a.status = 0  [ RunTime:0.0021s ]
NOTIC: [8] Undefined index: url /home/wwwroot/default/application/Common/Controller/AppframeController.class.php 第 24 行.

[ 2018-05-26T07:36:50+08:00 ] 119.123.159.107 /index.php?g=Admin&m=Service&a=bill
INFO: [ app_begin ] --START--
INFO: Run Behavior\ReadHtmlCacheBehavior [ RunTime:0.000373s ]
INFO: Run Behavior\CheckLangBehavior [ RunTime:0.000633s ]
INFO: [ app_begin ] --END-- [ RunTime:0.001318s ]
SQL: SHOW COLUMNS FROM `cmf_users` [ RunTime:0.0024s ]
SQL: SELECT * FROM `cmf_users` WHERE ( id=1 ) LIMIT 1   [ RunTime:0.0018s ]
SQL: SHOW COLUMNS FROM `cmf_game_service` [ RunTime:0.0020s ]
SQL: SELECT a.*,b.room_name,b.room_no FROM cmf_game_service as a INNER JOIN cmf_game_room as b on a.room_id = b.id  WHERE a.status = 0  [ RunTime:0.0017s ]
NOTIC: [8] Undefined index: url /home/wwwroot/default/application/Common/Controller/AppframeController.class.php 第 24 行.

[ 2018-05-26T07:36:51+08:00 ] 119.123.159.107 /index.php?g=Admin&m=Service&a=bill
INFO: [ app_begin ] --START--
INFO: Run Behavior\ReadHtmlCacheBehavior [ RunTime:0.000551s ]
INFO: Run Behavior\CheckLangBehavior [ RunTime:0.000841s ]
INFO: [ app_begin ] --END-- [ RunTime:0.001731s ]
SQL: SHOW COLUMNS FROM `cmf_users` [ RunTime:0.0026s ]
SQL: SELECT * FROM `cmf_users` WHERE ( id=1 ) LIMIT 1   [ RunTime:0.0019s ]
SQL: SHOW COLUMNS FROM `cmf_game_service` [ RunTime:0.0021s ]
SQL: SELECT a.*,b.room_name,b.room_no FROM cmf_game_service as a INNER JOIN cmf_game_room as b on a.room_id = b.id  WHERE a.status = 0  [ RunTime:0.0017s ]
NOTIC: [8] Undefined index: url /home/wwwroot/default/application/Common/Controller/AppframeController.class.php 第 24 行.

[ 2018-05-26T07:36:53+08:00 ] 119.123.159.107 /index.php?g=Admin&m=Service&a=bill
INFO: [ app_begin ] --START--
INFO: Run Behavior\ReadHtmlCacheBehavior [ RunTime:0.000363s ]
INFO: Run Behavior\CheckLangBehavior [ RunTime:0.000624s ]
INFO: [ app_begin ] --END-- [ RunTime:0.001259s ]
SQL: SHOW COLUMNS FROM `cmf_users` [ RunTime:0.0027s ]
SQL: SELECT * FROM `cmf_users` WHERE ( id=1 ) LIMIT 1   [ RunTime:0.0018s ]
SQL: SHOW COLUMNS FROM `cmf_game_service` [ RunTime:0.0020s ]
SQL: SELECT a.*,b.room_name,b.room_no FROM cmf_game_service as a INNER JOIN cmf_game_room as b on a.room_id = b.id  WHERE a.status = 0  [ RunTime:0.0019s ]
NOTIC: [8] Undefined index: url /home/wwwroot/default/application/Common/Controller/AppframeController.class.php 第 24 行.

[ 2018-05-26T07:36:55+08:00 ] 119.123.159.107 /index.php?g=Admin&m=Service&a=bill
INFO: [ app_begin ] --START--
INFO: Run Behavior\ReadHtmlCacheBehavior [ RunTime:0.000366s ]
INFO: Run Behavior\CheckLangBehavior [ RunTime:0.000666s ]
INFO: [ app_begin ] --END-- [ RunTime:0.001328s ]
SQL: SHOW COLUMNS FROM `cmf_users` [ RunTime:0.0030s ]
SQL: SELECT * FROM `cmf_users` WHERE ( id=1 ) LIMIT 1   [ RunTime:0.0019s ]
SQL: SHOW COLUMNS FROM `cmf_game_service` [ RunTime:0.0020s ]
SQL: SELECT a.*,b.room_name,b.room_no FROM cmf_game_service as a INNER JOIN cmf_game_room as b on a.room_id = b.id  WHERE a.status = 0  [ RunTime:0.0018s ]
NOTIC: [8] Undefined index: url /home/wwwroot/default/application/Common/Controller/AppframeController.class.php 第 24 行.

[ 2018-05-26T07:37:19+08:00 ] 119.123.159.107 /index.php?g=Admin&m=Service&a=bill
INFO: [ app_begin ] --START--
INFO: Run Behavior\ReadHtmlCacheBehavior [ RunTime:0.000411s ]
INFO: Run Behavior\CheckLangBehavior [ RunTime:0.000579s ]
INFO: [ app_begin ] --END-- [ RunTime:0.001262s ]
SQL: SHOW COLUMNS FROM `cmf_users` [ RunTime:0.0038s ]
SQL: SELECT * FROM `cmf_users` WHERE ( id=1 ) LIMIT 1   [ RunTime:0.0026s ]
SQL: SHOW COLUMNS FROM `cmf_game_service` [ RunTime:0.0027s ]
SQL: SELECT a.*,b.room_name,b.room_no FROM cmf_game_service as a INNER JOIN cmf_game_room as b on a.room_id = b.id  WHERE a.status = 0  [ RunTime:0.0022s ]
NOTIC: [8] Undefined index: url /home/wwwroot/default/application/Common/Controller/AppframeController.class.php 第 24 行.

[ 2018-05-26T07:37:19+08:00 ] 119.123.159.107 /index.php?g=Admin&m=Service&a=bill
INFO: [ app_begin ] --START--
INFO: Run Behavior\ReadHtmlCacheBehavior [ RunTime:0.000406s ]
INFO: Run Behavior\CheckLangBehavior [ RunTime:0.000557s ]
INFO: [ app_begin ] --END-- [ RunTime:0.001245s ]
SQL: SHOW COLUMNS FROM `cmf_users` [ RunTime:0.0033s ]
SQL: SELECT * FROM `cmf_users` WHERE ( id=1 ) LIMIT 1   [ RunTime:0.0021s ]
SQL: SHOW COLUMNS FROM `cmf_game_service` [ RunTime:0.0024s ]
SQL: SELECT a.*,b.room_name,b.room_no FROM cmf_game_service as a INNER JOIN cmf_game_room as b on a.room_id = b.id  WHERE a.status = 0  [ RunTime:0.0020s ]
NOTIC: [8] Undefined index: url /home/wwwroot/default/application/Common/Controller/AppframeController.class.php 第 24 行.

[ 2018-05-26T07:37:20+08:00 ] 119.123.159.107 /index.php?g=Admin&m=Service&a=bill
INFO: [ app_begin ] --START--
INFO: Run Behavior\ReadHtmlCacheBehavior [ RunTime:0.000395s ]
INFO: Run Behavior\CheckLangBehavior [ RunTime:0.000591s ]
INFO: [ app_begin ] --END-- [ RunTime:0.001271s ]
SQL: SHOW COLUMNS FROM `cmf_users` [ RunTime:0.0025s ]
SQL: SELECT * FROM `cmf_users` WHERE ( id=1 ) LIMIT 1   [ RunTime:0.0019s ]
SQL: SHOW COLUMNS FROM `cmf_game_service` [ RunTime:0.0020s ]
SQL: SELECT a.*,b.room_name,b.room_no FROM cmf_game_service as a INNER JOIN cmf_game_room as b on a.room_id = b.id  WHERE a.status = 0  [ RunTime:0.0017s ]
NOTIC: [8] Undefined index: url /home/wwwroot/default/application/Common/Controller/AppframeController.class.php 第 24 行.

[ 2018-05-26T07:37:21+08:00 ] 119.123.159.107 /index.php?g=Admin&m=Service&a=bill
INFO: [ app_begin ] --START--
INFO: Run Behavior\ReadHtmlCacheBehavior [ RunTime:0.000358s ]
INFO: Run Behavior\CheckLangBehavior [ RunTime:0.000596s ]
INFO: [ app_begin ] --END-- [ RunTime:0.001266s ]
SQL: SHOW COLUMNS FROM `cmf_users` [ RunTime:0.0022s ]
SQL: SELECT * FROM `cmf_users` WHERE ( id=1 ) LIMIT 1   [ RunTime:0.0016s ]
SQL: SHOW COLUMNS FROM `cmf_game_service` [ RunTime:0.0018s ]
SQL: SELECT a.*,b.room_name,b.room_no FROM cmf_game_service as a INNER JOIN cmf_game_room as b on a.room_id = b.id  WHERE a.status = 0  [ RunTime:0.0016s ]
NOTIC: [8] Undefined index: url /home/wwwroot/default/application/Common/Controller/AppframeController.class.php 第 24 行.

[ 2018-05-26T07:37:23+08:00 ] 119.123.159.107 /index.php?g=Admin&m=Service&a=bill
INFO: [ app_begin ] --START--
INFO: Run Behavior\ReadHtmlCacheBehavior [ RunTime:0.000372s ]
INFO: Run Behavior\CheckLangBehavior [ RunTime:0.000628s ]
INFO: [ app_begin ] --END-- [ RunTime:0.001311s ]
SQL: SHOW COLUMNS FROM `cmf_users` [ RunTime:0.0027s ]
SQL: SELECT * FROM `cmf_users` WHERE ( id=1 ) LIMIT 1   [ RunTime:0.0019s ]
SQL: SHOW COLUMNS FROM `cmf_game_service` [ RunTime:0.0021s ]
SQL: SELECT a.*,b.room_name,b.room_no FROM cmf_game_service as a INNER JOIN cmf_game_room as b on a.room_id = b.id  WHERE a.status = 0  [ RunTime:0.0018s ]
NOTIC: [8] Undefined index: url /home/wwwroot/default/application/Common/Controller/AppframeController.class.php 第 24 行.

[ 2018-05-26T07:37:25+08:00 ] 119.123.159.107 /index.php?g=Admin&m=Service&a=bill
INFO: [ app_begin ] --START--
INFO: Run Behavior\ReadHtmlCacheBehavior [ RunTime:0.000364s ]
INFO: Run Behavior\CheckLangBehavior [ RunTime:0.000629s ]
INFO: [ app_begin ] --END-- [ RunTime:0.001295s ]
SQL: SHOW COLUMNS FROM `cmf_users` [ RunTime:0.0031s ]
SQL: SELECT * FROM `cmf_users` WHERE ( id=1 ) LIMIT 1   [ RunTime:0.0023s ]
SQL: SHOW COLUMNS FROM `cmf_game_service` [ RunTime:0.0024s ]
SQL: SELECT a.*,b.room_name,b.room_no FROM cmf_game_service as a INNER JOIN cmf_game_room as b on a.room_id = b.id  WHERE a.status = 0  [ RunTime:0.0022s ]
NOTIC: [8] Undefined index: url /home/wwwroot/default/application/Common/Controller/AppframeController.class.php 第 24 行.

[ 2018-05-26T07:37:49+08:00 ] 119.123.159.107 /index.php?g=Admin&m=Service&a=bill
INFO: [ app_begin ] --START--
INFO: Run Behavior\ReadHtmlCacheBehavior [ RunTime:0.000378s ]
INFO: Run Behavior\CheckLangBehavior [ RunTime:0.000668s ]
INFO: [ app_begin ] --END-- [ RunTime:0.001329s ]
SQL: SHOW COLUMNS FROM `cmf_users` [ RunTime:0.0022s ]
SQL: SELECT * FROM `cmf_users` WHERE ( id=1 ) LIMIT 1   [ RunTime:0.0015s ]
SQL: SHOW COLUMNS FROM `cmf_game_service` [ RunTime:0.0016s ]
SQL: SELECT a.*,b.room_name,b.room_no FROM cmf_game_service as a INNER JOIN cmf_game_room as b on a.room_id = b.id  WHERE a.status = 0  [ RunTime:0.0013s ]
NOTIC: [8] Undefined index: url /home/wwwroot/default/application/Common/Controller/AppframeController.class.php 第 24 行.

[ 2018-05-26T07:37:49+08:00 ] 119.123.159.107 /index.php?g=Admin&m=Service&a=bill
INFO: [ app_begin ] --START--
INFO: Run Behavior\ReadHtmlCacheBehavior [ RunTime:0.000380s ]
INFO: Run Behavior\CheckLangBehavior [ RunTime:0.000638s ]
INFO: [ app_begin ] --END-- [ RunTime:0.001291s ]
SQL: SHOW COLUMNS FROM `cmf_users` [ RunTime:0.0029s ]
SQL: SELECT * FROM `cmf_users` WHERE ( id=1 ) LIMIT 1   [ RunTime:0.0022s ]
SQL: SHOW COLUMNS FROM `cmf_game_service` [ RunTime:0.0024s ]
SQL: SELECT a.*,b.room_name,b.room_no FROM cmf_game_service as a INNER JOIN cmf_game_room as b on a.room_id = b.id  WHERE a.status = 0  [ RunTime:0.0021s ]
NOTIC: [8] Undefined index: url /home/wwwroot/default/application/Common/Controller/AppframeController.class.php 第 24 行.

[ 2018-05-26T07:37:50+08:00 ] 119.123.159.107 /index.php?g=Admin&m=Service&a=bill
INFO: [ app_begin ] --START--
INFO: Run Behavior\ReadHtmlCacheBehavior [ RunTime:0.000368s ]
INFO: Run Behavior\CheckLangBehavior [ RunTime:0.000638s ]
INFO: [ app_begin ] --END-- [ RunTime:0.001305s ]
SQL: SHOW COLUMNS FROM `cmf_users` [ RunTime:0.0021s ]
SQL: SELECT * FROM `cmf_users` WHERE ( id=1 ) LIMIT 1   [ RunTime:0.0014s ]
SQL: SHOW COLUMNS FROM `cmf_game_service` [ RunTime:0.0016s ]
SQL: SELECT a.*,b.room_name,b.room_no FROM cmf_game_service as a INNER JOIN cmf_game_room as b on a.room_id = b.id  WHERE a.status = 0  [ RunTime:0.0014s ]
NOTIC: [8] Undefined index: url /home/wwwroot/default/application/Common/Controller/AppframeController.class.php 第 24 行.

[ 2018-05-26T07:37:51+08:00 ] 119.123.159.107 /index.php?g=Admin&m=Service&a=bill
INFO: [ app_begin ] --START--
INFO: Run Behavior\ReadHtmlCacheBehavior [ RunTime:0.000369s ]
INFO: Run Behavior\CheckLangBehavior [ RunTime:0.000634s ]
INFO: [ app_begin ] --END-- [ RunTime:0.001340s ]
SQL: SHOW COLUMNS FROM `cmf_users` [ RunTime:0.0022s ]
SQL: SELECT * FROM `cmf_users` WHERE ( id=1 ) LIMIT 1   [ RunTime:0.0014s ]
SQL: SHOW COLUMNS FROM `cmf_game_service` [ RunTime:0.0015s ]
SQL: SELECT a.*,b.room_name,b.room_no FROM cmf_game_service as a INNER JOIN cmf_game_room as b on a.room_id = b.id  WHERE a.status = 0  [ RunTime:0.0014s ]
NOTIC: [8] Undefined index: url /home/wwwroot/default/application/Common/Controller/AppframeController.class.php 第 24 行.

[ 2018-05-26T07:37:53+08:00 ] 119.123.159.107 /index.php?g=Admin&m=Service&a=bill
INFO: [ app_begin ] --START--
INFO: Run Behavior\ReadHtmlCacheBehavior [ RunTime:0.000362s ]
INFO: Run Behavior\CheckLangBehavior [ RunTime:0.000620s ]
INFO: [ app_begin ] --END-- [ RunTime:0.001254s ]
SQL: SHOW COLUMNS FROM `cmf_users` [ RunTime:0.0022s ]
SQL: SELECT * FROM `cmf_users` WHERE ( id=1 ) LIMIT 1   [ RunTime:0.0016s ]
SQL: SHOW COLUMNS FROM `cmf_game_service` [ RunTime:0.0017s ]
SQL: SELECT a.*,b.room_name,b.room_no FROM cmf_game_service as a INNER JOIN cmf_game_room as b on a.room_id = b.id  WHERE a.status = 0  [ RunTime:0.0015s ]
NOTIC: [8] Undefined index: url /home/wwwroot/default/application/Common/Controller/AppframeController.class.php 第 24 行.

[ 2018-05-26T07:37:55+08:00 ] 119.123.159.107 /index.php?g=Admin&m=Service&a=bill
INFO: [ app_begin ] --START--
INFO: Run Behavior\ReadHtmlCacheBehavior [ RunTime:0.000365s ]
INFO: Run Behavior\CheckLangBehavior [ RunTime:0.000630s ]
INFO: [ app_begin ] --END-- [ RunTime:0.001266s ]
SQL: SHOW COLUMNS FROM `cmf_users` [ RunTime:0.0024s ]
SQL: SELECT * FROM `cmf_users` WHERE ( id=1 ) LIMIT 1   [ RunTime:0.0017s ]
SQL: SHOW COLUMNS FROM `cmf_game_service` [ RunTime:0.0018s ]
SQL: SELECT a.*,b.room_name,b.room_no FROM cmf_game_service as a INNER JOIN cmf_game_room as b on a.room_id = b.id  WHERE a.status = 0  [ RunTime:0.0015s ]
NOTIC: [8] Undefined index: url /home/wwwroot/default/application/Common/Controller/AppframeController.class.php 第 24 行.

[ 2018-05-26T07:38:19+08:00 ] 119.123.159.107 /index.php?g=Admin&m=Service&a=bill
INFO: [ app_begin ] --START--
INFO: Run Behavior\ReadHtmlCacheBehavior [ RunTime:0.000369s ]
INFO: Run Behavior\CheckLangBehavior [ RunTime:0.000632s ]
INFO: [ app_begin ] --END-- [ RunTime:0.001327s ]
SQL: SHOW COLUMNS FROM `cmf_users` [ RunTime:0.0025s ]
SQL: SELECT * FROM `cmf_users` WHERE ( id=1 ) LIMIT 1   [ RunTime:0.0017s ]
SQL: SHOW COLUMNS FROM `cmf_game_service` [ RunTime:0.0018s ]
SQL: SELECT a.*,b.room_name,b.room_no FROM cmf_game_service as a INNER JOIN cmf_game_room as b on a.room_id = b.id  WHERE a.status = 0  [ RunTime:0.0015s ]
NOTIC: [8] Undefined index: url /home/wwwroot/default/application/Common/Controller/AppframeController.class.php 第 24 行.

[ 2018-05-26T07:38:19+08:00 ] 119.123.159.107 /index.php?g=Admin&m=Service&a=bill
INFO: [ app_begin ] --START--
INFO: Run Behavior\ReadHtmlCacheBehavior [ RunTime:0.000411s ]
INFO: Run Behavior\CheckLangBehavior [ RunTime:0.000569s ]
INFO: [ app_begin ] --END-- [ RunTime:0.001248s ]
SQL: SHOW COLUMNS FROM `cmf_users` [ RunTime:0.0024s ]
SQL: SELECT * FROM `cmf_users` WHERE ( id=1 ) LIMIT 1   [ RunTime:0.0017s ]
SQL: SHOW COLUMNS FROM `cmf_game_service` [ RunTime:0.0022s ]
SQL: SELECT a.*,b.room_name,b.room_no FROM cmf_game_service as a INNER JOIN cmf_game_room as b on a.room_id = b.id  WHERE a.status = 0  [ RunTime:0.0016s ]
NOTIC: [8] Undefined index: url /home/wwwroot/default/application/Common/Controller/AppframeController.class.php 第 24 行.

[ 2018-05-26T07:38:20+08:00 ] 119.123.159.107 /index.php?g=Admin&m=Service&a=bill
INFO: [ app_begin ] --START--
INFO: Run Behavior\ReadHtmlCacheBehavior [ RunTime:0.000403s ]
INFO: Run Behavior\CheckLangBehavior [ RunTime:0.000592s ]
INFO: [ app_begin ] --END-- [ RunTime:0.001281s ]
SQL: SHOW COLUMNS FROM `cmf_users` [ RunTime:0.0022s ]
SQL: SELECT * FROM `cmf_users` WHERE ( id=1 ) LIMIT 1   [ RunTime:0.0018s ]
SQL: SHOW COLUMNS FROM `cmf_game_service` [ RunTime:0.0015s ]
SQL: SELECT a.*,b.room_name,b.room_no FROM cmf_game_service as a INNER JOIN cmf_game_room as b on a.room_id = b.id  WHERE a.status = 0  [ RunTime:0.0013s ]
NOTIC: [8] Undefined index: url /home/wwwroot/default/application/Common/Controller/AppframeController.class.php 第 24 行.

[ 2018-05-26T07:38:21+08:00 ] 119.123.159.107 /index.php?g=Admin&m=Service&a=bill
INFO: [ app_begin ] --START--
INFO: Run Behavior\ReadHtmlCacheBehavior [ RunTime:0.000354s ]
INFO: Run Behavior\CheckLangBehavior [ RunTime:0.000616s ]
INFO: [ app_begin ] --END-- [ RunTime:0.001230s ]
SQL: SHOW COLUMNS FROM `cmf_users` [ RunTime:0.0029s ]
SQL: SELECT * FROM `cmf_users` WHERE ( id=1 ) LIMIT 1   [ RunTime:0.0018s ]
SQL: SHOW COLUMNS FROM `cmf_game_service` [ RunTime:0.0021s ]
SQL: SELECT a.*,b.room_name,b.room_no FROM cmf_game_service as a INNER JOIN cmf_game_room as b on a.room_id = b.id  WHERE a.status = 0  [ RunTime:0.0017s ]
NOTIC: [8] Undefined index: url /home/wwwroot/default/application/Common/Controller/AppframeController.class.php 第 24 行.

[ 2018-05-26T07:38:23+08:00 ] 119.123.159.107 /index.php?g=Admin&m=Service&a=bill
INFO: [ app_begin ] --START--
INFO: Run Behavior\ReadHtmlCacheBehavior [ RunTime:0.000418s ]
INFO: Run Behavior\CheckLangBehavior [ RunTime:0.000631s ]
INFO: [ app_begin ] --END-- [ RunTime:0.001348s ]
SQL: SHOW COLUMNS FROM `cmf_users` [ RunTime:0.0027s ]
SQL: SELECT * FROM `cmf_users` WHERE ( id=1 ) LIMIT 1   [ RunTime:0.0019s ]
SQL: SHOW COLUMNS FROM `cmf_game_service` [ RunTime:0.0020s ]
SQL: SELECT a.*,b.room_name,b.room_no FROM cmf_game_service as a INNER JOIN cmf_game_room as b on a.room_id = b.id  WHERE a.status = 0  [ RunTime:0.0018s ]
NOTIC: [8] Undefined index: url /home/wwwroot/default/application/Common/Controller/AppframeController.class.php 第 24 行.

[ 2018-05-26T07:38:25+08:00 ] 119.123.159.107 /index.php?g=Admin&m=Service&a=bill
INFO: [ app_begin ] --START--
INFO: Run Behavior\ReadHtmlCacheBehavior [ RunTime:0.000441s ]
INFO: Run Behavior\CheckLangBehavior [ RunTime:0.000583s ]
INFO: [ app_begin ] --END-- [ RunTime:0.001313s ]
SQL: SHOW COLUMNS FROM `cmf_users` [ RunTime:0.0037s ]
SQL: SELECT * FROM `cmf_users` WHERE ( id=1 ) LIMIT 1   [ RunTime:0.0023s ]
SQL: SHOW COLUMNS FROM `cmf_game_service` [ RunTime:0.0025s ]
SQL: SELECT a.*,b.room_name,b.room_no FROM cmf_game_service as a INNER JOIN cmf_game_room as b on a.room_id = b.id  WHERE a.status = 0  [ RunTime:0.0022s ]
NOTIC: [8] Undefined index: url /home/wwwroot/default/application/Common/Controller/AppframeController.class.php 第 24 行.

[ 2018-05-26T07:38:49+08:00 ] 119.123.159.107 /index.php?g=Admin&m=Service&a=bill
INFO: [ app_begin ] --START--
INFO: Run Behavior\ReadHtmlCacheBehavior [ RunTime:0.000405s ]
INFO: Run Behavior\CheckLangBehavior [ RunTime:0.000614s ]
INFO: [ app_begin ] --END-- [ RunTime:0.001282s ]
SQL: SHOW COLUMNS FROM `cmf_users` [ RunTime:0.0031s ]
SQL: SELECT * FROM `cmf_users` WHERE ( id=1 ) LIMIT 1   [ RunTime:0.0020s ]
SQL: SHOW COLUMNS FROM `cmf_game_service` [ RunTime:0.0022s ]
SQL: SELECT a.*,b.room_name,b.room_no FROM cmf_game_service as a INNER JOIN cmf_game_room as b on a.room_id = b.id  WHERE a.status = 0  [ RunTime:0.0018s ]
NOTIC: [8] Undefined index: url /home/wwwroot/default/application/Common/Controller/AppframeController.class.php 第 24 行.

[ 2018-05-26T07:38:49+08:00 ] 119.123.159.107 /index.php?g=Admin&m=Service&a=bill
INFO: [ app_begin ] --START--
INFO: Run Behavior\ReadHtmlCacheBehavior [ RunTime:0.000362s ]
INFO: Run Behavior\CheckLangBehavior [ RunTime:0.000621s ]
INFO: [ app_begin ] --END-- [ RunTime:0.001252s ]
SQL: SHOW COLUMNS FROM `cmf_users` [ RunTime:0.0030s ]
SQL: SELECT * FROM `cmf_users` WHERE ( id=1 ) LIMIT 1   [ RunTime:0.0022s ]
SQL: SHOW COLUMNS FROM `cmf_game_service` [ RunTime:0.0024s ]
SQL: SELECT a.*,b.room_name,b.room_no FROM cmf_game_service as a INNER JOIN cmf_game_room as b on a.room_id = b.id  WHERE a.status = 0  [ RunTime:0.0021s ]
NOTIC: [8] Undefined index: url /home/wwwroot/default/application/Common/Controller/AppframeController.class.php 第 24 行.

[ 2018-05-26T07:38:50+08:00 ] 119.123.159.107 /index.php?g=Admin&m=Service&a=bill
INFO: [ app_begin ] --START--
INFO: Run Behavior\ReadHtmlCacheBehavior [ RunTime:0.000374s ]
INFO: Run Behavior\CheckLangBehavior [ RunTime:0.000646s ]
INFO: [ app_begin ] --END-- [ RunTime:0.001297s ]
SQL: SHOW COLUMNS FROM `cmf_users` [ RunTime:0.0026s ]
SQL: SELECT * FROM `cmf_users` WHERE ( id=1 ) LIMIT 1   [ RunTime:0.0019s ]
SQL: SHOW COLUMNS FROM `cmf_game_service` [ RunTime:0.0022s ]
SQL: SELECT a.*,b.room_name,b.room_no FROM cmf_game_service as a INNER JOIN cmf_game_room as b on a.room_id = b.id  WHERE a.status = 0  [ RunTime:0.0021s ]
NOTIC: [8] Undefined index: url /home/wwwroot/default/application/Common/Controller/AppframeController.class.php 第 24 行.

[ 2018-05-26T07:38:51+08:00 ] 119.123.159.107 /index.php?g=Admin&m=Service&a=bill
INFO: [ app_begin ] --START--
INFO: Run Behavior\ReadHtmlCacheBehavior [ RunTime:0.000367s ]
INFO: Run Behavior\CheckLangBehavior [ RunTime:0.000680s ]
INFO: [ app_begin ] --END-- [ RunTime:0.001359s ]
SQL: SHOW COLUMNS FROM `cmf_users` [ RunTime:0.0034s ]
SQL: SELECT * FROM `cmf_users` WHERE ( id=1 ) LIMIT 1   [ RunTime:0.0014s ]
SQL: SHOW COLUMNS FROM `cmf_game_service` [ RunTime:0.0016s ]
SQL: SELECT a.*,b.room_name,b.room_no FROM cmf_game_service as a INNER JOIN cmf_game_room as b on a.room_id = b.id  WHERE a.status = 0  [ RunTime:0.0013s ]
NOTIC: [8] Undefined index: url /home/wwwroot/default/application/Common/Controller/AppframeController.class.php 第 24 行.

[ 2018-05-26T07:38:53+08:00 ] 119.123.159.107 /index.php?g=Admin&m=Service&a=bill
INFO: [ app_begin ] --START--
INFO: Run Behavior\ReadHtmlCacheBehavior [ RunTime:0.000426s ]
INFO: Run Behavior\CheckLangBehavior [ RunTime:0.000658s ]
INFO: [ app_begin ] --END-- [ RunTime:0.001382s ]
SQL: SHOW COLUMNS FROM `cmf_users` [ RunTime:0.0028s ]
SQL: SELECT * FROM `cmf_users` WHERE ( id=1 ) LIMIT 1   [ RunTime:0.0019s ]
SQL: SHOW COLUMNS FROM `cmf_game_service` [ RunTime:0.0021s ]
SQL: SELECT a.*,b.room_name,b.room_no FROM cmf_game_service as a INNER JOIN cmf_game_room as b on a.room_id = b.id  WHERE a.status = 0  [ RunTime:0.0018s ]
NOTIC: [8] Undefined index: url /home/wwwroot/default/application/Common/Controller/AppframeController.class.php 第 24 行.

[ 2018-05-26T07:38:55+08:00 ] 119.123.159.107 /index.php?g=Admin&m=Service&a=bill
INFO: [ app_begin ] --START--
INFO: Run Behavior\ReadHtmlCacheBehavior [ RunTime:0.000366s ]
INFO: Run Behavior\CheckLangBehavior [ RunTime:0.000626s ]
INFO: [ app_begin ] --END-- [ RunTime:0.001264s ]
SQL: SHOW COLUMNS FROM `cmf_users` [ RunTime:0.0031s ]
SQL: SELECT * FROM `cmf_users` WHERE ( id=1 ) LIMIT 1   [ RunTime:0.0023s ]
SQL: SHOW COLUMNS FROM `cmf_game_service` [ RunTime:0.0026s ]
SQL: SELECT a.*,b.room_name,b.room_no FROM cmf_game_service as a INNER JOIN cmf_game_room as b on a.room_id = b.id  WHERE a.status = 0  [ RunTime:0.0022s ]
NOTIC: [8] Undefined index: url /home/wwwroot/default/application/Common/Controller/AppframeController.class.php 第 24 行.

[ 2018-05-26T07:39:19+08:00 ] 119.123.159.107 /index.php?g=Admin&m=Service&a=bill
INFO: [ app_begin ] --START--
INFO: Run Behavior\ReadHtmlCacheBehavior [ RunTime:0.000356s ]
INFO: Run Behavior\CheckLangBehavior [ RunTime:0.000618s ]
INFO: [ app_begin ] --END-- [ RunTime:0.001241s ]
SQL: SHOW COLUMNS FROM `cmf_users` [ RunTime:0.0027s ]
SQL: SELECT * FROM `cmf_users` WHERE ( id=1 ) LIMIT 1   [ RunTime:0.0019s ]
SQL: SHOW COLUMNS FROM `cmf_game_service` [ RunTime:0.0020s ]
SQL: SELECT a.*,b.room_name,b.room_no FROM cmf_game_service as a INNER JOIN cmf_game_room as b on a.room_id = b.id  WHERE a.status = 0  [ RunTime:0.0018s ]
NOTIC: [8] Undefined index: url /home/wwwroot/default/application/Common/Controller/AppframeController.class.php 第 24 行.

[ 2018-05-26T07:39:19+08:00 ] 119.123.159.107 /index.php?g=Admin&m=Service&a=bill
INFO: [ app_begin ] --START--
INFO: Run Behavior\ReadHtmlCacheBehavior [ RunTime:0.000366s ]
INFO: Run Behavior\CheckLangBehavior [ RunTime:0.000625s ]
INFO: [ app_begin ] --END-- [ RunTime:0.001303s ]
SQL: SHOW COLUMNS FROM `cmf_users` [ RunTime:0.0028s ]
SQL: SELECT * FROM `cmf_users` WHERE ( id=1 ) LIMIT 1   [ RunTime:0.0020s ]
SQL: SHOW COLUMNS FROM `cmf_game_service` [ RunTime:0.0022s ]
SQL: SELECT a.*,b.room_name,b.room_no FROM cmf_game_service as a INNER JOIN cmf_game_room as b on a.room_id = b.id  WHERE a.status = 0  [ RunTime:0.0019s ]
NOTIC: [8] Undefined index: url /home/wwwroot/default/application/Common/Controller/AppframeController.class.php 第 24 行.

[ 2018-05-26T07:39:20+08:00 ] 119.123.159.107 /index.php?g=Admin&m=Service&a=bill
INFO: [ app_begin ] --START--
INFO: Run Behavior\ReadHtmlCacheBehavior [ RunTime:0.000410s ]
INFO: Run Behavior\CheckLangBehavior [ RunTime:0.000579s ]
INFO: [ app_begin ] --END-- [ RunTime:0.001258s ]
SQL: SHOW COLUMNS FROM `cmf_users` [ RunTime:0.0027s ]
SQL: SELECT * FROM `cmf_users` WHERE ( id=1 ) LIMIT 1   [ RunTime:0.0018s ]
SQL: SHOW COLUMNS FROM `cmf_game_service` [ RunTime:0.0020s ]
SQL: SELECT a.*,b.room_name,b.room_no FROM cmf_game_service as a INNER JOIN cmf_game_room as b on a.room_id = b.id  WHERE a.status = 0  [ RunTime:0.0018s ]
NOTIC: [8] Undefined index: url /home/wwwroot/default/application/Common/Controller/AppframeController.class.php 第 24 行.

[ 2018-05-26T07:39:21+08:00 ] 119.123.159.107 /index.php?g=Admin&m=Service&a=bill
INFO: [ app_begin ] --START--
INFO: Run Behavior\ReadHtmlCacheBehavior [ RunTime:0.000423s ]
INFO: Run Behavior\CheckLangBehavior [ RunTime:0.000551s ]
INFO: [ app_begin ] --END-- [ RunTime:0.001238s ]
SQL: SHOW COLUMNS FROM `cmf_users` [ RunTime:0.0032s ]
SQL: SELECT * FROM `cmf_users` WHERE ( id=1 ) LIMIT 1   [ RunTime:0.0020s ]
SQL: SHOW COLUMNS FROM `cmf_game_service` [ RunTime:0.0022s ]
SQL: SELECT a.*,b.room_name,b.room_no FROM cmf_game_service as a INNER JOIN cmf_game_room as b on a.room_id = b.id  WHERE a.status = 0  [ RunTime:0.0018s ]
NOTIC: [8] Undefined index: url /home/wwwroot/default/application/Common/Controller/AppframeController.class.php 第 24 行.

[ 2018-05-26T07:39:23+08:00 ] 119.123.159.107 /index.php?g=Admin&m=Service&a=bill
INFO: [ app_begin ] --START--
INFO: Run Behavior\ReadHtmlCacheBehavior [ RunTime:0.000416s ]
INFO: Run Behavior\CheckLangBehavior [ RunTime:0.000573s ]
INFO: [ app_begin ] --END-- [ RunTime:0.001260s ]
SQL: SHOW COLUMNS FROM `cmf_users` [ RunTime:0.0025s ]
SQL: SELECT * FROM `cmf_users` WHERE ( id=1 ) LIMIT 1   [ RunTime:0.0019s ]
SQL: SHOW COLUMNS FROM `cmf_game_service` [ RunTime:0.0020s ]
SQL: SELECT a.*,b.room_name,b.room_no FROM cmf_game_service as a INNER JOIN cmf_game_room as b on a.room_id = b.id  WHERE a.status = 0  [ RunTime:0.0017s ]
NOTIC: [8] Undefined index: url /home/wwwroot/default/application/Common/Controller/AppframeController.class.php 第 24 行.

[ 2018-05-26T07:39:25+08:00 ] 119.123.159.107 /index.php?g=Admin&m=Service&a=bill
INFO: [ app_begin ] --START--
INFO: Run Behavior\ReadHtmlCacheBehavior [ RunTime:0.000382s ]
INFO: Run Behavior\CheckLangBehavior [ RunTime:0.000616s ]
INFO: [ app_begin ] --END-- [ RunTime:0.001263s ]
SQL: SHOW COLUMNS FROM `cmf_users` [ RunTime:0.0025s ]
SQL: SELECT * FROM `cmf_users` WHERE ( id=1 ) LIMIT 1   [ RunTime:0.0017s ]
SQL: SHOW COLUMNS FROM `cmf_game_service` [ RunTime:0.0018s ]
SQL: SELECT a.*,b.room_name,b.room_no FROM cmf_game_service as a INNER JOIN cmf_game_room as b on a.room_id = b.id  WHERE a.status = 0  [ RunTime:0.0015s ]
NOTIC: [8] Undefined index: url /home/wwwroot/default/application/Common/Controller/AppframeController.class.php 第 24 行.

[ 2018-05-26T07:39:49+08:00 ] 119.123.159.107 /index.php?g=Admin&m=Service&a=bill
INFO: [ app_begin ] --START--
INFO: Run Behavior\ReadHtmlCacheBehavior [ RunTime:0.000419s ]
INFO: Run Behavior\CheckLangBehavior [ RunTime:0.000582s ]
INFO: [ app_begin ] --END-- [ RunTime:0.001272s ]
SQL: SHOW COLUMNS FROM `cmf_users` [ RunTime:0.0022s ]
SQL: SELECT * FROM `cmf_users` WHERE ( id=1 ) LIMIT 1   [ RunTime:0.0015s ]
SQL: SHOW COLUMNS FROM `cmf_game_service` [ RunTime:0.0016s ]
SQL: SELECT a.*,b.room_name,b.room_no FROM cmf_game_service as a INNER JOIN cmf_game_room as b on a.room_id = b.id  WHERE a.status = 0  [ RunTime:0.0013s ]
NOTIC: [8] Undefined index: url /home/wwwroot/default/application/Common/Controller/AppframeController.class.php 第 24 行.

[ 2018-05-26T07:39:49+08:00 ] 119.123.159.107 /index.php?g=Admin&m=Service&a=bill
INFO: [ app_begin ] --START--
INFO: Run Behavior\ReadHtmlCacheBehavior [ RunTime:0.000357s ]
INFO: Run Behavior\CheckLangBehavior [ RunTime:0.000638s ]
INFO: [ app_begin ] --END-- [ RunTime:0.001255s ]
SQL: SHOW COLUMNS FROM `cmf_users` [ RunTime:0.0021s ]
SQL: SELECT * FROM `cmf_users` WHERE ( id=1 ) LIMIT 1   [ RunTime:0.0014s ]
SQL: SHOW COLUMNS FROM `cmf_game_service` [ RunTime:0.0016s ]
SQL: SELECT a.*,b.room_name,b.room_no FROM cmf_game_service as a INNER JOIN cmf_game_room as b on a.room_id = b.id  WHERE a.status = 0  [ RunTime:0.0013s ]
NOTIC: [8] Undefined index: url /home/wwwroot/default/application/Common/Controller/AppframeController.class.php 第 24 行.

[ 2018-05-26T07:39:50+08:00 ] 119.123.159.107 /index.php?g=Admin&m=Service&a=bill
INFO: [ app_begin ] --START--
INFO: Run Behavior\ReadHtmlCacheBehavior [ RunTime:0.000422s ]
INFO: Run Behavior\CheckLangBehavior [ RunTime:0.000629s ]
INFO: [ app_begin ] --END-- [ RunTime:0.001368s ]
SQL: SHOW COLUMNS FROM `cmf_users` [ RunTime:0.0032s ]
SQL: SELECT * FROM `cmf_users` WHERE ( id=1 ) LIMIT 1   [ RunTime:0.0024s ]
SQL: SHOW COLUMNS FROM `cmf_game_service` [ RunTime:0.0025s ]
SQL: SELECT a.*,b.room_name,b.room_no FROM cmf_game_service as a INNER JOIN cmf_game_room as b on a.room_id = b.id  WHERE a.status = 0  [ RunTime:0.0022s ]
NOTIC: [8] Undefined index: url /home/wwwroot/default/application/Common/Controller/AppframeController.class.php 第 24 行.

[ 2018-05-26T07:39:51+08:00 ] 119.123.159.107 /index.php?g=Admin&m=Service&a=bill
INFO: [ app_begin ] --START--
INFO: Run Behavior\ReadHtmlCacheBehavior [ RunTime:0.000395s ]
INFO: Run Behavior\CheckLangBehavior [ RunTime:0.000621s ]
INFO: [ app_begin ] --END-- [ RunTime:0.001309s ]
SQL: SHOW COLUMNS FROM `cmf_users` [ RunTime:0.0026s ]
SQL: SELECT * FROM `cmf_users` WHERE ( id=1 ) LIMIT 1   [ RunTime:0.0019s ]
SQL: SHOW COLUMNS FROM `cmf_game_service` [ RunTime:0.0020s ]
SQL: SELECT a.*,b.room_name,b.room_no FROM cmf_game_service as a INNER JOIN cmf_game_room as b on a.room_id = b.id  WHERE a.status = 0  [ RunTime:0.0018s ]
NOTIC: [8] Undefined index: url /home/wwwroot/default/application/Common/Controller/AppframeController.class.php 第 24 行.

[ 2018-05-26T07:39:53+08:00 ] 119.123.159.107 /index.php?g=Admin&m=Service&a=bill
INFO: [ app_begin ] --START--
INFO: Run Behavior\ReadHtmlCacheBehavior [ RunTime:0.000393s ]
INFO: Run Behavior\CheckLangBehavior [ RunTime:0.000684s ]
INFO: [ app_begin ] --END-- [ RunTime:0.001372s ]
SQL: SHOW COLUMNS FROM `cmf_users` [ RunTime:0.0027s ]
SQL: SELECT * FROM `cmf_users` WHERE ( id=1 ) LIMIT 1   [ RunTime:0.0019s ]
SQL: SHOW COLUMNS FROM `cmf_game_service` [ RunTime:0.0020s ]
SQL: SELECT a.*,b.room_name,b.room_no FROM cmf_game_service as a INNER JOIN cmf_game_room as b on a.room_id = b.id  WHERE a.status = 0  [ RunTime:0.0017s ]
NOTIC: [8] Undefined index: url /home/wwwroot/default/application/Common/Controller/AppframeController.class.php 第 24 行.

[ 2018-05-26T07:39:55+08:00 ] 119.123.159.107 /index.php?g=Admin&m=Service&a=bill
INFO: [ app_begin ] --START--
INFO: Run Behavior\ReadHtmlCacheBehavior [ RunTime:0.000381s ]
INFO: Run Behavior\CheckLangBehavior [ RunTime:0.000647s ]
INFO: [ app_begin ] --END-- [ RunTime:0.001310s ]
SQL: SHOW COLUMNS FROM `cmf_users` [ RunTime:0.0027s ]
SQL: SELECT * FROM `cmf_users` WHERE ( id=1 ) LIMIT 1   [ RunTime:0.0019s ]
SQL: SHOW COLUMNS FROM `cmf_game_service` [ RunTime:0.0021s ]
SQL: SELECT a.*,b.room_name,b.room_no FROM cmf_game_service as a INNER JOIN cmf_game_room as b on a.room_id = b.id  WHERE a.status = 0  [ RunTime:0.0017s ]
NOTIC: [8] Undefined index: url /home/wwwroot/default/application/Common/Controller/AppframeController.class.php 第 24 行.

[ 2018-05-26T07:40:19+08:00 ] 119.123.159.107 /index.php?g=Admin&m=Service&a=bill
INFO: [ app_begin ] --START--
INFO: Run Behavior\ReadHtmlCacheBehavior [ RunTime:0.000368s ]
INFO: Run Behavior\CheckLangBehavior [ RunTime:0.000637s ]
INFO: [ app_begin ] --END-- [ RunTime:0.001280s ]
SQL: SHOW COLUMNS FROM `cmf_users` [ RunTime:0.0024s ]
SQL: SELECT * FROM `cmf_users` WHERE ( id=1 ) LIMIT 1   [ RunTime:0.0016s ]
SQL: SHOW COLUMNS FROM `cmf_game_service` [ RunTime:0.0017s ]
SQL: SELECT a.*,b.room_name,b.room_no FROM cmf_game_service as a INNER JOIN cmf_game_room as b on a.room_id = b.id  WHERE a.status = 0  [ RunTime:0.0015s ]
NOTIC: [8] Undefined index: url /home/wwwroot/default/application/Common/Controller/AppframeController.class.php 第 24 行.

[ 2018-05-26T07:40:19+08:00 ] 119.123.159.107 /index.php?g=Admin&m=Service&a=bill
INFO: [ app_begin ] --START--
INFO: Run Behavior\ReadHtmlCacheBehavior [ RunTime:0.000407s ]
INFO: Run Behavior\CheckLangBehavior [ RunTime:0.000549s ]
INFO: [ app_begin ] --END-- [ RunTime:0.001220s ]
SQL: SHOW COLUMNS FROM `cmf_users` [ RunTime:0.0024s ]
SQL: SELECT * FROM `cmf_users` WHERE ( id=1 ) LIMIT 1   [ RunTime:0.0017s ]
SQL: SHOW COLUMNS FROM `cmf_game_service` [ RunTime:0.0018s ]
SQL: SELECT a.*,b.room_name,b.room_no FROM cmf_game_service as a INNER JOIN cmf_game_room as b on a.room_id = b.id  WHERE a.status = 0  [ RunTime:0.0015s ]
NOTIC: [8] Undefined index: url /home/wwwroot/default/application/Common/Controller/AppframeController.class.php 第 24 行.

[ 2018-05-26T07:40:20+08:00 ] 119.123.159.107 /index.php?g=Admin&m=Service&a=bill
INFO: [ app_begin ] --START--
INFO: Run Behavior\ReadHtmlCacheBehavior [ RunTime:0.000372s ]
INFO: Run Behavior\CheckLangBehavior [ RunTime:0.000625s ]
INFO: [ app_begin ] --END-- [ RunTime:0.001312s ]
SQL: SHOW COLUMNS FROM `cmf_users` [ RunTime:0.0026s ]
SQL: SELECT * FROM `cmf_users` WHERE ( id=1 ) LIMIT 1   [ RunTime:0.0018s ]
SQL: SHOW COLUMNS FROM `cmf_game_service` [ RunTime:0.0020s ]
SQL: SELECT a.*,b.room_name,b.room_no FROM cmf_game_service as a INNER JOIN cmf_game_room as b on a.room_id = b.id  WHERE a.status = 0  [ RunTime:0.0018s ]
NOTIC: [8] Undefined index: url /home/wwwroot/default/application/Common/Controller/AppframeController.class.php 第 24 行.

[ 2018-05-26T07:40:21+08:00 ] 119.123.159.107 /index.php?g=Admin&m=Service&a=bill
INFO: [ app_begin ] --START--
INFO: Run Behavior\ReadHtmlCacheBehavior [ RunTime:0.000363s ]
INFO: Run Behavior\CheckLangBehavior [ RunTime:0.000756s ]
INFO: [ app_begin ] --END-- [ RunTime:0.001395s ]
SQL: SHOW COLUMNS FROM `cmf_users` [ RunTime:0.0028s ]
SQL: SELECT * FROM `cmf_users` WHERE ( id=1 ) LIMIT 1   [ RunTime:0.0017s ]
SQL: SHOW COLUMNS FROM `cmf_game_service` [ RunTime:0.0020s ]
SQL: SELECT a.*,b.room_name,b.room_no FROM cmf_game_service as a INNER JOIN cmf_game_room as b on a.room_id = b.id  WHERE a.status = 0  [ RunTime:0.0015s ]
NOTIC: [8] Undefined index: url /home/wwwroot/default/application/Common/Controller/AppframeController.class.php 第 24 行.

[ 2018-05-26T07:40:23+08:00 ] 119.123.159.107 /index.php?g=Admin&m=Service&a=bill
INFO: [ app_begin ] --START--
INFO: Run Behavior\ReadHtmlCacheBehavior [ RunTime:0.000411s ]
INFO: Run Behavior\CheckLangBehavior [ RunTime:0.000576s ]
INFO: [ app_begin ] --END-- [ RunTime:0.001274s ]
SQL: SHOW COLUMNS FROM `cmf_users` [ RunTime:0.0025s ]
SQL: SELECT * FROM `cmf_users` WHERE ( id=1 ) LIMIT 1   [ RunTime:0.0018s ]
SQL: SHOW COLUMNS FROM `cmf_game_service` [ RunTime:0.0020s ]
SQL: SELECT a.*,b.room_name,b.room_no FROM cmf_game_service as a INNER JOIN cmf_game_room as b on a.room_id = b.id  WHERE a.status = 0  [ RunTime:0.0017s ]
NOTIC: [8] Undefined index: url /home/wwwroot/default/application/Common/Controller/AppframeController.class.php 第 24 行.

[ 2018-05-26T07:40:25+08:00 ] 119.123.159.107 /index.php?g=Admin&m=Service&a=bill
INFO: [ app_begin ] --START--
INFO: Run Behavior\ReadHtmlCacheBehavior [ RunTime:0.000395s ]
INFO: Run Behavior\CheckLangBehavior [ RunTime:0.000624s ]
INFO: [ app_begin ] --END-- [ RunTime:0.001312s ]
SQL: SHOW COLUMNS FROM `cmf_users` [ RunTime:0.0030s ]
SQL: SELECT * FROM `cmf_users` WHERE ( id=1 ) LIMIT 1   [ RunTime:0.0017s ]
SQL: SHOW COLUMNS FROM `cmf_game_service` [ RunTime:0.0021s ]
SQL: SELECT a.*,b.room_name,b.room_no FROM cmf_game_service as a INNER JOIN cmf_game_room as b on a.room_id = b.id  WHERE a.status = 0  [ RunTime:0.0016s ]
NOTIC: [8] Undefined index: url /home/wwwroot/default/application/Common/Controller/AppframeController.class.php 第 24 行.

[ 2018-05-26T07:40:49+08:00 ] 119.123.159.107 /index.php?g=Admin&m=Service&a=bill
INFO: [ app_begin ] --START--
INFO: Run Behavior\ReadHtmlCacheBehavior [ RunTime:0.000410s ]
INFO: Run Behavior\CheckLangBehavior [ RunTime:0.000576s ]
INFO: [ app_begin ] --END-- [ RunTime:0.001254s ]
SQL: SHOW COLUMNS FROM `cmf_users` [ RunTime:0.0026s ]
SQL: SELECT * FROM `cmf_users` WHERE ( id=1 ) LIMIT 1   [ RunTime:0.0019s ]
SQL: SHOW COLUMNS FROM `cmf_game_service` [ RunTime:0.0020s ]
SQL: SELECT a.*,b.room_name,b.room_no FROM cmf_game_service as a INNER JOIN cmf_game_room as b on a.room_id = b.id  WHERE a.status = 0  [ RunTime:0.0017s ]
NOTIC: [8] Undefined index: url /home/wwwroot/default/application/Common/Controller/AppframeController.class.php 第 24 行.

[ 2018-05-26T07:40:49+08:00 ] 119.123.159.107 /index.php?g=Admin&m=Service&a=bill
INFO: [ app_begin ] --START--
INFO: Run Behavior\ReadHtmlCacheBehavior [ RunTime:0.000413s ]
INFO: Run Behavior\CheckLangBehavior [ RunTime:0.000574s ]
INFO: [ app_begin ] --END-- [ RunTime:0.001255s ]
SQL: SHOW COLUMNS FROM `cmf_users` [ RunTime:0.0021s ]
SQL: SELECT * FROM `cmf_users` WHERE ( id=1 ) LIMIT 1   [ RunTime:0.0014s ]
SQL: SHOW COLUMNS FROM `cmf_game_service` [ RunTime:0.0015s ]
SQL: SELECT a.*,b.room_name,b.room_no FROM cmf_game_service as a INNER JOIN cmf_game_room as b on a.room_id = b.id  WHERE a.status = 0  [ RunTime:0.0013s ]
NOTIC: [8] Undefined index: url /home/wwwroot/default/application/Common/Controller/AppframeController.class.php 第 24 行.

[ 2018-05-26T07:40:50+08:00 ] 119.123.159.107 /index.php?g=Admin&m=Service&a=bill
INFO: [ app_begin ] --START--
INFO: Run Behavior\ReadHtmlCacheBehavior [ RunTime:0.000420s ]
INFO: Run Behavior\CheckLangBehavior [ RunTime:0.000575s ]
INFO: [ app_begin ] --END-- [ RunTime:0.001265s ]
SQL: SHOW COLUMNS FROM `cmf_users` [ RunTime:0.0021s ]
SQL: SELECT * FROM `cmf_users` WHERE ( id=1 ) LIMIT 1   [ RunTime:0.0014s ]
SQL: SHOW COLUMNS FROM `cmf_game_service` [ RunTime:0.0016s ]
SQL: SELECT a.*,b.room_name,b.room_no FROM cmf_game_service as a INNER JOIN cmf_game_room as b on a.room_id = b.id  WHERE a.status = 0  [ RunTime:0.0013s ]
NOTIC: [8] Undefined index: url /home/wwwroot/default/application/Common/Controller/AppframeController.class.php 第 24 行.

[ 2018-05-26T07:40:51+08:00 ] 119.123.159.107 /index.php?g=Admin&m=Service&a=bill
INFO: [ app_begin ] --START--
INFO: Run Behavior\ReadHtmlCacheBehavior [ RunTime:0.000418s ]
INFO: Run Behavior\CheckLangBehavior [ RunTime:0.000578s ]
INFO: [ app_begin ] --END-- [ RunTime:0.001267s ]
SQL: SHOW COLUMNS FROM `cmf_users` [ RunTime:0.0030s ]
SQL: SELECT * FROM `cmf_users` WHERE ( id=1 ) LIMIT 1   [ RunTime:0.0022s ]
SQL: SHOW COLUMNS FROM `cmf_game_service` [ RunTime:0.0024s ]
SQL: SELECT a.*,b.room_name,b.room_no FROM cmf_game_service as a INNER JOIN cmf_game_room as b on a.room_id = b.id  WHERE a.status = 0  [ RunTime:0.0021s ]
NOTIC: [8] Undefined index: url /home/wwwroot/default/application/Common/Controller/AppframeController.class.php 第 24 行.

[ 2018-05-26T07:40:53+08:00 ] 119.123.159.107 /index.php?g=Admin&m=Service&a=bill
INFO: [ app_begin ] --START--
INFO: Run Behavior\ReadHtmlCacheBehavior [ RunTime:0.000416s ]
INFO: Run Behavior\CheckLangBehavior [ RunTime:0.000570s ]
INFO: [ app_begin ] --END-- [ RunTime:0.001259s ]
SQL: SHOW COLUMNS FROM `cmf_users` [ RunTime:0.0029s ]
SQL: SELECT * FROM `cmf_users` WHERE ( id=1 ) LIMIT 1   [ RunTime:0.0022s ]
SQL: SHOW COLUMNS FROM `cmf_game_service` [ RunTime:0.0025s ]
SQL: SELECT a.*,b.room_name,b.room_no FROM cmf_game_service as a INNER JOIN cmf_game_room as b on a.room_id = b.id  WHERE a.status = 0  [ RunTime:0.0020s ]
NOTIC: [8] Undefined index: url /home/wwwroot/default/application/Common/Controller/AppframeController.class.php 第 24 行.

[ 2018-05-26T07:40:55+08:00 ] 119.123.159.107 /index.php?g=Admin&m=Service&a=bill
INFO: [ app_begin ] --START--
INFO: Run Behavior\ReadHtmlCacheBehavior [ RunTime:0.000366s ]
INFO: Run Behavior\CheckLangBehavior [ RunTime:0.000624s ]
INFO: [ app_begin ] --END-- [ RunTime:0.001266s ]
SQL: SHOW COLUMNS FROM `cmf_users` [ RunTime:0.0029s ]
SQL: SELECT * FROM `cmf_users` WHERE ( id=1 ) LIMIT 1   [ RunTime:0.0022s ]
SQL: SHOW COLUMNS FROM `cmf_game_service` [ RunTime:0.0026s ]
SQL: SELECT a.*,b.room_name,b.room_no FROM cmf_game_service as a INNER JOIN cmf_game_room as b on a.room_id = b.id  WHERE a.status = 0  [ RunTime:0.0020s ]
NOTIC: [8] Undefined index: url /home/wwwroot/default/application/Common/Controller/AppframeController.class.php 第 24 行.

[ 2018-05-26T07:41:19+08:00 ] 119.123.159.107 /index.php?g=Admin&m=Service&a=bill
INFO: [ app_begin ] --START--
INFO: Run Behavior\ReadHtmlCacheBehavior [ RunTime:0.000540s ]
INFO: Run Behavior\CheckLangBehavior [ RunTime:0.000789s ]
INFO: [ app_begin ] --END-- [ RunTime:0.001699s ]
SQL: SHOW COLUMNS FROM `cmf_users` [ RunTime:0.0021s ]
SQL: SELECT * FROM `cmf_users` WHERE ( id=1 ) LIMIT 1   [ RunTime:0.0014s ]
SQL: SHOW COLUMNS FROM `cmf_game_service` [ RunTime:0.0015s ]
SQL: SELECT a.*,b.room_name,b.room_no FROM cmf_game_service as a INNER JOIN cmf_game_room as b on a.room_id = b.id  WHERE a.status = 0  [ RunTime:0.0013s ]
NOTIC: [8] Undefined index: url /home/wwwroot/default/application/Common/Controller/AppframeController.class.php 第 24 行.

[ 2018-05-26T07:41:19+08:00 ] 119.123.159.107 /index.php?g=Admin&m=Service&a=bill
INFO: [ app_begin ] --START--
INFO: Run Behavior\ReadHtmlCacheBehavior [ RunTime:0.000513s ]
INFO: Run Behavior\CheckLangBehavior [ RunTime:0.000796s ]
INFO: [ app_begin ] --END-- [ RunTime:0.001697s ]
SQL: SHOW COLUMNS FROM `cmf_users` [ RunTime:0.0023s ]
SQL: SELECT * FROM `cmf_users` WHERE ( id=1 ) LIMIT 1   [ RunTime:0.0017s ]
SQL: SHOW COLUMNS FROM `cmf_game_service` [ RunTime:0.0018s ]
SQL: SELECT a.*,b.room_name,b.room_no FROM cmf_game_service as a INNER JOIN cmf_game_room as b on a.room_id = b.id  WHERE a.status = 0  [ RunTime:0.0015s ]
NOTIC: [8] Undefined index: url /home/wwwroot/default/application/Common/Controller/AppframeController.class.php 第 24 行.

[ 2018-05-26T07:41:20+08:00 ] 119.123.159.107 /index.php?g=Admin&m=Service&a=bill
INFO: [ app_begin ] --START--
INFO: Run Behavior\ReadHtmlCacheBehavior [ RunTime:0.000369s ]
INFO: Run Behavior\CheckLangBehavior [ RunTime:0.000645s ]
INFO: [ app_begin ] --END-- [ RunTime:0.001289s ]
SQL: SHOW COLUMNS FROM `cmf_users` [ RunTime:0.0025s ]
SQL: SELECT * FROM `cmf_users` WHERE ( id=1 ) LIMIT 1   [ RunTime:0.0018s ]
SQL: SHOW COLUMNS FROM `cmf_game_service` [ RunTime:0.0018s ]
SQL: SELECT a.*,b.room_name,b.room_no FROM cmf_game_service as a INNER JOIN cmf_game_room as b on a.room_id = b.id  WHERE a.status = 0  [ RunTime:0.0015s ]
NOTIC: [8] Undefined index: url /home/wwwroot/default/application/Common/Controller/AppframeController.class.php 第 24 行.

[ 2018-05-26T07:41:21+08:00 ] 119.123.159.107 /index.php?g=Admin&m=Service&a=bill
INFO: [ app_begin ] --START--
INFO: Run Behavior\ReadHtmlCacheBehavior [ RunTime:0.000364s ]
INFO: Run Behavior\CheckLangBehavior [ RunTime:0.000622s ]
INFO: [ app_begin ] --END-- [ RunTime:0.001257s ]
SQL: SHOW COLUMNS FROM `cmf_users` [ RunTime:0.0030s ]
SQL: SELECT * FROM `cmf_users` WHERE ( id=1 ) LIMIT 1   [ RunTime:0.0022s ]
SQL: SHOW COLUMNS FROM `cmf_game_service` [ RunTime:0.0023s ]
SQL: SELECT a.*,b.room_name,b.room_no FROM cmf_game_service as a INNER JOIN cmf_game_room as b on a.room_id = b.id  WHERE a.status = 0  [ RunTime:0.0020s ]
NOTIC: [8] Undefined index: url /home/wwwroot/default/application/Common/Controller/AppframeController.class.php 第 24 行.

[ 2018-05-26T07:41:23+08:00 ] 119.123.159.107 /index.php?g=Admin&m=Service&a=bill
INFO: [ app_begin ] --START--
INFO: Run Behavior\ReadHtmlCacheBehavior [ RunTime:0.000367s ]
INFO: Run Behavior\CheckLangBehavior [ RunTime:0.000630s ]
INFO: [ app_begin ] --END-- [ RunTime:0.001270s ]
SQL: SHOW COLUMNS FROM `cmf_users` [ RunTime:0.0026s ]
SQL: SELECT * FROM `cmf_users` WHERE ( id=1 ) LIMIT 1   [ RunTime:0.0019s ]
SQL: SHOW COLUMNS FROM `cmf_game_service` [ RunTime:0.0019s ]
SQL: SELECT a.*,b.room_name,b.room_no FROM cmf_game_service as a INNER JOIN cmf_game_room as b on a.room_id = b.id  WHERE a.status = 0  [ RunTime:0.0017s ]
NOTIC: [8] Undefined index: url /home/wwwroot/default/application/Common/Controller/AppframeController.class.php 第 24 行.

[ 2018-05-26T07:41:25+08:00 ] 119.123.159.107 /index.php?g=Admin&m=Service&a=bill
INFO: [ app_begin ] --START--
INFO: Run Behavior\ReadHtmlCacheBehavior [ RunTime:0.000400s ]
INFO: Run Behavior\CheckLangBehavior [ RunTime:0.000680s ]
INFO: [ app_begin ] --END-- [ RunTime:0.001359s ]
SQL: SHOW COLUMNS FROM `cmf_users` [ RunTime:0.0022s ]
SQL: SELECT * FROM `cmf_users` WHERE ( id=1 ) LIMIT 1   [ RunTime:0.0015s ]
SQL: SHOW COLUMNS FROM `cmf_game_service` [ RunTime:0.0016s ]
SQL: SELECT a.*,b.room_name,b.room_no FROM cmf_game_service as a INNER JOIN cmf_game_room as b on a.room_id = b.id  WHERE a.status = 0  [ RunTime:0.0013s ]
NOTIC: [8] Undefined index: url /home/wwwroot/default/application/Common/Controller/AppframeController.class.php 第 24 行.

